Using pre-set license
Built from '6000.0/staging' branch; Version is '6000.0.27f1 (27c554a2199c) revision 2606420'; Using compiler version '193933523'; Build Type 'Release'
OS: 'Windows 11  (10.0.26100) 64bit Core' Language: 'en' Physical Memory: 32496 MB
BatchMode: 1, IsHumanControllingUs: 0, StartBugReporterOnCrash: 0, Is64bit: 1, IsPro: 1

COMMAND LINE ARGUMENTS:
C:\Program Files\Unity\Hub\Editor\6000.0.27f1\Editor\Unity.exe
-adb2
-batchMode
-noUpm
-name
AssetImportWorker2
-projectPath
C:/Users/kprof/OneDrive/Desktop/NewMediaProject/ReverseRolesGame
-logFile
Logs/AssetImportWorker2.log
-srvPort
57261
-job-worker-count
15
-background-job-worker-count
8
-asset-garbage-collectors
1
Successfully changed project path to: C:/Users/kprof/OneDrive/Desktop/NewMediaProject/ReverseRolesGame
C:/Users/kprof/OneDrive/Desktop/NewMediaProject/ReverseRolesGame
[UnityMemory] Configuration Parameters - Can be set up in boot.config
    "memorysetup-bucket-allocator-granularity=16"
    "memorysetup-bucket-allocator-bucket-count=8"
    "memorysetup-bucket-allocator-block-size=33554432"
    "memorysetup-bucket-allocator-block-count=8"
    "memorysetup-main-allocator-block-size=16777216"
    "memorysetup-thread-allocator-block-size=16777216"
    "memorysetup-gfx-main-allocator-block-size=16777216"
    "memorysetup-gfx-thread-allocator-block-size=16777216"
    "memorysetup-cache-allocator-block-size=4194304"
    "memorysetup-typetree-allocator-block-size=2097152"
    "memorysetup-profiler-bucket-allocator-granularity=16"
    "memorysetup-profiler-bucket-allocator-bucket-count=8"
    "memorysetup-profiler-bucket-allocator-block-size=33554432"
    "memorysetup-profiler-bucket-allocator-block-count=8"
    "memorysetup-profiler-allocator-block-size=16777216"
    "memorysetup-profiler-editor-allocator-block-size=1048576"
    "memorysetup-temp-allocator-size-main=16777216"
    "memorysetup-job-temp-allocator-block-size=2097152"
    "memorysetup-job-temp-allocator-block-size-background=1048576"
    "memorysetup-job-temp-allocator-reduction-small-platforms=262144"
    "memorysetup-allocator-temp-initial-block-size-main=262144"
    "memorysetup-allocator-temp-initial-block-size-worker=262144"
    "memorysetup-temp-allocator-size-background-worker=32768"
    "memorysetup-temp-allocator-size-job-worker=262144"
    "memorysetup-temp-allocator-size-preload-manager=33554432"
    "memorysetup-temp-allocator-size-nav-mesh-worker=65536"
    "memorysetup-temp-allocator-size-audio-worker=65536"
    "memorysetup-temp-allocator-size-cloud-worker=32768"
    "memorysetup-temp-allocator-size-gi-baking-worker=262144"
    "memorysetup-temp-allocator-size-gi-baking-worker=262144"
    "memorysetup-temp-allocator-size-gi-baking-worker=262144"
    "memorysetup-temp-allocator-size-gi-baking-worker=262144"
    "memorysetup-temp-allocator-size-gi-baking-worker=262144"
    "memorysetup-temp-allocator-size-gfx=262144"
Player connection [28372]  Target information:

Player connection [28372]  * "[IP] 10.250.32.72 [Port] 0 [Flags] 2 [Guid] 1903739167 [EditorId] 1903739167 [Version] 1048832 [Id] WindowsEditor(7,WIN-K2P1ST5H3LU) [Debug] 1 [PackageName] WindowsEditor [ProjectName] Editor" 

Player connection [28372] Host joined multi-casting on [225.0.0.222:54997]...
Player connection [28372] Host joined alternative multi-casting on [225.0.0.222:34997]...
JobSystem: Creating JobQueue using job-worker-count value 15
[Physics::Module] Initialized fallback backend.
[Physics::Module] Id: 0xdecafbad
Library Redirect Path: Library/
[Physics::Module] Selected backend.
[Physics::Module] Name: PhysX
[Physics::Module] Id: 0xf2b8ea05
[Physics::Module] SDK Version: 4.1.2
[Physics::Module] Integration Version: 1.0.0
[Physics::Module] Threading Mode: Multi-Threaded
Refreshing native plugins compatible for Editor in 241.88 ms, found 3 plugins.
Preloading 0 native plugins for Editor in 0.00 ms.
Initialize engine version: 6000.0.27f1 (27c554a2199c)
[Subsystems] Discovering subsystems at path C:/Program Files/Unity/Hub/Editor/6000.0.27f1/Editor/Data/Resources/UnitySubsystems
[Subsystems] Discovering subsystems at path C:/Users/kprof/OneDrive/Desktop/NewMediaProject/ReverseRolesGame/Assets
GfxDevice: creating device client; kGfxThreadingModeNonThreaded
Direct3D:
    Version:  Direct3D 11.0 [level 11.1]
    Renderer: NVIDIA GeForce RTX 4070 Laptop GPU (ID=0x2820)
    Vendor:   NVIDIA
    VRAM:     7948 MB
    Driver:   32.0.15.6614
Initialize mono
Mono path[0] = 'C:/Program Files/Unity/Hub/Editor/6000.0.27f1/Editor/Data/Managed'
Mono path[1] = 'C:/Program Files/Unity/Hub/Editor/6000.0.27f1/Editor/Data/MonoBleedingEdge/lib/mono/unityjit-win32'
Mono config path = 'C:/Program Files/Unity/Hub/Editor/6000.0.27f1/Editor/Data/MonoBleedingEdge/etc'
Using monoOptions --debugger-agent=transport=dt_socket,embedding=1,server=y,suspend=n,address=127.0.0.1:56116
Begin MonoManager ReloadAssembly
Registering precompiled unity dll's ...
Register platform support module: C:/Program Files/Unity/Hub/Editor/6000.0.27f1/Editor/Data/PlaybackEngines/WebGLSupport/UnityEditor.WebGL.Extensions.dll
Register platform support module: C:/Program Files/Unity/Hub/Editor/6000.0.27f1/Editor/Data/PlaybackEngines/WindowsStandaloneSupport/UnityEditor.WindowsStandalone.Extensions.dll
Registered in 0.004601 seconds.
- Loaded All Assemblies, in  2.481 seconds
Native extension for WindowsStandalone target not found
Native extension for WebGL target not found
Mono: successfully reloaded assembly
- Finished resetting the current domain, in  0.245 seconds
Domain Reload Profiling: 2725ms
	BeginReloadAssembly (102ms)
		ExecutionOrderSort (0ms)
		DisableScriptedObjects (0ms)
		BackupInstance (0ms)
		ReleaseScriptingObjects (0ms)
		CreateAndSetChildDomain (1ms)
	RebuildCommonClasses (419ms)
	RebuildNativeTypeToScriptingClass (7ms)
	initialDomainReloadingComplete (37ms)
	LoadAllAssembliesAndSetupDomain (1916ms)
		LoadAssemblies (100ms)
		RebuildTransferFunctionScriptingTraits (0ms)
		AnalyzeDomain (1914ms)
			TypeCache.Refresh (1913ms)
				TypeCache.ScanAssembly (1903ms)
			BuildScriptInfoCaches (0ms)
			ResolveRequiredComponents (0ms)
	FinalizeReload (245ms)
		ReleaseScriptCaches (0ms)
		RebuildScriptCaches (0ms)
		SetupLoadedEditorAssemblies (216ms)
			LogAssemblyErrors (0ms)
			InitializePlatformSupportModulesInManaged (19ms)
			SetLoadedEditorAssemblies (3ms)
			BeforeProcessingInitializeOnLoad (6ms)
			ProcessInitializeOnLoadAttributes (145ms)
			ProcessInitializeOnLoadMethodAttributes (41ms)
			AfterProcessingInitializeOnLoad (2ms)
			EditorAssembliesLoaded (0ms)
		ExecutionOrderSort2 (0ms)
		AwakeInstancesAfterBackupRestoration (0ms)
========================================================================
Worker process is ready to serve import requests
Import Worker Mode flag is 0x00
Begin MonoManager ReloadAssembly
- Loaded All Assemblies, in  3.066 seconds
Refreshing native plugins compatible for Editor in 0.55 ms, found 3 plugins.
Native extension for WindowsStandalone target not found
Native extension for WebGL target not found
Mono: successfully reloaded assembly
- Finished resetting the current domain, in  0.996 seconds
Domain Reload Profiling: 4059ms
	BeginReloadAssembly (2481ms)
		ExecutionOrderSort (0ms)
		DisableScriptedObjects (4ms)
		BackupInstance (0ms)
		ReleaseScriptingObjects (0ms)
		CreateAndSetChildDomain (22ms)
	RebuildCommonClasses (23ms)
	RebuildNativeTypeToScriptingClass (7ms)
	initialDomainReloadingComplete (27ms)
	LoadAllAssembliesAndSetupDomain (524ms)
		LoadAssemblies (282ms)
		RebuildTransferFunctionScriptingTraits (0ms)
		AnalyzeDomain (309ms)
			TypeCache.Refresh (247ms)
				TypeCache.ScanAssembly (111ms)
			BuildScriptInfoCaches (53ms)
			ResolveRequiredComponents (7ms)
	FinalizeReload (996ms)
		ReleaseScriptCaches (0ms)
		RebuildScriptCaches (0ms)
		SetupLoadedEditorAssemblies (456ms)
			LogAssemblyErrors (0ms)
			InitializePlatformSupportModulesInManaged (2ms)
			SetLoadedEditorAssemblies (4ms)
			BeforeProcessingInitializeOnLoad (53ms)
			ProcessInitializeOnLoadAttributes (342ms)
			ProcessInitializeOnLoadMethodAttributes (49ms)
			AfterProcessingInitializeOnLoad (5ms)
			EditorAssembliesLoaded (0ms)
		ExecutionOrderSort2 (0ms)
		AwakeInstancesAfterBackupRestoration (5ms)
Launched and connected shader compiler UnityShaderCompiler.exe after 0.02 seconds
Refreshing native plugins compatible for Editor in 1.99 ms, found 3 plugins.
Preloading 0 native plugins for Editor in 0.00 ms.
Unloading 215 Unused Serialized files (Serialized files now loaded: 0)
Unloading 5964 unused Assets / (4.0 MB). Loaded Objects now: 6764.
Memory consumption went from 211.2 MB to 207.2 MB.
Total: 11.221900 ms (FindLiveObjects: 0.697300 ms CreateObjectMapping: 0.544600 ms MarkObjects: 7.331000 ms  DeleteObjects: 2.645300 ms)

========================================================================
Received Import Request.
  Time since last request: 173487.032485 seconds.
  path: Assets/Props/Prefabs/EmaceArt/Slavic World Free/Prefabs/Fence/rockDesk/EA03_Fence_rockDesk_End_01a_PRE.prefab
  artifactKey: Guid(4e10276c0d50e804e96c8e0c88e88ba5) Importer(815301076,1909f56bfc062723c751e8b465ee728b)
Start importing Assets/Props/Prefabs/EmaceArt/Slavic World Free/Prefabs/Fence/rockDesk/EA03_Fence_rockDesk_End_01a_PRE.prefab using Guid(4e10276c0d50e804e96c8e0c88e88ba5) Importer(815301076,1909f56bfc062723c751e8b465ee728b) (PreviewImporter) -> (artifact id: 'f6f08e280b3a3bf6a0b12e875aa46ade') in 0.3467222 seconds
Number of updated asset objects reloaded before import = 0Number of asset objects unloaded after import = 23

========================================================================
Received Import Request.
  Time since last request: 7.590066 seconds.
  path: Assets/Props/Prefabs/EmaceArt/Slavic World Free/Prefabs/Fence/Wall/EA03_Fence_Wall_01d_PRE.prefab
  artifactKey: Guid(162e4f25bf762e74eaa8fef8d72a02a9) Importer(815301076,1909f56bfc062723c751e8b465ee728b)
Start importing Assets/Props/Prefabs/EmaceArt/Slavic World Free/Prefabs/Fence/Wall/EA03_Fence_Wall_01d_PRE.prefab using Guid(162e4f25bf762e74eaa8fef8d72a02a9) Importer(815301076,1909f56bfc062723c751e8b465ee728b) (PreviewImporter) -> (artifact id: '0046b133dff4e19ac87f135abcb48986') in 0.041955 seconds
Number of updated asset objects reloaded before import = 0Number of asset objects unloaded after import = 25

========================================================================
Received Import Request.
  Time since last request: 121.641164 seconds.
  path: Assets/Props/Prefabs/EmaceArt/Slavic World Free/Resources/LOD3/EA03_Nature_Tree_03b.fbx
  artifactKey: Guid(4d1c05dfe6108f84698a160ee267841f) Importer(815301076,1909f56bfc062723c751e8b465ee728b)
Start importing Assets/Props/Prefabs/EmaceArt/Slavic World Free/Resources/LOD3/EA03_Nature_Tree_03b.fbx using Guid(4d1c05dfe6108f84698a160ee267841f) Importer(815301076,1909f56bfc062723c751e8b465ee728b) (PreviewImporter) -> (artifact id: '4e61515244a2b9b7caef9329a946b9d7') in 0.1052586 seconds
Number of updated asset objects reloaded before import = 0Number of asset objects unloaded after import = 21

========================================================================
Received Import Request.
  Time since last request: 0.000026 seconds.
  path: Assets/Props/Prefabs/EmaceArt/Slavic World Free/Resources/LOD3/EA03_Prop_Container_Bale_01a.fbx
  artifactKey: Guid(b46259b262101f3409567ebbc98c8247) Importer(815301076,1909f56bfc062723c751e8b465ee728b)
Start importing Assets/Props/Prefabs/EmaceArt/Slavic World Free/Resources/LOD3/EA03_Prop_Container_Bale_01a.fbx using Guid(b46259b262101f3409567ebbc98c8247) Importer(815301076,1909f56bfc062723c751e8b465ee728b) (PreviewImporter) -> (artifact id: '96900f056e98ea1fe17c942de109d62d') in 0.0849964 seconds
Number of updated asset objects reloaded before import = 0Number of asset objects unloaded after import = 21

========================================================================
Received Import Request.
  Time since last request: 0.000022 seconds.
  path: Assets/Props/Prefabs/EmaceArt/Slavic World Free/Resources/LOD3/EA03_Prop_House_Shutter_01d.fbx
  artifactKey: Guid(7fe480ce6a490174a961d9d0ac9efc44) Importer(815301076,1909f56bfc062723c751e8b465ee728b)
Start importing Assets/Props/Prefabs/EmaceArt/Slavic World Free/Resources/LOD3/EA03_Prop_House_Shutter_01d.fbx using Guid(7fe480ce6a490174a961d9d0ac9efc44) Importer(815301076,1909f56bfc062723c751e8b465ee728b) (PreviewImporter) -> (artifact id: 'b498ac37ae53db961cafd78792a416e4') in 0.0546332 seconds
Number of updated asset objects reloaded before import = 0Number of asset objects unloaded after import = 21

========================================================================
Received Import Request.
  Time since last request: 0.000030 seconds.
  path: Assets/Props/Prefabs/EmaceArt/Slavic World Free/Resources/LOD3/EA03_Prop_Container_Chest_02a.fbx
  artifactKey: Guid(b6814f96c7f305e4f982c84f3d888a39) Importer(815301076,1909f56bfc062723c751e8b465ee728b)
Start importing Assets/Props/Prefabs/EmaceArt/Slavic World Free/Resources/LOD3/EA03_Prop_Container_Chest_02a.fbx using Guid(b6814f96c7f305e4f982c84f3d888a39) Importer(815301076,1909f56bfc062723c751e8b465ee728b) (PreviewImporter) -> (artifact id: '03e4631229b9f31d63c59a6e432582a1') in 0.0464591 seconds
Number of updated asset objects reloaded before import = 0Number of asset objects unloaded after import = 21

========================================================================
Received Import Request.
  Time since last request: 0.000027 seconds.
  path: Assets/Props/Prefabs/EmaceArt/Slavic World Free/Resources/LOD3/EA03_Prop_Container_Crate_01a.fbx
  artifactKey: Guid(c0c7b14491863c241a11772765f86d07) Importer(815301076,1909f56bfc062723c751e8b465ee728b)
Start importing Assets/Props/Prefabs/EmaceArt/Slavic World Free/Resources/LOD3/EA03_Prop_Container_Crate_01a.fbx using Guid(c0c7b14491863c241a11772765f86d07) Importer(815301076,1909f56bfc062723c751e8b465ee728b) (PreviewImporter) -> (artifact id: '42c1939203e7105fb09e77ddc540f644') in 0.0497412 seconds
Number of updated asset objects reloaded before import = 0Number of asset objects unloaded after import = 21

========================================================================
Received Import Request.
  Time since last request: 0.000023 seconds.
  path: Assets/Props/Prefabs/EmaceArt/Slavic World Free/Resources/LOD3/EA03_Prop_Pier_03d.fbx
  artifactKey: Guid(59e498c8b581e6941a0e1631a78dbe85) Importer(815301076,1909f56bfc062723c751e8b465ee728b)
Start importing Assets/Props/Prefabs/EmaceArt/Slavic World Free/Resources/LOD3/EA03_Prop_Pier_03d.fbx using Guid(59e498c8b581e6941a0e1631a78dbe85) Importer(815301076,1909f56bfc062723c751e8b465ee728b) (PreviewImporter) -> (artifact id: '87bd3ee17625b09fb88db6d327d8506a') in 0.0442575 seconds
Number of updated asset objects reloaded before import = 0Number of asset objects unloaded after import = 21

========================================================================
Received Import Request.
  Time since last request: 0.000022 seconds.
  path: Assets/Props/Prefabs/EmaceArt/Slavic World Free/Resources/LOD3/EA03_Plant_Grass_01d.fbx
  artifactKey: Guid(0112cde65927c774897cff6d38ff9663) Importer(815301076,1909f56bfc062723c751e8b465ee728b)
Start importing Assets/Props/Prefabs/EmaceArt/Slavic World Free/Resources/LOD3/EA03_Plant_Grass_01d.fbx using Guid(0112cde65927c774897cff6d38ff9663) Importer(815301076,1909f56bfc062723c751e8b465ee728b) (PreviewImporter) -> (artifact id: 'bc3cc6200c0056cb90895e618346bfb2') in 0.0483351 seconds
Number of updated asset objects reloaded before import = 0Number of asset objects unloaded after import = 21

========================================================================
Received Import Request.
  Time since last request: 0.000039 seconds.
  path: Assets/Props/Prefabs/EmaceArt/Slavic World Free/Resources/LOD3/EA03_Nature_TrunkPlant_01a.fbx
  artifactKey: Guid(6c18fd2532d959f4a9c4b5022ad24c64) Importer(815301076,1909f56bfc062723c751e8b465ee728b)
Start importing Assets/Props/Prefabs/EmaceArt/Slavic World Free/Resources/LOD3/EA03_Nature_TrunkPlant_01a.fbx using Guid(6c18fd2532d959f4a9c4b5022ad24c64) Importer(815301076,1909f56bfc062723c751e8b465ee728b) (PreviewImporter) -> (artifact id: '17021f771e6ea28bf20c265378b2fa4c') in 0.0535075 seconds
Number of updated asset objects reloaded before import = 0Number of asset objects unloaded after import = 21

========================================================================
Received Import Request.
  Time since last request: 0.000048 seconds.
  path: Assets/Props/Prefabs/EmaceArt/Slavic World Free/Resources/LOD3/EA03_Prop_House_Shutter_01a.fbx
  artifactKey: Guid(32fa229b2d542da4ea1b8de2d762355f) Importer(815301076,1909f56bfc062723c751e8b465ee728b)
Start importing Assets/Props/Prefabs/EmaceArt/Slavic World Free/Resources/LOD3/EA03_Prop_House_Shutter_01a.fbx using Guid(32fa229b2d542da4ea1b8de2d762355f) Importer(815301076,1909f56bfc062723c751e8b465ee728b) (PreviewImporter) -> (artifact id: 'd51b4133b84253949e8c53c7ed1e9fab') in 0.0466734 seconds
Number of updated asset objects reloaded before import = 0Number of asset objects unloaded after import = 21

========================================================================
Received Import Request.
  Time since last request: 0.000023 seconds.
  path: Assets/Props/Prefabs/EmaceArt/Slavic World Free/Resources/LOD3/EA03_Nature_Tree_03c.fbx
  artifactKey: Guid(e3fdb9070da8a244db7d0dac920a3e34) Importer(815301076,1909f56bfc062723c751e8b465ee728b)
Start importing Assets/Props/Prefabs/EmaceArt/Slavic World Free/Resources/LOD3/EA03_Nature_Tree_03c.fbx using Guid(e3fdb9070da8a244db7d0dac920a3e34) Importer(815301076,1909f56bfc062723c751e8b465ee728b) (PreviewImporter) -> (artifact id: '05448c5ae952fa239fded47eda42b6eb') in 0.0532969 seconds
Number of updated asset objects reloaded before import = 0Number of asset objects unloaded after import = 21

========================================================================
Received Import Request.
  Time since last request: 0.000025 seconds.
  path: Assets/Props/Prefabs/EmaceArt/Slavic World Free/Resources/LOD3/EA03_Prop_Container_Basket_02.fbx
  artifactKey: Guid(ecb9c0970df71054ba737cea1a00120c) Importer(815301076,1909f56bfc062723c751e8b465ee728b)
Start importing Assets/Props/Prefabs/EmaceArt/Slavic World Free/Resources/LOD3/EA03_Prop_Container_Basket_02.fbx using Guid(ecb9c0970df71054ba737cea1a00120c) Importer(815301076,1909f56bfc062723c751e8b465ee728b) (PreviewImporter) -> (artifact id: '872b6f1f95750459f94485b32ec7e622') in 0.043176 seconds
Number of updated asset objects reloaded before import = 0Number of asset objects unloaded after import = 21

========================================================================
Received Import Request.
  Time since last request: 0.000034 seconds.
  path: Assets/Props/Prefabs/EmaceArt/Slavic World Free/Resources/LOD3/EA03_Prop_Container_Bowl_01.fbx
  artifactKey: Guid(379f0651a43088c4e83e0b80e5982d95) Importer(815301076,1909f56bfc062723c751e8b465ee728b)
Start importing Assets/Props/Prefabs/EmaceArt/Slavic World Free/Resources/LOD3/EA03_Prop_Container_Bowl_01.fbx using Guid(379f0651a43088c4e83e0b80e5982d95) Importer(815301076,1909f56bfc062723c751e8b465ee728b) (PreviewImporter) -> (artifact id: 'f0278c589831b27da46644489d37d962') in 0.0448889 seconds
Number of updated asset objects reloaded before import = 0Number of asset objects unloaded after import = 21

========================================================================
Received Import Request.
  Time since last request: 0.000025 seconds.
  path: Assets/Props/Prefabs/EmaceArt/Slavic World Free/Resources/LOD3/EA03_Plant_Grass_01e.fbx
  artifactKey: Guid(c3f5ebd294edb9e468222b22e0edd694) Importer(815301076,1909f56bfc062723c751e8b465ee728b)
Start importing Assets/Props/Prefabs/EmaceArt/Slavic World Free/Resources/LOD3/EA03_Plant_Grass_01e.fbx using Guid(c3f5ebd294edb9e468222b22e0edd694) Importer(815301076,1909f56bfc062723c751e8b465ee728b) (PreviewImporter) -> (artifact id: 'f09f6c5335afebf8e19460c961f737f2') in 0.0456643 seconds
Number of updated asset objects reloaded before import = 0Number of asset objects unloaded after import = 21

========================================================================
Received Import Request.
  Time since last request: 0.000021 seconds.
  path: Assets/Props/Prefabs/EmaceArt/Slavic World Free/Resources/LOD3/EA03_Prop_Container_Basket_04a.fbx
  artifactKey: Guid(f6abdef6e96d7554bab4cae54ac1516d) Importer(815301076,1909f56bfc062723c751e8b465ee728b)
Start importing Assets/Props/Prefabs/EmaceArt/Slavic World Free/Resources/LOD3/EA03_Prop_Container_Basket_04a.fbx using Guid(f6abdef6e96d7554bab4cae54ac1516d) Importer(815301076,1909f56bfc062723c751e8b465ee728b) (PreviewImporter) -> (artifact id: 'ec5a739ada84d092d38fd42aa295cb8c') in 0.0414348 seconds
Number of updated asset objects reloaded before import = 0Number of asset objects unloaded after import = 21

========================================================================
Received Import Request.
  Time since last request: 0.000028 seconds.
  path: Assets/Props/Prefabs/EmaceArt/Slavic World Free/Resources/LOD3/EA03_Prop_House_Shelf_01g.fbx
  artifactKey: Guid(4fe658bda7c79114a9e825d286e3a6b8) Importer(815301076,1909f56bfc062723c751e8b465ee728b)
Start importing Assets/Props/Prefabs/EmaceArt/Slavic World Free/Resources/LOD3/EA03_Prop_House_Shelf_01g.fbx using Guid(4fe658bda7c79114a9e825d286e3a6b8) Importer(815301076,1909f56bfc062723c751e8b465ee728b) (PreviewImporter) -> (artifact id: '26bc8ba95dd76166aa062801d30ea3e4') in 0.0601897 seconds
Number of updated asset objects reloaded before import = 0Number of asset objects unloaded after import = 21

========================================================================
Received Import Request.
  Time since last request: 0.000033 seconds.
  path: Assets/Props/Prefabs/EmaceArt/Slavic World Free/Resources/LOD3/EA03_Prop_Crate_Under_Ceiling_01b.fbx
  artifactKey: Guid(25630030e2eaee246b24778a07935e05) Importer(815301076,1909f56bfc062723c751e8b465ee728b)
Start importing Assets/Props/Prefabs/EmaceArt/Slavic World Free/Resources/LOD3/EA03_Prop_Crate_Under_Ceiling_01b.fbx using Guid(25630030e2eaee246b24778a07935e05) Importer(815301076,1909f56bfc062723c751e8b465ee728b) (PreviewImporter) -> (artifact id: 'e0bc0d5da137e8fa4248af15fad01a23') in 0.0562416 seconds
Number of updated asset objects reloaded before import = 0Number of asset objects unloaded after import = 21

========================================================================
Received Import Request.
  Time since last request: 0.000029 seconds.
  path: Assets/Props/Prefabs/EmaceArt/Slavic World Free/Resources/LOD3/EA03_Prop_House_Hanger_01b.fbx
  artifactKey: Guid(3ec3980c47838d74a9b181fd252db2c0) Importer(815301076,1909f56bfc062723c751e8b465ee728b)
Start importing Assets/Props/Prefabs/EmaceArt/Slavic World Free/Resources/LOD3/EA03_Prop_House_Hanger_01b.fbx using Guid(3ec3980c47838d74a9b181fd252db2c0) Importer(815301076,1909f56bfc062723c751e8b465ee728b) (PreviewImporter) -> (artifact id: '169419543eeb04b2800535a2ae65b6e6') in 0.0567218 seconds
Number of updated asset objects reloaded before import = 0Number of asset objects unloaded after import = 21

========================================================================
Received Import Request.
  Time since last request: 0.000024 seconds.
  path: Assets/Props/Prefabs/EmaceArt/Slavic World Free/Resources/LOD3/EA03_Prop_Pier_04c.fbx
  artifactKey: Guid(5153584280d4f054389a1d693186807b) Importer(815301076,1909f56bfc062723c751e8b465ee728b)
Start importing Assets/Props/Prefabs/EmaceArt/Slavic World Free/Resources/LOD3/EA03_Prop_Pier_04c.fbx using Guid(5153584280d4f054389a1d693186807b) Importer(815301076,1909f56bfc062723c751e8b465ee728b) (PreviewImporter) -> (artifact id: 'f08ace33f98b6ba47c7dc9220e3e540d') in 0.0499043 seconds
Number of updated asset objects reloaded before import = 0Number of asset objects unloaded after import = 21

========================================================================
Received Import Request.
  Time since last request: 0.000028 seconds.
  path: Assets/Props/Prefabs/EmaceArt/Slavic World Free/Resources/LOD3/EA03_Prop_Brushwood_03a.fbx
  artifactKey: Guid(7711dbac294ab964da7ef592d0a651b0) Importer(815301076,1909f56bfc062723c751e8b465ee728b)
Start importing Assets/Props/Prefabs/EmaceArt/Slavic World Free/Resources/LOD3/EA03_Prop_Brushwood_03a.fbx using Guid(7711dbac294ab964da7ef592d0a651b0) Importer(815301076,1909f56bfc062723c751e8b465ee728b) (PreviewImporter) -> (artifact id: '07718c916a49e3c8f3be861d5b8b8c00') in 0.0377938 seconds
Number of updated asset objects reloaded before import = 0Number of asset objects unloaded after import = 21

Editor requested this worker to shutdown with reason: Scaling down because of idle timeout
AssetImportWorker is now disconnected from the server
Process exiting
Exiting without the bug reporter. Application will terminate with return code 0