Using pre-set license
Built from '6000.0/staging' branch; Version is '6000.0.27f1 (27c554a2199c) revision 2606420'; Using compiler version '193933523'; Build Type 'Release'
OS: 'Windows 11  (10.0.26100) 64bit Core' Language: 'en' Physical Memory: 32496 MB
BatchMode: 1, IsHumanControllingUs: 0, StartBugReporterOnCrash: 0, Is64bit: 1, IsPro: 1

COMMAND LINE ARGUMENTS:
C:\Program Files\Unity\Hub\Editor\6000.0.27f1\Editor\Unity.exe
-adb2
-batchMode
-noUpm
-name
AssetImportWorker10
-projectPath
C:/Users/kprof/OneDrive/Desktop/NewMediaProject/ReverseRolesGame
-logFile
Logs/AssetImportWorker10.log
-srvPort
57261
-job-worker-count
15
-background-job-worker-count
8
-asset-garbage-collectors
1
Successfully changed project path to: C:/Users/kprof/OneDrive/Desktop/NewMediaProject/ReverseRolesGame
C:/Users/kprof/OneDrive/Desktop/NewMediaProject/ReverseRolesGame
[UnityMemory] Configuration Parameters - Can be set up in boot.config
    "memorysetup-bucket-allocator-granularity=16"
    "memorysetup-bucket-allocator-bucket-count=8"
    "memorysetup-bucket-allocator-block-size=33554432"
    "memorysetup-bucket-allocator-block-count=8"
    "memorysetup-main-allocator-block-size=16777216"
    "memorysetup-thread-allocator-block-size=16777216"
    "memorysetup-gfx-main-allocator-block-size=16777216"
    "memorysetup-gfx-thread-allocator-block-size=16777216"
    "memorysetup-cache-allocator-block-size=4194304"
    "memorysetup-typetree-allocator-block-size=2097152"
    "memorysetup-profiler-bucket-allocator-granularity=16"
    "memorysetup-profiler-bucket-allocator-bucket-count=8"
    "memorysetup-profiler-bucket-allocator-block-size=33554432"
    "memorysetup-profiler-bucket-allocator-block-count=8"
    "memorysetup-profiler-allocator-block-size=16777216"
    "memorysetup-profiler-editor-allocator-block-size=1048576"
    "memorysetup-temp-allocator-size-main=16777216"
    "memorysetup-job-temp-allocator-block-size=2097152"
    "memorysetup-job-temp-allocator-block-size-background=1048576"
    "memorysetup-job-temp-allocator-reduction-small-platforms=262144"
    "memorysetup-allocator-temp-initial-block-size-main=262144"
    "memorysetup-allocator-temp-initial-block-size-worker=262144"
    "memorysetup-temp-allocator-size-background-worker=32768"
    "memorysetup-temp-allocator-size-job-worker=262144"
    "memorysetup-temp-allocator-size-preload-manager=33554432"
    "memorysetup-temp-allocator-size-nav-mesh-worker=65536"
    "memorysetup-temp-allocator-size-audio-worker=65536"
    "memorysetup-temp-allocator-size-cloud-worker=32768"
    "memorysetup-temp-allocator-size-gi-baking-worker=262144"
    "memorysetup-temp-allocator-size-gi-baking-worker=262144"
    "memorysetup-temp-allocator-size-gi-baking-worker=262144"
    "memorysetup-temp-allocator-size-gi-baking-worker=262144"
    "memorysetup-temp-allocator-size-gi-baking-worker=262144"
    "memorysetup-temp-allocator-size-gfx=262144"
Player connection [20876]  Target information:

Player connection [20876]  * "[IP] 10.250.32.72 [Port] 0 [Flags] 2 [Guid] 3306656402 [EditorId] 3306656402 [Version] 1048832 [Id] WindowsEditor(7,WIN-K2P1ST5H3LU) [Debug] 1 [PackageName] WindowsEditor [ProjectName] Editor" 

Player connection [20876] Host joined multi-casting on [225.0.0.222:54997]...
Player connection [20876] Host joined alternative multi-casting on [225.0.0.222:34997]...
JobSystem: Creating JobQueue using job-worker-count value 15
[Physics::Module] Initialized fallback backend.
[Physics::Module] Id: 0xdecafbad
Library Redirect Path: Library/
[Physics::Module] Selected backend.
[Physics::Module] Name: PhysX
[Physics::Module] Id: 0xf2b8ea05
[Physics::Module] SDK Version: 4.1.2
[Physics::Module] Integration Version: 1.0.0
[Physics::Module] Threading Mode: Multi-Threaded
Refreshing native plugins compatible for Editor in 1.33 ms, found 3 plugins.
Preloading 0 native plugins for Editor in 0.00 ms.
Initialize engine version: 6000.0.27f1 (27c554a2199c)
[Subsystems] Discovering subsystems at path C:/Program Files/Unity/Hub/Editor/6000.0.27f1/Editor/Data/Resources/UnitySubsystems
[Subsystems] Discovering subsystems at path C:/Users/kprof/OneDrive/Desktop/NewMediaProject/ReverseRolesGame/Assets
GfxDevice: creating device client; kGfxThreadingModeNonThreaded
Direct3D:
    Version:  Direct3D 11.0 [level 11.1]
    Renderer: NVIDIA GeForce RTX 4070 Laptop GPU (ID=0x2820)
    Vendor:   NVIDIA
    VRAM:     7948 MB
    Driver:   32.0.15.6614
Initialize mono
Mono path[0] = 'C:/Program Files/Unity/Hub/Editor/6000.0.27f1/Editor/Data/Managed'
Mono path[1] = 'C:/Program Files/Unity/Hub/Editor/6000.0.27f1/Editor/Data/MonoBleedingEdge/lib/mono/unityjit-win32'
Mono config path = 'C:/Program Files/Unity/Hub/Editor/6000.0.27f1/Editor/Data/MonoBleedingEdge/etc'
Using monoOptions --debugger-agent=transport=dt_socket,embedding=1,server=y,suspend=n,address=127.0.0.1:56604
Begin MonoManager ReloadAssembly
Registering precompiled unity dll's ...
Register platform support module: C:/Program Files/Unity/Hub/Editor/6000.0.27f1/Editor/Data/PlaybackEngines/WebGLSupport/UnityEditor.WebGL.Extensions.dll
Register platform support module: C:/Program Files/Unity/Hub/Editor/6000.0.27f1/Editor/Data/PlaybackEngines/WindowsStandaloneSupport/UnityEditor.WindowsStandalone.Extensions.dll
Registered in 0.002631 seconds.
- Loaded All Assemblies, in  0.400 seconds
Native extension for WindowsStandalone target not found
Native extension for WebGL target not found
Mono: successfully reloaded assembly
- Finished resetting the current domain, in  0.413 seconds
Domain Reload Profiling: 812ms
	BeginReloadAssembly (133ms)
		ExecutionOrderSort (0ms)
		DisableScriptedObjects (0ms)
		BackupInstance (0ms)
		ReleaseScriptingObjects (0ms)
		CreateAndSetChildDomain (1ms)
	RebuildCommonClasses (39ms)
	RebuildNativeTypeToScriptingClass (11ms)
	initialDomainReloadingComplete (52ms)
	LoadAllAssembliesAndSetupDomain (163ms)
		LoadAssemblies (131ms)
		RebuildTransferFunctionScriptingTraits (0ms)
		AnalyzeDomain (159ms)
			TypeCache.Refresh (158ms)
				TypeCache.ScanAssembly (146ms)
			BuildScriptInfoCaches (0ms)
			ResolveRequiredComponents (0ms)
	FinalizeReload (414ms)
		ReleaseScriptCaches (0ms)
		RebuildScriptCaches (0ms)
		SetupLoadedEditorAssemblies (358ms)
			LogAssemblyErrors (0ms)
			InitializePlatformSupportModulesInManaged (26ms)
			SetLoadedEditorAssemblies (5ms)
			BeforeProcessingInitializeOnLoad (8ms)
			ProcessInitializeOnLoadAttributes (252ms)
			ProcessInitializeOnLoadMethodAttributes (64ms)
			AfterProcessingInitializeOnLoad (2ms)
			EditorAssembliesLoaded (0ms)
		ExecutionOrderSort2 (0ms)
		AwakeInstancesAfterBackupRestoration (0ms)
========================================================================
Worker process is ready to serve import requests
Import Worker Mode flag is 0x00
Begin MonoManager ReloadAssembly
- Loaded All Assemblies, in  0.865 seconds
Refreshing native plugins compatible for Editor in 0.73 ms, found 3 plugins.
Native extension for WindowsStandalone target not found
Native extension for WebGL target not found
Mono: successfully reloaded assembly
- Finished resetting the current domain, in  0.893 seconds
Domain Reload Profiling: 1755ms
	BeginReloadAssembly (312ms)
		ExecutionOrderSort (0ms)
		DisableScriptedObjects (5ms)
		BackupInstance (0ms)
		ReleaseScriptingObjects (0ms)
		CreateAndSetChildDomain (24ms)
	RebuildCommonClasses (28ms)
	RebuildNativeTypeToScriptingClass (9ms)
	initialDomainReloadingComplete (30ms)
	LoadAllAssembliesAndSetupDomain (483ms)
		LoadAssemblies (318ms)
		RebuildTransferFunctionScriptingTraits (0ms)
		AnalyzeDomain (244ms)
			TypeCache.Refresh (161ms)
				TypeCache.ScanAssembly (147ms)
			BuildScriptInfoCaches (68ms)
			ResolveRequiredComponents (11ms)
	FinalizeReload (894ms)
		ReleaseScriptCaches (0ms)
		RebuildScriptCaches (0ms)
		SetupLoadedEditorAssemblies (654ms)
			LogAssemblyErrors (0ms)
			InitializePlatformSupportModulesInManaged (5ms)
			SetLoadedEditorAssemblies (8ms)
			BeforeProcessingInitializeOnLoad (73ms)
			ProcessInitializeOnLoadAttributes (491ms)
			ProcessInitializeOnLoadMethodAttributes (67ms)
			AfterProcessingInitializeOnLoad (10ms)
			EditorAssembliesLoaded (0ms)
		ExecutionOrderSort2 (0ms)
		AwakeInstancesAfterBackupRestoration (6ms)
Launched and connected shader compiler UnityShaderCompiler.exe after 0.02 seconds
Refreshing native plugins compatible for Editor in 1.74 ms, found 3 plugins.
Preloading 0 native plugins for Editor in 0.00 ms.
Unloading 215 Unused Serialized files (Serialized files now loaded: 0)
Unloading 5964 unused Assets / (4.3 MB). Loaded Objects now: 6764.
Memory consumption went from 215.0 MB to 210.8 MB.
Total: 13.319600 ms (FindLiveObjects: 0.695800 ms CreateObjectMapping: 0.535200 ms MarkObjects: 8.882800 ms  DeleteObjects: 3.201500 ms)

========================================================================
Received Import Request.
  Time since last request: 174294.287356 seconds.
  path: Assets/TextMesh Pro/Resources/Style Sheets/Default Style Sheet.asset
  artifactKey: Guid(f952c082cb03451daed3ee968ac6c63e) Importer(815301076,1909f56bfc062723c751e8b465ee728b)
Start importing Assets/TextMesh Pro/Resources/Style Sheets/Default Style Sheet.asset using Guid(f952c082cb03451daed3ee968ac6c63e) Importer(815301076,1909f56bfc062723c751e8b465ee728b) (PreviewImporter) -> (artifact id: '082f5e5bc62554346f89c089a9ffd741') in 0.0464155 seconds
Number of updated asset objects reloaded before import = 0Number of asset objects unloaded after import = 1

========================================================================
Received Import Request.
  Time since last request: 0.000037 seconds.
  path: Assets/Props/Prefabs/EmaceArt/Slavic World Free/Resources/LOD3/EA03_Items_House_Apple_01c.fbx
  artifactKey: Guid(df9db6549c9345248b5bf8204520cdf1) Importer(815301076,1909f56bfc062723c751e8b465ee728b)
Start importing Assets/Props/Prefabs/EmaceArt/Slavic World Free/Resources/LOD3/EA03_Items_House_Apple_01c.fbx using Guid(df9db6549c9345248b5bf8204520cdf1) Importer(815301076,1909f56bfc062723c751e8b465ee728b) (PreviewImporter) -> (artifact id: '339fb07d4b400233996ff4eb2daf0bf1') in 0.4476587 seconds
Number of updated asset objects reloaded before import = 0Number of asset objects unloaded after import = 21

========================================================================
Received Import Request.
  Time since last request: 0.000036 seconds.
  path: Assets/Props/Prefabs/EmaceArt/Slavic World Free/Resources/LOD3/EA_Items_House_cauldron_01a.fbx
  artifactKey: Guid(18e6697db3d760b458f4b70bc98f7d15) Importer(815301076,1909f56bfc062723c751e8b465ee728b)
Start importing Assets/Props/Prefabs/EmaceArt/Slavic World Free/Resources/LOD3/EA_Items_House_cauldron_01a.fbx using Guid(18e6697db3d760b458f4b70bc98f7d15) Importer(815301076,1909f56bfc062723c751e8b465ee728b) (PreviewImporter) -> (artifact id: 'c356324c1b672b9fa487cfbce975fe49') in 0.0441795 seconds
Number of updated asset objects reloaded before import = 0Number of asset objects unloaded after import = 21

========================================================================
Received Import Request.
  Time since last request: 0.000022 seconds.
  path: Assets/Props/Prefabs/EmaceArt/Slavic World Free/Resources/LOD4/EA03_Village_Hut_Roof_01c.fbx
  artifactKey: Guid(daf83e804cfa0774485b988b53c5098e) Importer(815301076,1909f56bfc062723c751e8b465ee728b)
Start importing Assets/Props/Prefabs/EmaceArt/Slavic World Free/Resources/LOD4/EA03_Village_Hut_Roof_01c.fbx using Guid(daf83e804cfa0774485b988b53c5098e) Importer(815301076,1909f56bfc062723c751e8b465ee728b) (PreviewImporter) -> (artifact id: '7cc7c7b1b98dd857dbfd3360b3c8caae') in 0.0475188 seconds
Number of updated asset objects reloaded before import = 0Number of asset objects unloaded after import = 26

========================================================================
Received Import Request.
  Time since last request: 0.000023 seconds.
  path: Assets/Props/Prefabs/EmaceArt/Slavic World Free/Resources/LOD3/EA03_Nature_Bush_01c.fbx
  artifactKey: Guid(e360f9142d27d0445abc192c6bc54b9b) Importer(815301076,1909f56bfc062723c751e8b465ee728b)
Start importing Assets/Props/Prefabs/EmaceArt/Slavic World Free/Resources/LOD3/EA03_Nature_Bush_01c.fbx using Guid(e360f9142d27d0445abc192c6bc54b9b) Importer(815301076,1909f56bfc062723c751e8b465ee728b) (PreviewImporter) -> (artifact id: '13714318a136a6c44feb01d6f03acc4a') in 0.0481258 seconds
Number of updated asset objects reloaded before import = 0Number of asset objects unloaded after import = 26

========================================================================
Received Import Request.
  Time since last request: 0.000025 seconds.
  path: Assets/Props/Prefabs/EmaceArt/Slavic World Free/Resources/LOD3/EA03_Items_House_Corn_01a.fbx
  artifactKey: Guid(9d00add0f73545e43b7bdecefc895d63) Importer(815301076,1909f56bfc062723c751e8b465ee728b)
Start importing Assets/Props/Prefabs/EmaceArt/Slavic World Free/Resources/LOD3/EA03_Items_House_Corn_01a.fbx using Guid(9d00add0f73545e43b7bdecefc895d63) Importer(815301076,1909f56bfc062723c751e8b465ee728b) (PreviewImporter) -> (artifact id: '0bf9f0796e139531a2477a4dee946dcb') in 0.0383427 seconds
Number of updated asset objects reloaded before import = 0Number of asset objects unloaded after import = 21

========================================================================
Received Import Request.
  Time since last request: 0.000028 seconds.
  path: Assets/Props/Prefabs/EmaceArt/Slavic World Free/Resources/LOD3/EA03_Items_House_BredBoard_01a.fbx
  artifactKey: Guid(2137813e38c7b504aa81ea4d4d0bd663) Importer(815301076,1909f56bfc062723c751e8b465ee728b)
Start importing Assets/Props/Prefabs/EmaceArt/Slavic World Free/Resources/LOD3/EA03_Items_House_BredBoard_01a.fbx using Guid(2137813e38c7b504aa81ea4d4d0bd663) Importer(815301076,1909f56bfc062723c751e8b465ee728b) (PreviewImporter) -> (artifact id: '98ca5937e337d701e4e629ee37a58ce1') in 0.0451901 seconds
Number of updated asset objects reloaded before import = 0Number of asset objects unloaded after import = 21

========================================================================
Received Import Request.
  Time since last request: 0.000021 seconds.
  path: Assets/Props/Prefabs/EmaceArt/Slavic World Free/Resources/LOD3/EA03_Nature_Solid_Flat_01b.fbx
  artifactKey: Guid(6e63d60023cb830498e0dfe53fdc9b5c) Importer(815301076,1909f56bfc062723c751e8b465ee728b)
Start importing Assets/Props/Prefabs/EmaceArt/Slavic World Free/Resources/LOD3/EA03_Nature_Solid_Flat_01b.fbx using Guid(6e63d60023cb830498e0dfe53fdc9b5c) Importer(815301076,1909f56bfc062723c751e8b465ee728b) (PreviewImporter) -> (artifact id: '35299795680d19e4a9a238461a454fcf') in 0.0425858 seconds
Number of updated asset objects reloaded before import = 0Number of asset objects unloaded after import = 21

========================================================================
Received Import Request.
  Time since last request: 0.000025 seconds.
  path: Assets/Props/Prefabs/EmaceArt/Slavic World Free/Resources/LOD3/EA03_Nature_Bush_Flat_03e.fbx
  artifactKey: Guid(97e8203026a24ac4eaa14ee7771c4c4a) Importer(815301076,1909f56bfc062723c751e8b465ee728b)
Start importing Assets/Props/Prefabs/EmaceArt/Slavic World Free/Resources/LOD3/EA03_Nature_Bush_Flat_03e.fbx using Guid(97e8203026a24ac4eaa14ee7771c4c4a) Importer(815301076,1909f56bfc062723c751e8b465ee728b) (PreviewImporter) -> (artifact id: 'c41a91476d70cac44d2f24552bc227cf') in 0.0444618 seconds
Number of updated asset objects reloaded before import = 0Number of asset objects unloaded after import = 21

========================================================================
Received Import Request.
  Time since last request: 0.000024 seconds.
  path: Assets/Props/Prefabs/EmaceArt/Slavic World Free/Resources/LOD3/EA03_Nature_Bush_03b.fbx
  artifactKey: Guid(b45c6067cba0be64ba98aa6096607aac) Importer(815301076,1909f56bfc062723c751e8b465ee728b)
Start importing Assets/Props/Prefabs/EmaceArt/Slavic World Free/Resources/LOD3/EA03_Nature_Bush_03b.fbx using Guid(b45c6067cba0be64ba98aa6096607aac) Importer(815301076,1909f56bfc062723c751e8b465ee728b) (PreviewImporter) -> (artifact id: '5fc04aa9a70712166cdc637b9ba03941') in 0.0530531 seconds
Number of updated asset objects reloaded before import = 0Number of asset objects unloaded after import = 26

========================================================================
Received Import Request.
  Time since last request: 0.000048 seconds.
  path: Assets/Props/Prefabs/EmaceArt/Slavic World Free/Resources/LOD3/EA03_Nature_Bush_02b.fbx
  artifactKey: Guid(39c3951d7b757af4f935ff76a59beda3) Importer(815301076,1909f56bfc062723c751e8b465ee728b)
Start importing Assets/Props/Prefabs/EmaceArt/Slavic World Free/Resources/LOD3/EA03_Nature_Bush_02b.fbx using Guid(39c3951d7b757af4f935ff76a59beda3) Importer(815301076,1909f56bfc062723c751e8b465ee728b) (PreviewImporter) -> (artifact id: 'c076b5c59976cda6ec88e223bcdd18b5') in 0.0504701 seconds
Number of updated asset objects reloaded before import = 0Number of asset objects unloaded after import = 21

========================================================================
Received Import Request.
  Time since last request: 0.000030 seconds.
  path: Assets/Props/Prefabs/EmaceArt/Slavic World Free/Resources/LOD3/EA03_Items_House_Firewood_01a.fbx
  artifactKey: Guid(780ff2e8fc3d55b40bde8b2ebf2c24c4) Importer(815301076,1909f56bfc062723c751e8b465ee728b)
Start importing Assets/Props/Prefabs/EmaceArt/Slavic World Free/Resources/LOD3/EA03_Items_House_Firewood_01a.fbx using Guid(780ff2e8fc3d55b40bde8b2ebf2c24c4) Importer(815301076,1909f56bfc062723c751e8b465ee728b) (PreviewImporter) -> (artifact id: '28c3bc387563091ffc2d593cd1d1a88b') in 0.0587573 seconds
Number of updated asset objects reloaded before import = 0Number of asset objects unloaded after import = 21

========================================================================
Received Import Request.
  Time since last request: 0.000032 seconds.
  path: Assets/Props/Prefabs/EmaceArt/Slavic World Free/Resources/LOD3/EA03_Nature_Bush_02a.fbx
  artifactKey: Guid(f8aa08f64fb681741b9a06b315339347) Importer(815301076,1909f56bfc062723c751e8b465ee728b)
Start importing Assets/Props/Prefabs/EmaceArt/Slavic World Free/Resources/LOD3/EA03_Nature_Bush_02a.fbx using Guid(f8aa08f64fb681741b9a06b315339347) Importer(815301076,1909f56bfc062723c751e8b465ee728b) (PreviewImporter) -> (artifact id: 'ac07e5a6d15e7ef0e4df8e6a09af7754') in 0.0558146 seconds
Number of updated asset objects reloaded before import = 0Number of asset objects unloaded after import = 21

========================================================================
Received Import Request.
  Time since last request: 0.000027 seconds.
  path: Assets/Props/Prefabs/EmaceArt/Slavic World Free/Prefabs/Prop/Furniture/EA03_Prop_House_Shelf_01a_PRE.prefab
  artifactKey: Guid(f219e44f8c45a5148ace498ba060743a) Importer(815301076,1909f56bfc062723c751e8b465ee728b)
Start importing Assets/Props/Prefabs/EmaceArt/Slavic World Free/Prefabs/Prop/Furniture/EA03_Prop_House_Shelf_01a_PRE.prefab using Guid(f219e44f8c45a5148ace498ba060743a) Importer(815301076,1909f56bfc062723c751e8b465ee728b) (PreviewImporter) -> (artifact id: '2f7126f255ce0f4df6638465d5214ee4') in 0.0191431 seconds
Number of updated asset objects reloaded before import = 0Number of asset objects unloaded after import = 36

========================================================================
Received Import Request.
  Time since last request: 0.000045 seconds.
  path: Assets/Props/Prefabs/EmaceArt/Slavic World Free/Prefabs/Prop/Furniture/EA03_Prop_Shelf_01b_PRE.prefab
  artifactKey: Guid(d6c1c92987a689841b6f454c28e98ca8) Importer(815301076,1909f56bfc062723c751e8b465ee728b)
Start importing Assets/Props/Prefabs/EmaceArt/Slavic World Free/Prefabs/Prop/Furniture/EA03_Prop_Shelf_01b_PRE.prefab using Guid(d6c1c92987a689841b6f454c28e98ca8) Importer(815301076,1909f56bfc062723c751e8b465ee728b) (PreviewImporter) -> (artifact id: 'd9e3781dd9e69f4b9742a5f03ce02d43') in 0.0253367 seconds
Number of updated asset objects reloaded before import = 0Number of asset objects unloaded after import = 31

========================================================================
Received Import Request.
  Time since last request: 0.000028 seconds.
  path: Assets/Props/Prefabs/EmaceArt/Slavic World Free/Prefabs/Prop/Furniture/EA03_Prop_House_Shelf_01c_PRE.prefab
  artifactKey: Guid(65130df02e505f0498444f4a0d81932a) Importer(815301076,1909f56bfc062723c751e8b465ee728b)
Start importing Assets/Props/Prefabs/EmaceArt/Slavic World Free/Prefabs/Prop/Furniture/EA03_Prop_House_Shelf_01c_PRE.prefab using Guid(65130df02e505f0498444f4a0d81932a) Importer(815301076,1909f56bfc062723c751e8b465ee728b) (PreviewImporter) -> (artifact id: '7a6e41a14b809a1aee98805aaed32e87') in 0.0187932 seconds
Number of updated asset objects reloaded before import = 0Number of asset objects unloaded after import = 36

========================================================================
Received Import Request.
  Time since last request: 0.000021 seconds.
  path: Assets/Props/Prefabs/EmaceArt/Slavic World Free/Prefabs/Prop/Furniture/EA03_Prop_House_Shelf_02c_PRE.prefab
  artifactKey: Guid(ce2c1d39250162c4490bf7b7004d8b7c) Importer(815301076,1909f56bfc062723c751e8b465ee728b)
Start importing Assets/Props/Prefabs/EmaceArt/Slavic World Free/Prefabs/Prop/Furniture/EA03_Prop_House_Shelf_02c_PRE.prefab using Guid(ce2c1d39250162c4490bf7b7004d8b7c) Importer(815301076,1909f56bfc062723c751e8b465ee728b) (PreviewImporter) -> (artifact id: 'a28631fca4704c7957096b093bc5bbb4') in 0.0174186 seconds
Number of updated asset objects reloaded before import = 0Number of asset objects unloaded after import = 31

========================================================================
Received Import Request.
  Time since last request: 0.000023 seconds.
  path: Assets/Props/Prefabs/EmaceArt/Slavic World Free/Resources/LOD3/EA03_Items_House_Apple_01b.fbx
  artifactKey: Guid(683aa6683b22b244287d19b08050959c) Importer(815301076,1909f56bfc062723c751e8b465ee728b)
Start importing Assets/Props/Prefabs/EmaceArt/Slavic World Free/Resources/LOD3/EA03_Items_House_Apple_01b.fbx using Guid(683aa6683b22b244287d19b08050959c) Importer(815301076,1909f56bfc062723c751e8b465ee728b) (PreviewImporter) -> (artifact id: '25f272add27ef7de5bd9864af9b3c86e') in 0.0414679 seconds
Number of updated asset objects reloaded before import = 0Number of asset objects unloaded after import = 21

========================================================================
Received Import Request.
  Time since last request: 0.000024 seconds.
  path: Assets/Props/Prefabs/EmaceArt/Slavic World Free/Resources/LOD3/EA03_Prop_Shelf_01b.fbx
  artifactKey: Guid(703f93609c602a04e9323bea22985490) Importer(815301076,1909f56bfc062723c751e8b465ee728b)
Start importing Assets/Props/Prefabs/EmaceArt/Slavic World Free/Resources/LOD3/EA03_Prop_Shelf_01b.fbx using Guid(703f93609c602a04e9323bea22985490) Importer(815301076,1909f56bfc062723c751e8b465ee728b) (PreviewImporter) -> (artifact id: 'b007ff70ca751324fa25f3ee0ff8854a') in 0.0395553 seconds
Number of updated asset objects reloaded before import = 0Number of asset objects unloaded after import = 21

========================================================================
Received Import Request.
  Time since last request: 0.000031 seconds.
  path: Assets/Props/Prefabs/EmaceArt/Slavic World Free/Resources/LOD3/EA03_Nature_Bush_03c.fbx
  artifactKey: Guid(41a4d8c127620cf449a552f8bdfb11cc) Importer(815301076,1909f56bfc062723c751e8b465ee728b)
Start importing Assets/Props/Prefabs/EmaceArt/Slavic World Free/Resources/LOD3/EA03_Nature_Bush_03c.fbx using Guid(41a4d8c127620cf449a552f8bdfb11cc) Importer(815301076,1909f56bfc062723c751e8b465ee728b) (PreviewImporter) -> (artifact id: 'df5e5f740969e70d906b6661874b23f9') in 0.0496067 seconds
Number of updated asset objects reloaded before import = 0Number of asset objects unloaded after import = 26

========================================================================
Received Import Request.
  Time since last request: 0.000022 seconds.
  path: Assets/Props/Prefabs/EmaceArt/Slavic World Free/Resources/LOD4/EA03_Village_Hut_Ceiling_01e.fbx
  artifactKey: Guid(de708639cc9e7e2429d0f70d6792357f) Importer(815301076,1909f56bfc062723c751e8b465ee728b)
Start importing Assets/Props/Prefabs/EmaceArt/Slavic World Free/Resources/LOD4/EA03_Village_Hut_Ceiling_01e.fbx using Guid(de708639cc9e7e2429d0f70d6792357f) Importer(815301076,1909f56bfc062723c751e8b465ee728b) (PreviewImporter) -> (artifact id: '20516ff5ec30450d8809f86b5c9acbc0') in 0.0489788 seconds
Number of updated asset objects reloaded before import = 0Number of asset objects unloaded after import = 26

========================================================================
Received Import Request.
  Time since last request: 0.000021 seconds.
  path: Assets/Props/Prefabs/EmaceArt/Slavic World Free/Resources/LOD3/EA03_Nature_SweetFlag_01b.fbx
  artifactKey: Guid(fd8fd8c44ae84e8488a9eab93b41d7a3) Importer(815301076,1909f56bfc062723c751e8b465ee728b)
Start importing Assets/Props/Prefabs/EmaceArt/Slavic World Free/Resources/LOD3/EA03_Nature_SweetFlag_01b.fbx using Guid(fd8fd8c44ae84e8488a9eab93b41d7a3) Importer(815301076,1909f56bfc062723c751e8b465ee728b) (PreviewImporter) -> (artifact id: '2e8324e77ddcd7617b852188b83d1fcf') in 0.0428543 seconds
Number of updated asset objects reloaded before import = 0Number of asset objects unloaded after import = 21

