Using pre-set license
Built from '6000.0/staging' branch; Version is '6000.0.27f1 (27c554a2199c) revision 2606420'; Using compiler version '193933523'; Build Type 'Release'
OS: 'Windows 11  (10.0.26100) 64bit Core' Language: 'en' Physical Memory: 32496 MB
BatchMode: 1, IsHumanControllingUs: 0, StartBugReporterOnCrash: 0, Is64bit: 1, IsPro: 1

COMMAND LINE ARGUMENTS:
C:\Program Files\Unity\Hub\Editor\6000.0.27f1\Editor\Unity.exe
-adb2
-batchMode
-noUpm
-name
AssetImportWorker15
-projectPath
C:/Users/kprof/OneDrive/Desktop/NewMediaProject/ReverseRolesGame
-logFile
Logs/AssetImportWorker15.log
-srvPort
54693
-job-worker-count
15
-background-job-worker-count
8
-asset-garbage-collectors
1
Successfully changed project path to: C:/Users/kprof/OneDrive/Desktop/NewMediaProject/ReverseRolesGame
C:/Users/kprof/OneDrive/Desktop/NewMediaProject/ReverseRolesGame
[UnityMemory] Configuration Parameters - Can be set up in boot.config
    "memorysetup-bucket-allocator-granularity=16"
    "memorysetup-bucket-allocator-bucket-count=8"
    "memorysetup-bucket-allocator-block-size=33554432"
    "memorysetup-bucket-allocator-block-count=8"
    "memorysetup-main-allocator-block-size=16777216"
    "memorysetup-thread-allocator-block-size=16777216"
    "memorysetup-gfx-main-allocator-block-size=16777216"
    "memorysetup-gfx-thread-allocator-block-size=16777216"
    "memorysetup-cache-allocator-block-size=4194304"
    "memorysetup-typetree-allocator-block-size=2097152"
    "memorysetup-profiler-bucket-allocator-granularity=16"
    "memorysetup-profiler-bucket-allocator-bucket-count=8"
    "memorysetup-profiler-bucket-allocator-block-size=33554432"
    "memorysetup-profiler-bucket-allocator-block-count=8"
    "memorysetup-profiler-allocator-block-size=16777216"
    "memorysetup-profiler-editor-allocator-block-size=1048576"
    "memorysetup-temp-allocator-size-main=16777216"
    "memorysetup-job-temp-allocator-block-size=2097152"
    "memorysetup-job-temp-allocator-block-size-background=1048576"
    "memorysetup-job-temp-allocator-reduction-small-platforms=262144"
    "memorysetup-allocator-temp-initial-block-size-main=262144"
    "memorysetup-allocator-temp-initial-block-size-worker=262144"
    "memorysetup-temp-allocator-size-background-worker=32768"
    "memorysetup-temp-allocator-size-job-worker=262144"
    "memorysetup-temp-allocator-size-preload-manager=33554432"
    "memorysetup-temp-allocator-size-nav-mesh-worker=65536"
    "memorysetup-temp-allocator-size-audio-worker=65536"
    "memorysetup-temp-allocator-size-cloud-worker=32768"
    "memorysetup-temp-allocator-size-gi-baking-worker=262144"
    "memorysetup-temp-allocator-size-gi-baking-worker=262144"
    "memorysetup-temp-allocator-size-gi-baking-worker=262144"
    "memorysetup-temp-allocator-size-gi-baking-worker=262144"
    "memorysetup-temp-allocator-size-gi-baking-worker=262144"
    "memorysetup-temp-allocator-size-gfx=262144"
Player connection [30596]  Target information:

Player connection [30596]  * "[IP] 10.250.92.136 [Port] 0 [Flags] 2 [Guid] 1150376821 [EditorId] 1150376821 [Version] 1048832 [Id] WindowsEditor(7,WIN-K2P1ST5H3LU) [Debug] 1 [PackageName] WindowsEditor [ProjectName] Editor" 

Player connection [30596] Host joined multi-casting on [225.0.0.222:54997]...
Player connection [30596] Host joined alternative multi-casting on [225.0.0.222:34997]...
JobSystem: Creating JobQueue using job-worker-count value 15
[Physics::Module] Initialized fallback backend.
[Physics::Module] Id: 0xdecafbad
Library Redirect Path: Library/
[Physics::Module] Selected backend.
[Physics::Module] Name: PhysX
[Physics::Module] Id: 0xf2b8ea05
[Physics::Module] SDK Version: 4.1.2
[Physics::Module] Integration Version: 1.0.0
[Physics::Module] Threading Mode: Multi-Threaded
Refreshing native plugins compatible for Editor in 1.27 ms, found 3 plugins.
Preloading 0 native plugins for Editor in 0.00 ms.
Initialize engine version: 6000.0.27f1 (27c554a2199c)
[Subsystems] Discovering subsystems at path C:/Program Files/Unity/Hub/Editor/6000.0.27f1/Editor/Data/Resources/UnitySubsystems
[Subsystems] Discovering subsystems at path C:/Users/kprof/OneDrive/Desktop/NewMediaProject/ReverseRolesGame/Assets
GfxDevice: creating device client; kGfxThreadingModeNonThreaded
Direct3D:
    Version:  Direct3D 11.0 [level 11.1]
    Renderer: NVIDIA GeForce RTX 4070 Laptop GPU (ID=0x2820)
    Vendor:   NVIDIA
    VRAM:     7948 MB
    Driver:   32.0.15.6614
Initialize mono
Mono path[0] = 'C:/Program Files/Unity/Hub/Editor/6000.0.27f1/Editor/Data/Managed'
Mono path[1] = 'C:/Program Files/Unity/Hub/Editor/6000.0.27f1/Editor/Data/MonoBleedingEdge/lib/mono/unityjit-win32'
Mono config path = 'C:/Program Files/Unity/Hub/Editor/6000.0.27f1/Editor/Data/MonoBleedingEdge/etc'
Using monoOptions --debugger-agent=transport=dt_socket,embedding=1,server=y,suspend=n,address=127.0.0.1:56664
Begin MonoManager ReloadAssembly
Registering precompiled unity dll's ...
Register platform support module: C:/Program Files/Unity/Hub/Editor/6000.0.27f1/Editor/Data/PlaybackEngines/WebGLSupport/UnityEditor.WebGL.Extensions.dll
Register platform support module: C:/Program Files/Unity/Hub/Editor/6000.0.27f1/Editor/Data/PlaybackEngines/WindowsStandaloneSupport/UnityEditor.WindowsStandalone.Extensions.dll
Registered in 0.002567 seconds.
- Loaded All Assemblies, in  0.297 seconds
Native extension for WindowsStandalone target not found
Native extension for WebGL target not found
Mono: successfully reloaded assembly
- Finished resetting the current domain, in  0.339 seconds
Domain Reload Profiling: 635ms
	BeginReloadAssembly (109ms)
		ExecutionOrderSort (0ms)
		DisableScriptedObjects (0ms)
		BackupInstance (0ms)
		ReleaseScriptingObjects (0ms)
		CreateAndSetChildDomain (1ms)
	RebuildCommonClasses (27ms)
	RebuildNativeTypeToScriptingClass (9ms)
	initialDomainReloadingComplete (36ms)
	LoadAllAssembliesAndSetupDomain (115ms)
		LoadAssemblies (107ms)
		RebuildTransferFunctionScriptingTraits (0ms)
		AnalyzeDomain (113ms)
			TypeCache.Refresh (111ms)
				TypeCache.ScanAssembly (101ms)
			BuildScriptInfoCaches (0ms)
			ResolveRequiredComponents (0ms)
	FinalizeReload (340ms)
		ReleaseScriptCaches (0ms)
		RebuildScriptCaches (0ms)
		SetupLoadedEditorAssemblies (306ms)
			LogAssemblyErrors (0ms)
			InitializePlatformSupportModulesInManaged (18ms)
			SetLoadedEditorAssemblies (3ms)
			BeforeProcessingInitializeOnLoad (4ms)
			ProcessInitializeOnLoadAttributes (216ms)
			ProcessInitializeOnLoadMethodAttributes (62ms)
			AfterProcessingInitializeOnLoad (2ms)
			EditorAssembliesLoaded (0ms)
		ExecutionOrderSort2 (0ms)
		AwakeInstancesAfterBackupRestoration (0ms)
========================================================================
Worker process is ready to serve import requests
Import Worker Mode flag is 0x00
Begin MonoManager ReloadAssembly
- Loaded All Assemblies, in  0.796 seconds
Refreshing native plugins compatible for Editor in 0.78 ms, found 3 plugins.
Native extension for WindowsStandalone target not found
Native extension for WebGL target not found
Mono: successfully reloaded assembly
- Finished resetting the current domain, in  0.774 seconds
Domain Reload Profiling: 1568ms
	BeginReloadAssembly (296ms)
		ExecutionOrderSort (0ms)
		DisableScriptedObjects (4ms)
		BackupInstance (0ms)
		ReleaseScriptingObjects (0ms)
		CreateAndSetChildDomain (23ms)
	RebuildCommonClasses (28ms)
	RebuildNativeTypeToScriptingClass (9ms)
	initialDomainReloadingComplete (30ms)
	LoadAllAssembliesAndSetupDomain (430ms)
		LoadAssemblies (301ms)
		RebuildTransferFunctionScriptingTraits (0ms)
		AnalyzeDomain (209ms)
			TypeCache.Refresh (140ms)
				TypeCache.ScanAssembly (127ms)
			BuildScriptInfoCaches (56ms)
			ResolveRequiredComponents (8ms)
	FinalizeReload (775ms)
		ReleaseScriptCaches (0ms)
		RebuildScriptCaches (0ms)
		SetupLoadedEditorAssemblies (577ms)
			LogAssemblyErrors (0ms)
			InitializePlatformSupportModulesInManaged (2ms)
			SetLoadedEditorAssemblies (3ms)
			BeforeProcessingInitializeOnLoad (55ms)
			ProcessInitializeOnLoadAttributes (437ms)
			ProcessInitializeOnLoadMethodAttributes (68ms)
			AfterProcessingInitializeOnLoad (11ms)
			EditorAssembliesLoaded (0ms)
		ExecutionOrderSort2 (0ms)
		AwakeInstancesAfterBackupRestoration (7ms)
Launched and connected shader compiler UnityShaderCompiler.exe after 0.01 seconds
Refreshing native plugins compatible for Editor in 2.98 ms, found 3 plugins.
Preloading 0 native plugins for Editor in 0.00 ms.
Unloading 215 Unused Serialized files (Serialized files now loaded: 0)
Unloading 5964 unused Assets / (3.5 MB). Loaded Objects now: 6764.
Memory consumption went from 222.6 MB to 219.1 MB.
Total: 13.331000 ms (FindLiveObjects: 0.946300 ms CreateObjectMapping: 0.742000 ms MarkObjects: 8.210700 ms  DeleteObjects: 3.427800 ms)

========================================================================
Received Import Request.
  Time since last request: 1101237.654332 seconds.
  path: Assets/Props/Prefabs/EmaceArt/Slavic World Free/Prefabs/Nature/Tree
  artifactKey: Guid(d280625e28fbe7042a02ff6b87ad3772) Importer(815301076,1909f56bfc062723c751e8b465ee728b)
Start importing Assets/Props/Prefabs/EmaceArt/Slavic World Free/Prefabs/Nature/Tree using Guid(d280625e28fbe7042a02ff6b87ad3772) Importer(815301076,1909f56bfc062723c751e8b465ee728b) (PreviewImporter) -> (artifact id: '906a593bf4fa081b01c34e2282903b84') in 0.005148 seconds
Number of updated asset objects reloaded before import = 0Number of asset objects unloaded after import = 0

========================================================================
Received Import Request.
  Time since last request: 0.122344 seconds.
  path: Assets/Props/Prefabs/EmaceArt/Slavic World Free/Prefabs/Nature/Tree/EA03_Nature_Tree_01b_PRE.prefab
  artifactKey: Guid(e03898b14a86f234a97b28e18ce3a154) Importer(815301076,1909f56bfc062723c751e8b465ee728b)
Start importing Assets/Props/Prefabs/EmaceArt/Slavic World Free/Prefabs/Nature/Tree/EA03_Nature_Tree_01b_PRE.prefab using Guid(e03898b14a86f234a97b28e18ce3a154) Importer(815301076,1909f56bfc062723c751e8b465ee728b) (PreviewImporter) -> (artifact id: '42a15415b3dc5d11dcd4c54eb5a8fd8f') in 0.4304819 seconds
Number of updated asset objects reloaded before import = 0Number of asset objects unloaded after import = 24

========================================================================
Received Import Request.
  Time since last request: 141.031632 seconds.
  path: Assets/Props/Prefabs/EmaceArt/Slavic World Free/Prefabs/Village/Elements
  artifactKey: Guid(9027be728d3b3b545a5b46a600a46677) Importer(815301076,1909f56bfc062723c751e8b465ee728b)
Start importing Assets/Props/Prefabs/EmaceArt/Slavic World Free/Prefabs/Village/Elements using Guid(9027be728d3b3b545a5b46a600a46677) Importer(815301076,1909f56bfc062723c751e8b465ee728b) (PreviewImporter) -> (artifact id: '11f002ca6889f3f80118f506594d0f80') in 0.0008701 seconds
Number of updated asset objects reloaded before import = 0Number of asset objects unloaded after import = 0

========================================================================
Received Import Request.
  Time since last request: 0.580712 seconds.
  path: Assets/Props/Prefabs/EmaceArt/Slavic World Free/Prefabs/Village/Elements/EA03_Prop_House_Bolt_01a_PRE.prefab
  artifactKey: Guid(4b0d2e42947866c42b193739d42e3fc5) Importer(815301076,1909f56bfc062723c751e8b465ee728b)
Start importing Assets/Props/Prefabs/EmaceArt/Slavic World Free/Prefabs/Village/Elements/EA03_Prop_House_Bolt_01a_PRE.prefab using Guid(4b0d2e42947866c42b193739d42e3fc5) Importer(815301076,1909f56bfc062723c751e8b465ee728b) (PreviewImporter) -> (artifact id: '462ba5b8c27d5382d4703fbf3543c838') in 0.0365673 seconds
Number of updated asset objects reloaded before import = 0Number of asset objects unloaded after import = 22

========================================================================
Received Import Request.
  Time since last request: 0.000017 seconds.
  path: Assets/Props/Prefabs/EmaceArt/Slavic World Free/Prefabs/Village/Elements/EA03_Prop_House_Shutter_01d_PRE.prefab
  artifactKey: Guid(06a8d51f3d3b2824a924b5fd11f46453) Importer(815301076,1909f56bfc062723c751e8b465ee728b)
Start importing Assets/Props/Prefabs/EmaceArt/Slavic World Free/Prefabs/Village/Elements/EA03_Prop_House_Shutter_01d_PRE.prefab using Guid(06a8d51f3d3b2824a924b5fd11f46453) Importer(815301076,1909f56bfc062723c751e8b465ee728b) (PreviewImporter) -> (artifact id: '2f430a5ca047f7d6915e7af0bd325fb2') in 0.0254955 seconds
Number of updated asset objects reloaded before import = 0Number of asset objects unloaded after import = 22

========================================================================
Received Import Request.
  Time since last request: 7.626509 seconds.
  path: Assets/Props/Prefabs/EmaceArt/Slavic World Free/Prefabs/Village/Building/Shed
  artifactKey: Guid(b5ae8115d42060e43afa8d87651ca461) Importer(815301076,1909f56bfc062723c751e8b465ee728b)
Start importing Assets/Props/Prefabs/EmaceArt/Slavic World Free/Prefabs/Village/Building/Shed using Guid(b5ae8115d42060e43afa8d87651ca461) Importer(815301076,1909f56bfc062723c751e8b465ee728b) (PreviewImporter) -> (artifact id: '698a4c35f623326e849336fadc17023c') in 0.0006113 seconds
Number of updated asset objects reloaded before import = 0Number of asset objects unloaded after import = 0

========================================================================
Received Import Request.
  Time since last request: 0.135043 seconds.
  path: Assets/Props/Prefabs/EmaceArt/Slavic World Free/Prefabs/Village/Building/Shed/EA03_Village_OutBuilding_Shed_03b_PRE.prefab
  artifactKey: Guid(c87007dce4305604eb0e7a8b8aebaee3) Importer(815301076,1909f56bfc062723c751e8b465ee728b)
Start importing Assets/Props/Prefabs/EmaceArt/Slavic World Free/Prefabs/Village/Building/Shed/EA03_Village_OutBuilding_Shed_03b_PRE.prefab using Guid(c87007dce4305604eb0e7a8b8aebaee3) Importer(815301076,1909f56bfc062723c751e8b465ee728b) (PreviewImporter) -> (artifact id: '0a304d4d4c2fcdced70ec1c84142e821') in 0.036545 seconds
Number of updated asset objects reloaded before import = 0Number of asset objects unloaded after import = 27

========================================================================
Received Prepare
Begin MonoManager ReloadAssembly
- Loaded All Assemblies, in  0.493 seconds
Refreshing native plugins compatible for Editor in 0.63 ms, found 3 plugins.
Native extension for WindowsStandalone target not found
Native extension for WebGL target not found
Mono: successfully reloaded assembly
- Finished resetting the current domain, in  0.577 seconds
Domain Reload Profiling: 1070ms
	BeginReloadAssembly (152ms)
		ExecutionOrderSort (0ms)
		DisableScriptedObjects (13ms)
		BackupInstance (0ms)
		ReleaseScriptingObjects (0ms)
		CreateAndSetChildDomain (41ms)
	RebuildCommonClasses (24ms)
	RebuildNativeTypeToScriptingClass (8ms)
	initialDomainReloadingComplete (18ms)
	LoadAllAssembliesAndSetupDomain (291ms)
		LoadAssemblies (223ms)
		RebuildTransferFunctionScriptingTraits (0ms)
		AnalyzeDomain (133ms)
			TypeCache.Refresh (5ms)
				TypeCache.ScanAssembly (0ms)
			BuildScriptInfoCaches (119ms)
			ResolveRequiredComponents (7ms)
	FinalizeReload (577ms)
		ReleaseScriptCaches (0ms)
		RebuildScriptCaches (0ms)
		SetupLoadedEditorAssemblies (382ms)
			LogAssemblyErrors (0ms)
			InitializePlatformSupportModulesInManaged (2ms)
			SetLoadedEditorAssemblies (5ms)
			BeforeProcessingInitializeOnLoad (43ms)
			ProcessInitializeOnLoadAttributes (296ms)
			ProcessInitializeOnLoadMethodAttributes (32ms)
			AfterProcessingInitializeOnLoad (4ms)
			EditorAssembliesLoaded (0ms)
		ExecutionOrderSort2 (0ms)
		AwakeInstancesAfterBackupRestoration (8ms)
Refreshing native plugins compatible for Editor in 1.13 ms, found 3 plugins.
Preloading 0 native plugins for Editor in 0.00 ms.
Unloading 23 Unused Serialized files (Serialized files now loaded: 0)
Unloading 5961 unused Assets / (4.4 MB). Loaded Objects now: 6811.
Memory consumption went from 207.0 MB to 202.6 MB.
Total: 8.309200 ms (FindLiveObjects: 0.648300 ms CreateObjectMapping: 0.431500 ms MarkObjects: 5.011300 ms  DeleteObjects: 2.217100 ms)

Prepare: number of updated asset objects reloaded= 0
========================================================================
Received Prepare
Begin MonoManager ReloadAssembly
- Loaded All Assemblies, in  0.473 seconds
Refreshing native plugins compatible for Editor in 0.57 ms, found 3 plugins.
Native extension for WindowsStandalone target not found
Native extension for WebGL target not found
Mono: successfully reloaded assembly
- Finished resetting the current domain, in  0.585 seconds
Domain Reload Profiling: 1059ms
	BeginReloadAssembly (137ms)
		ExecutionOrderSort (0ms)
		DisableScriptedObjects (4ms)
		BackupInstance (0ms)
		ReleaseScriptingObjects (0ms)
		CreateAndSetChildDomain (36ms)
	RebuildCommonClasses (23ms)
	RebuildNativeTypeToScriptingClass (8ms)
	initialDomainReloadingComplete (17ms)
	LoadAllAssembliesAndSetupDomain (288ms)
		LoadAssemblies (221ms)
		RebuildTransferFunctionScriptingTraits (0ms)
		AnalyzeDomain (132ms)
			TypeCache.Refresh (5ms)
				TypeCache.ScanAssembly (0ms)
			BuildScriptInfoCaches (116ms)
			ResolveRequiredComponents (7ms)
	FinalizeReload (586ms)
		ReleaseScriptCaches (0ms)
		RebuildScriptCaches (0ms)
		SetupLoadedEditorAssemblies (391ms)
			LogAssemblyErrors (0ms)
			InitializePlatformSupportModulesInManaged (2ms)
			SetLoadedEditorAssemblies (5ms)
			BeforeProcessingInitializeOnLoad (42ms)
			ProcessInitializeOnLoadAttributes (301ms)
			ProcessInitializeOnLoadMethodAttributes (34ms)
			AfterProcessingInitializeOnLoad (6ms)
			EditorAssembliesLoaded (0ms)
		ExecutionOrderSort2 (0ms)
		AwakeInstancesAfterBackupRestoration (10ms)
Refreshing native plugins compatible for Editor in 1.11 ms, found 3 plugins.
Preloading 0 native plugins for Editor in 0.00 ms.
Unloading 13 Unused Serialized files (Serialized files now loaded: 0)
Unloading 5960 unused Assets / (3.9 MB). Loaded Objects now: 6813.
Memory consumption went from 205.1 MB to 201.3 MB.
Total: 6.614000 ms (FindLiveObjects: 0.447500 ms CreateObjectMapping: 0.239000 ms MarkObjects: 4.428200 ms  DeleteObjects: 1.498000 ms)

Prepare: number of updated asset objects reloaded= 0
========================================================================
Received Prepare
Begin MonoManager ReloadAssembly
- Loaded All Assemblies, in  0.500 seconds
Refreshing native plugins compatible for Editor in 0.63 ms, found 3 plugins.
Native extension for WindowsStandalone target not found
Native extension for WebGL target not found
Mono: successfully reloaded assembly
- Finished resetting the current domain, in  0.608 seconds
Domain Reload Profiling: 1109ms
	BeginReloadAssembly (137ms)
		ExecutionOrderSort (0ms)
		DisableScriptedObjects (4ms)
		BackupInstance (0ms)
		ReleaseScriptingObjects (0ms)
		CreateAndSetChildDomain (29ms)
	RebuildCommonClasses (25ms)
	RebuildNativeTypeToScriptingClass (9ms)
	initialDomainReloadingComplete (20ms)
	LoadAllAssembliesAndSetupDomain (309ms)
		LoadAssemblies (235ms)
		RebuildTransferFunctionScriptingTraits (0ms)
		AnalyzeDomain (145ms)
			TypeCache.Refresh (6ms)
				TypeCache.ScanAssembly (0ms)
			BuildScriptInfoCaches (128ms)
			ResolveRequiredComponents (8ms)
	FinalizeReload (609ms)
		ReleaseScriptCaches (0ms)
		RebuildScriptCaches (0ms)
		SetupLoadedEditorAssemblies (396ms)
			LogAssemblyErrors (0ms)
			InitializePlatformSupportModulesInManaged (3ms)
			SetLoadedEditorAssemblies (5ms)
			BeforeProcessingInitializeOnLoad (46ms)
			ProcessInitializeOnLoadAttributes (299ms)
			ProcessInitializeOnLoadMethodAttributes (36ms)
			AfterProcessingInitializeOnLoad (6ms)
			EditorAssembliesLoaded (0ms)
		ExecutionOrderSort2 (0ms)
		AwakeInstancesAfterBackupRestoration (9ms)
Refreshing native plugins compatible for Editor in 1.43 ms, found 3 plugins.
Preloading 0 native plugins for Editor in 0.00 ms.
Unloading 13 Unused Serialized files (Serialized files now loaded: 0)
Unloading 5960 unused Assets / (3.9 MB). Loaded Objects now: 6815.
Memory consumption went from 205.1 MB to 201.2 MB.
Total: 7.977900 ms (FindLiveObjects: 0.525700 ms CreateObjectMapping: 0.653700 ms MarkObjects: 4.813400 ms  DeleteObjects: 1.984100 ms)

Prepare: number of updated asset objects reloaded= 0
========================================================================
Received Prepare
Begin MonoManager ReloadAssembly
- Loaded All Assemblies, in  0.488 seconds
Refreshing native plugins compatible for Editor in 0.70 ms, found 3 plugins.
Native extension for WindowsStandalone target not found
Native extension for WebGL target not found
Mono: successfully reloaded assembly
- Finished resetting the current domain, in  0.617 seconds
Domain Reload Profiling: 1105ms
	BeginReloadAssembly (137ms)
		ExecutionOrderSort (0ms)
		DisableScriptedObjects (4ms)
		BackupInstance (0ms)
		ReleaseScriptingObjects (0ms)
		CreateAndSetChildDomain (35ms)
	RebuildCommonClasses (24ms)
	RebuildNativeTypeToScriptingClass (9ms)
	initialDomainReloadingComplete (19ms)
	LoadAllAssembliesAndSetupDomain (299ms)
		LoadAssemblies (229ms)
		RebuildTransferFunctionScriptingTraits (0ms)
		AnalyzeDomain (136ms)
			TypeCache.Refresh (5ms)
				TypeCache.ScanAssembly (0ms)
			BuildScriptInfoCaches (121ms)
			ResolveRequiredComponents (7ms)
	FinalizeReload (617ms)
		ReleaseScriptCaches (0ms)
		RebuildScriptCaches (0ms)
		SetupLoadedEditorAssemblies (419ms)
			LogAssemblyErrors (0ms)
			InitializePlatformSupportModulesInManaged (2ms)
			SetLoadedEditorAssemblies (4ms)
			BeforeProcessingInitializeOnLoad (41ms)
			ProcessInitializeOnLoadAttributes (328ms)
			ProcessInitializeOnLoadMethodAttributes (38ms)
			AfterProcessingInitializeOnLoad (7ms)
			EditorAssembliesLoaded (0ms)
		ExecutionOrderSort2 (0ms)
		AwakeInstancesAfterBackupRestoration (9ms)
Refreshing native plugins compatible for Editor in 1.28 ms, found 3 plugins.
Preloading 0 native plugins for Editor in 0.00 ms.
Unloading 13 Unused Serialized files (Serialized files now loaded: 0)
Unloading 5960 unused Assets / (3.9 MB). Loaded Objects now: 6817.
Memory consumption went from 205.2 MB to 201.3 MB.
Total: 6.452700 ms (FindLiveObjects: 0.504700 ms CreateObjectMapping: 0.255200 ms MarkObjects: 4.283500 ms  DeleteObjects: 1.408600 ms)

Prepare: number of updated asset objects reloaded= 0
========================================================================
Received Import Request.
  Time since last request: 865.706606 seconds.
  path: Assets/Props/Prefabs/EmaceArt/Slavic World Free/Prefabs/Town/Compound/Walls_Painted
  artifactKey: Guid(cb2b61cb7b1a02545b494c4b14b7b151) Importer(815301076,1909f56bfc062723c751e8b465ee728b)
Start importing Assets/Props/Prefabs/EmaceArt/Slavic World Free/Prefabs/Town/Compound/Walls_Painted using Guid(cb2b61cb7b1a02545b494c4b14b7b151) Importer(815301076,1909f56bfc062723c751e8b465ee728b) (PreviewImporter) -> (artifact id: 'b2897c681a73a7060aae62f994745543') in 0.0295977 seconds
Number of updated asset objects reloaded before import = 0Number of asset objects unloaded after import = 0

========================================================================
Received Import Request.
  Time since last request: 1.030464 seconds.
  path: Assets/Props/Prefabs/EmaceArt/Slavic World Free/Prefabs/Town/Compound/Walls_Painted/EA03_Town_Hut_Wall_Painted_Desk_02a_PRE.prefab
  artifactKey: Guid(c85ae87bbf201b940bcba31b404d61e0) Importer(815301076,1909f56bfc062723c751e8b465ee728b)
Start importing Assets/Props/Prefabs/EmaceArt/Slavic World Free/Prefabs/Town/Compound/Walls_Painted/EA03_Town_Hut_Wall_Painted_Desk_02a_PRE.prefab using Guid(c85ae87bbf201b940bcba31b404d61e0) Importer(815301076,1909f56bfc062723c751e8b465ee728b) (PreviewImporter) -> (artifact id: '8a6d662de864fe6f739ca3c48a8af30d') in 0.3287992 seconds
Number of updated asset objects reloaded before import = 0Number of asset objects unloaded after import = 28

========================================================================
Received Import Request.
  Time since last request: 16.403623 seconds.
  path: Assets/Props/Prefabs/EmaceArt/Slavic World Free/Prefabs/Village/Building/Compound
  artifactKey: Guid(181d05efe9f0e044dbfb7ee07d72ed28) Importer(815301076,1909f56bfc062723c751e8b465ee728b)
Start importing Assets/Props/Prefabs/EmaceArt/Slavic World Free/Prefabs/Village/Building/Compound using Guid(181d05efe9f0e044dbfb7ee07d72ed28) Importer(815301076,1909f56bfc062723c751e8b465ee728b) (PreviewImporter) -> (artifact id: 'e9831374b2134c610a928c11f936f761') in 0.0006678 seconds
Number of updated asset objects reloaded before import = 0Number of asset objects unloaded after import = 0

========================================================================
Received Import Request.
  Time since last request: 1.565306 seconds.
  path: Assets/Props/Prefabs/EmaceArt/Slavic World Free/Prefabs/Village/Building/Compound/Walls
  artifactKey: Guid(876917b37c582934eb44a9520477df07) Importer(815301076,1909f56bfc062723c751e8b465ee728b)
Start importing Assets/Props/Prefabs/EmaceArt/Slavic World Free/Prefabs/Village/Building/Compound/Walls using Guid(876917b37c582934eb44a9520477df07) Importer(815301076,1909f56bfc062723c751e8b465ee728b) (PreviewImporter) -> (artifact id: '7ff58328e120d856d9d48bbbfe54e90e') in 0.0004931 seconds
Number of updated asset objects reloaded before import = 0Number of asset objects unloaded after import = 0

========================================================================
Received Import Request.
  Time since last request: 0.102236 seconds.
  path: Assets/Props/Prefabs/EmaceArt/Slavic World Free/Prefabs/Village/Building/Compound/Walls/EA03_Village_Hut_Wall_Front_01i_PRE.prefab
  artifactKey: Guid(225337266f16dc04aa201f020490e7cb) Importer(815301076,1909f56bfc062723c751e8b465ee728b)
Start importing Assets/Props/Prefabs/EmaceArt/Slavic World Free/Prefabs/Village/Building/Compound/Walls/EA03_Village_Hut_Wall_Front_01i_PRE.prefab using Guid(225337266f16dc04aa201f020490e7cb) Importer(815301076,1909f56bfc062723c751e8b465ee728b) (PreviewImporter) -> (artifact id: '13771e643a6626fac3d595e746f9a940') in 0.0253577 seconds
Number of updated asset objects reloaded before import = 0Number of asset objects unloaded after import = 28

========================================================================
Received Import Request.
  Time since last request: 1114.574417 seconds.
  path: Assets/Levels/Bedroom.unity
  artifactKey: Guid(55ad97f1745925a4489ec00b2e9a80da) Importer(815301076,1909f56bfc062723c751e8b465ee728b)
Start importing Assets/Levels/Bedroom.unity using Guid(55ad97f1745925a4489ec00b2e9a80da) Importer(815301076,1909f56bfc062723c751e8b465ee728b) (PreviewImporter) -> (artifact id: 'f9065ab52011be29ed3d9b5219a0cbd3') in 0.0009921 seconds
Number of updated asset objects reloaded before import = 0Number of asset objects unloaded after import = 0

========================================================================
Received Import Request.
  Time since last request: 31.779408 seconds.
  path: Assets/Levels/Bedroom 1.unity
  artifactKey: Guid(c542af479ed146c468edceaf162952ac) Importer(815301076,1909f56bfc062723c751e8b465ee728b)
Start importing Assets/Levels/Bedroom 1.unity using Guid(c542af479ed146c468edceaf162952ac) Importer(815301076,1909f56bfc062723c751e8b465ee728b) (PreviewImporter) -> (artifact id: 'ecb7202b756ce8bd86459d08a70ed008') in 0.000413 seconds
Number of updated asset objects reloaded before import = 0Number of asset objects unloaded after import = 0

========================================================================
Received Import Request.
  Time since last request: 42.969482 seconds.
  path: Assets/Levels/Dungeon.unity
  artifactKey: Guid(c542af479ed146c468edceaf162952ac) Importer(815301076,1909f56bfc062723c751e8b465ee728b)
Start importing Assets/Levels/Dungeon.unity using Guid(c542af479ed146c468edceaf162952ac) Importer(815301076,1909f56bfc062723c751e8b465ee728b) (PreviewImporter) -> (artifact id: '0f99262d74f37abe2ce309df92418927') in 0.0005893 seconds
Number of updated asset objects reloaded before import = 0Number of asset objects unloaded after import = 0

========================================================================
Received Prepare
Begin MonoManager ReloadAssembly
- Loaded All Assemblies, in  0.518 seconds
Refreshing native plugins compatible for Editor in 0.57 ms, found 3 plugins.
Native extension for WindowsStandalone target not found
Native extension for WebGL target not found
Mono: successfully reloaded assembly
- Finished resetting the current domain, in  0.657 seconds
Domain Reload Profiling: 1176ms
	BeginReloadAssembly (163ms)
		ExecutionOrderSort (0ms)
		DisableScriptedObjects (14ms)
		BackupInstance (0ms)
		ReleaseScriptingObjects (0ms)
		CreateAndSetChildDomain (43ms)
	RebuildCommonClasses (23ms)
	RebuildNativeTypeToScriptingClass (8ms)
	initialDomainReloadingComplete (18ms)
	LoadAllAssembliesAndSetupDomain (306ms)
		LoadAssemblies (241ms)
		RebuildTransferFunctionScriptingTraits (0ms)
		AnalyzeDomain (136ms)
			TypeCache.Refresh (5ms)
				TypeCache.ScanAssembly (0ms)
			BuildScriptInfoCaches (120ms)
			ResolveRequiredComponents (7ms)
	FinalizeReload (658ms)
		ReleaseScriptCaches (0ms)
		RebuildScriptCaches (0ms)
		SetupLoadedEditorAssemblies (456ms)
			LogAssemblyErrors (0ms)
			InitializePlatformSupportModulesInManaged (2ms)
			SetLoadedEditorAssemblies (3ms)
			BeforeProcessingInitializeOnLoad (60ms)
			ProcessInitializeOnLoadAttributes (342ms)
			ProcessInitializeOnLoadMethodAttributes (40ms)
			AfterProcessingInitializeOnLoad (7ms)
			EditorAssembliesLoaded (0ms)
		ExecutionOrderSort2 (0ms)
		AwakeInstancesAfterBackupRestoration (10ms)
Refreshing native plugins compatible for Editor in 1.32 ms, found 3 plugins.
Preloading 0 native plugins for Editor in 0.00 ms.
Unloading 13 Unused Serialized files (Serialized files now loaded: 0)
Unloading 5961 unused Assets / (3.7 MB). Loaded Objects now: 6839.
Memory consumption went from 209.5 MB to 205.8 MB.
Total: 6.754900 ms (FindLiveObjects: 0.513300 ms CreateObjectMapping: 0.306400 ms MarkObjects: 4.393600 ms  DeleteObjects: 1.537200 ms)

Prepare: number of updated asset objects reloaded= 0
========================================================================
Received Prepare
Begin MonoManager ReloadAssembly
- Loaded All Assemblies, in  0.496 seconds
Refreshing native plugins compatible for Editor in 0.68 ms, found 3 plugins.
Native extension for WindowsStandalone target not found
Native extension for WebGL target not found
Mono: successfully reloaded assembly
- Finished resetting the current domain, in  0.579 seconds
Domain Reload Profiling: 1075ms
	BeginReloadAssembly (137ms)
		ExecutionOrderSort (0ms)
		DisableScriptedObjects (4ms)
		BackupInstance (0ms)
		ReleaseScriptingObjects (0ms)
		CreateAndSetChildDomain (32ms)
	RebuildCommonClasses (23ms)
	RebuildNativeTypeToScriptingClass (8ms)
	initialDomainReloadingComplete (19ms)
	LoadAllAssembliesAndSetupDomain (308ms)
		LoadAssemblies (239ms)
		RebuildTransferFunctionScriptingTraits (0ms)
		AnalyzeDomain (139ms)
			TypeCache.Refresh (6ms)
				TypeCache.ScanAssembly (0ms)
			BuildScriptInfoCaches (123ms)
			ResolveRequiredComponents (7ms)
	FinalizeReload (579ms)
		ReleaseScriptCaches (0ms)
		RebuildScriptCaches (0ms)
		SetupLoadedEditorAssemblies (383ms)
			LogAssemblyErrors (0ms)
			InitializePlatformSupportModulesInManaged (2ms)
			SetLoadedEditorAssemblies (3ms)
			BeforeProcessingInitializeOnLoad (48ms)
			ProcessInitializeOnLoadAttributes (291ms)
			ProcessInitializeOnLoadMethodAttributes (33ms)
			AfterProcessingInitializeOnLoad (5ms)
			EditorAssembliesLoaded (0ms)
		ExecutionOrderSort2 (0ms)
		AwakeInstancesAfterBackupRestoration (11ms)
Refreshing native plugins compatible for Editor in 1.03 ms, found 3 plugins.
Preloading 0 native plugins for Editor in 0.00 ms.
Unloading 13 Unused Serialized files (Serialized files now loaded: 0)
Unloading 5960 unused Assets / (3.6 MB). Loaded Objects now: 6841.
Memory consumption went from 209.3 MB to 205.7 MB.
Total: 6.214700 ms (FindLiveObjects: 0.477600 ms CreateObjectMapping: 0.239900 ms MarkObjects: 4.086700 ms  DeleteObjects: 1.408800 ms)

Prepare: number of updated asset objects reloaded= 0
========================================================================
Received Import Request.
  Time since last request: 757.378581 seconds.
  path: Assets/Props/Grass_mat 1.mat
  artifactKey: Guid(e36753a969ffac64d9e61c5095876f9a) Importer(815301076,1909f56bfc062723c751e8b465ee728b)
Start importing Assets/Props/Grass_mat 1.mat using Guid(e36753a969ffac64d9e61c5095876f9a) Importer(815301076,1909f56bfc062723c751e8b465ee728b) (PreviewImporter) -> (artifact id: 'a43c43026e713a5c372de22a0df98daa') in 0.327317 seconds
Number of updated asset objects reloaded before import = 0Number of asset objects unloaded after import = 1

========================================================================
Received Import Request.
  Time since last request: 8.979527 seconds.
  path: Assets/Props/Chasm_mat.mat
  artifactKey: Guid(e36753a969ffac64d9e61c5095876f9a) Importer(815301076,1909f56bfc062723c751e8b465ee728b)
Start importing Assets/Props/Chasm_mat.mat using Guid(e36753a969ffac64d9e61c5095876f9a) Importer(815301076,1909f56bfc062723c751e8b465ee728b) (PreviewImporter) -> (artifact id: '983037324245af1d73ead49bbb3b8da5') in 0.0167942 seconds
Number of updated asset objects reloaded before import = 0Number of asset objects unloaded after import = 1

========================================================================
Received Import Request.
  Time since last request: 18.521005 seconds.
  path: Assets/Props/Chasm_mat.mat
  artifactKey: Guid(e36753a969ffac64d9e61c5095876f9a) Importer(815301076,1909f56bfc062723c751e8b465ee728b)
Start importing Assets/Props/Chasm_mat.mat using Guid(e36753a969ffac64d9e61c5095876f9a) Importer(815301076,1909f56bfc062723c751e8b465ee728b) (PreviewImporter) -> (artifact id: '914f585d35c1f658510018c06d8157ab') in 0.0163578 seconds
Number of updated asset objects reloaded before import = 0Number of asset objects unloaded after import = 1

========================================================================
Received Prepare
Begin MonoManager ReloadAssembly
- Loaded All Assemblies, in  0.496 seconds
Refreshing native plugins compatible for Editor in 0.61 ms, found 3 plugins.
Native extension for WindowsStandalone target not found
Native extension for WebGL target not found
Mono: successfully reloaded assembly
- Finished resetting the current domain, in  0.582 seconds
Domain Reload Profiling: 1079ms
	BeginReloadAssembly (149ms)
		ExecutionOrderSort (0ms)
		DisableScriptedObjects (12ms)
		BackupInstance (0ms)
		ReleaseScriptingObjects (0ms)
		CreateAndSetChildDomain (40ms)
	RebuildCommonClasses (23ms)
	RebuildNativeTypeToScriptingClass (8ms)
	initialDomainReloadingComplete (17ms)
	LoadAllAssembliesAndSetupDomain (300ms)
		LoadAssemblies (232ms)
		RebuildTransferFunctionScriptingTraits (0ms)
		AnalyzeDomain (133ms)
			TypeCache.Refresh (6ms)
				TypeCache.ScanAssembly (0ms)
			BuildScriptInfoCaches (116ms)
			ResolveRequiredComponents (7ms)
	FinalizeReload (583ms)
		ReleaseScriptCaches (0ms)
		RebuildScriptCaches (0ms)
		SetupLoadedEditorAssemblies (384ms)
			LogAssemblyErrors (0ms)
			InitializePlatformSupportModulesInManaged (2ms)
			SetLoadedEditorAssemblies (4ms)
			BeforeProcessingInitializeOnLoad (46ms)
			ProcessInitializeOnLoadAttributes (291ms)
			ProcessInitializeOnLoadMethodAttributes (35ms)
			AfterProcessingInitializeOnLoad (5ms)
			EditorAssembliesLoaded (0ms)
		ExecutionOrderSort2 (0ms)
		AwakeInstancesAfterBackupRestoration (9ms)
Refreshing native plugins compatible for Editor in 1.25 ms, found 3 plugins.
Preloading 0 native plugins for Editor in 0.00 ms.
Unloading 13 Unused Serialized files (Serialized files now loaded: 0)
Unloading 5961 unused Assets / (3.9 MB). Loaded Objects now: 6896.
Memory consumption went from 213.8 MB to 209.9 MB.
Total: 7.286000 ms (FindLiveObjects: 0.561600 ms CreateObjectMapping: 0.368400 ms MarkObjects: 4.370500 ms  DeleteObjects: 1.984300 ms)

Prepare: number of updated asset objects reloaded= 0
========================================================================
Received Prepare
Begin MonoManager ReloadAssembly
- Loaded All Assemblies, in  0.483 seconds
Refreshing native plugins compatible for Editor in 0.57 ms, found 3 plugins.
Native extension for WindowsStandalone target not found
Native extension for WebGL target not found
Mono: successfully reloaded assembly
- Finished resetting the current domain, in  0.575 seconds
Domain Reload Profiling: 1059ms
	BeginReloadAssembly (132ms)
		ExecutionOrderSort (0ms)
		DisableScriptedObjects (4ms)
		BackupInstance (0ms)
		ReleaseScriptingObjects (0ms)
		CreateAndSetChildDomain (29ms)
	RebuildCommonClasses (24ms)
	RebuildNativeTypeToScriptingClass (8ms)
	initialDomainReloadingComplete (19ms)
	LoadAllAssembliesAndSetupDomain (300ms)
		LoadAssemblies (229ms)
		RebuildTransferFunctionScriptingTraits (0ms)
		AnalyzeDomain (138ms)
			TypeCache.Refresh (5ms)
				TypeCache.ScanAssembly (0ms)
			BuildScriptInfoCaches (124ms)
			ResolveRequiredComponents (7ms)
	FinalizeReload (576ms)
		ReleaseScriptCaches (0ms)
		RebuildScriptCaches (0ms)
		SetupLoadedEditorAssemblies (385ms)
			LogAssemblyErrors (0ms)
			InitializePlatformSupportModulesInManaged (2ms)
			SetLoadedEditorAssemblies (3ms)
			BeforeProcessingInitializeOnLoad (42ms)
			ProcessInitializeOnLoadAttributes (298ms)
			ProcessInitializeOnLoadMethodAttributes (35ms)
			AfterProcessingInitializeOnLoad (5ms)
			EditorAssembliesLoaded (0ms)
		ExecutionOrderSort2 (0ms)
		AwakeInstancesAfterBackupRestoration (10ms)
Refreshing native plugins compatible for Editor in 0.97 ms, found 3 plugins.
Preloading 0 native plugins for Editor in 0.00 ms.
Unloading 13 Unused Serialized files (Serialized files now loaded: 0)
Unloading 5960 unused Assets / (3.8 MB). Loaded Objects now: 6898.
Memory consumption went from 213.8 MB to 210.0 MB.
Total: 6.865900 ms (FindLiveObjects: 0.594000 ms CreateObjectMapping: 0.450900 ms MarkObjects: 4.118900 ms  DeleteObjects: 1.701500 ms)

Prepare: number of updated asset objects reloaded= 0
========================================================================
Received Prepare
Begin MonoManager ReloadAssembly
- Loaded All Assemblies, in  0.495 seconds
Refreshing native plugins compatible for Editor in 0.66 ms, found 3 plugins.
Native extension for WindowsStandalone target not found
Native extension for WebGL target not found
Mono: successfully reloaded assembly
- Finished resetting the current domain, in  0.624 seconds
Domain Reload Profiling: 1119ms
	BeginReloadAssembly (137ms)
		ExecutionOrderSort (0ms)
		DisableScriptedObjects (4ms)
		BackupInstance (0ms)
		ReleaseScriptingObjects (0ms)
		CreateAndSetChildDomain (34ms)
	RebuildCommonClasses (23ms)
	RebuildNativeTypeToScriptingClass (8ms)
	initialDomainReloadingComplete (19ms)
	LoadAllAssembliesAndSetupDomain (307ms)
		LoadAssemblies (236ms)
		RebuildTransferFunctionScriptingTraits (0ms)
		AnalyzeDomain (137ms)
			TypeCache.Refresh (5ms)
				TypeCache.ScanAssembly (0ms)
			BuildScriptInfoCaches (122ms)
			ResolveRequiredComponents (7ms)
	FinalizeReload (625ms)
		ReleaseScriptCaches (0ms)
		RebuildScriptCaches (0ms)
		SetupLoadedEditorAssemblies (424ms)
			LogAssemblyErrors (0ms)
			InitializePlatformSupportModulesInManaged (2ms)
			SetLoadedEditorAssemblies (4ms)
			BeforeProcessingInitializeOnLoad (53ms)
			ProcessInitializeOnLoadAttributes (321ms)
			ProcessInitializeOnLoadMethodAttributes (39ms)
			AfterProcessingInitializeOnLoad (5ms)
			EditorAssembliesLoaded (0ms)
		ExecutionOrderSort2 (0ms)
		AwakeInstancesAfterBackupRestoration (9ms)
Refreshing native plugins compatible for Editor in 1.21 ms, found 3 plugins.
Preloading 0 native plugins for Editor in 0.00 ms.
Unloading 13 Unused Serialized files (Serialized files now loaded: 0)
Unloading 5960 unused Assets / (3.8 MB). Loaded Objects now: 6900.
Memory consumption went from 213.8 MB to 210.0 MB.
Total: 7.277300 ms (FindLiveObjects: 0.457300 ms CreateObjectMapping: 0.253300 ms MarkObjects: 4.719700 ms  DeleteObjects: 1.845400 ms)

Prepare: number of updated asset objects reloaded= 0
========================================================================
Received Prepare
Begin MonoManager ReloadAssembly
- Loaded All Assemblies, in  0.494 seconds
Refreshing native plugins compatible for Editor in 0.71 ms, found 3 plugins.
Native extension for WindowsStandalone target not found
Native extension for WebGL target not found
Mono: successfully reloaded assembly
- Finished resetting the current domain, in  0.576 seconds
Domain Reload Profiling: 1070ms
	BeginReloadAssembly (136ms)
		ExecutionOrderSort (0ms)
		DisableScriptedObjects (4ms)
		BackupInstance (0ms)
		ReleaseScriptingObjects (0ms)
		CreateAndSetChildDomain (30ms)
	RebuildCommonClasses (22ms)
	RebuildNativeTypeToScriptingClass (8ms)
	initialDomainReloadingComplete (19ms)
	LoadAllAssembliesAndSetupDomain (309ms)
		LoadAssemblies (234ms)
		RebuildTransferFunctionScriptingTraits (0ms)
		AnalyzeDomain (144ms)
			TypeCache.Refresh (7ms)
				TypeCache.ScanAssembly (0ms)
			BuildScriptInfoCaches (127ms)
			ResolveRequiredComponents (7ms)
	FinalizeReload (576ms)
		ReleaseScriptCaches (0ms)
		RebuildScriptCaches (0ms)
		SetupLoadedEditorAssemblies (380ms)
			LogAssemblyErrors (0ms)
			InitializePlatformSupportModulesInManaged (2ms)
			SetLoadedEditorAssemblies (4ms)
			BeforeProcessingInitializeOnLoad (46ms)
			ProcessInitializeOnLoadAttributes (290ms)
			ProcessInitializeOnLoadMethodAttributes (33ms)
			AfterProcessingInitializeOnLoad (4ms)
			EditorAssembliesLoaded (0ms)
		ExecutionOrderSort2 (0ms)
		AwakeInstancesAfterBackupRestoration (9ms)
Refreshing native plugins compatible for Editor in 1.12 ms, found 3 plugins.
Preloading 0 native plugins for Editor in 0.00 ms.
Unloading 13 Unused Serialized files (Serialized files now loaded: 0)
Unloading 5960 unused Assets / (3.9 MB). Loaded Objects now: 6902.
Memory consumption went from 213.8 MB to 210.0 MB.
Total: 7.353600 ms (FindLiveObjects: 0.533100 ms CreateObjectMapping: 0.442000 ms MarkObjects: 4.687200 ms  DeleteObjects: 1.690300 ms)

Prepare: number of updated asset objects reloaded= 0
========================================================================
Received Prepare
Begin MonoManager ReloadAssembly
- Loaded All Assemblies, in  0.483 seconds
Refreshing native plugins compatible for Editor in 0.73 ms, found 3 plugins.
Native extension for WindowsStandalone target not found
Native extension for WebGL target not found
Mono: successfully reloaded assembly
- Finished resetting the current domain, in  0.589 seconds
Domain Reload Profiling: 1072ms
	BeginReloadAssembly (140ms)
		ExecutionOrderSort (0ms)
		DisableScriptedObjects (4ms)
		BackupInstance (0ms)
		ReleaseScriptingObjects (0ms)
		CreateAndSetChildDomain (35ms)
	RebuildCommonClasses (23ms)
	RebuildNativeTypeToScriptingClass (8ms)
	initialDomainReloadingComplete (18ms)
	LoadAllAssembliesAndSetupDomain (293ms)
		LoadAssemblies (230ms)
		RebuildTransferFunctionScriptingTraits (0ms)
		AnalyzeDomain (132ms)
			TypeCache.Refresh (5ms)
				TypeCache.ScanAssembly (0ms)
			BuildScriptInfoCaches (117ms)
			ResolveRequiredComponents (7ms)
	FinalizeReload (589ms)
		ReleaseScriptCaches (0ms)
		RebuildScriptCaches (0ms)
		SetupLoadedEditorAssemblies (393ms)
			LogAssemblyErrors (0ms)
			InitializePlatformSupportModulesInManaged (2ms)
			SetLoadedEditorAssemblies (5ms)
			BeforeProcessingInitializeOnLoad (49ms)
			ProcessInitializeOnLoadAttributes (295ms)
			ProcessInitializeOnLoadMethodAttributes (38ms)
			AfterProcessingInitializeOnLoad (4ms)
			EditorAssembliesLoaded (0ms)
		ExecutionOrderSort2 (0ms)
		AwakeInstancesAfterBackupRestoration (9ms)
Refreshing native plugins compatible for Editor in 1.14 ms, found 3 plugins.
Preloading 0 native plugins for Editor in 0.00 ms.
Unloading 13 Unused Serialized files (Serialized files now loaded: 0)
Unloading 5960 unused Assets / (3.8 MB). Loaded Objects now: 6904.
Memory consumption went from 213.8 MB to 210.1 MB.
Total: 6.785000 ms (FindLiveObjects: 0.519300 ms CreateObjectMapping: 0.262000 ms MarkObjects: 4.413100 ms  DeleteObjects: 1.589000 ms)

Prepare: number of updated asset objects reloaded= 0
========================================================================
Received Import Request.
  Time since last request: 1033.101270 seconds.
  path: Assets/Props/stylized-wood-spike
  artifactKey: Guid(6222ea7a4dcd93749916c09b93cde1cd) Importer(815301076,1909f56bfc062723c751e8b465ee728b)
Start importing Assets/Props/stylized-wood-spike using Guid(6222ea7a4dcd93749916c09b93cde1cd) Importer(815301076,1909f56bfc062723c751e8b465ee728b) (PreviewImporter) -> (artifact id: '0a1cb671bec5652a9d61305f0ec20c2d') in 0.0351752 seconds
Number of updated asset objects reloaded before import = 0Number of asset objects unloaded after import = 0

========================================================================
Received Import Request.
  Time since last request: 0.748092 seconds.
  path: Assets/Props/wooden-spike-trap
  artifactKey: Guid(be702b77a7d853c428df542dd38a1017) Importer(815301076,1909f56bfc062723c751e8b465ee728b)
Start importing Assets/Props/wooden-spike-trap using Guid(be702b77a7d853c428df542dd38a1017) Importer(815301076,1909f56bfc062723c751e8b465ee728b) (PreviewImporter) -> (artifact id: '42f40deb0acab8711ad799e8f049f429') in 0.0004474 seconds
Number of updated asset objects reloaded before import = 0Number of asset objects unloaded after import = 0

========================================================================
Received Import Request.
  Time since last request: 1.970652 seconds.
  path: Assets/Props/stylized-wood-spike/source
  artifactKey: Guid(a2c88eab23b96c544a811d45337862ca) Importer(815301076,1909f56bfc062723c751e8b465ee728b)
Start importing Assets/Props/stylized-wood-spike/source using Guid(a2c88eab23b96c544a811d45337862ca) Importer(815301076,1909f56bfc062723c751e8b465ee728b) (PreviewImporter) -> (artifact id: 'b367f17e446370cd8f3ce1633412a64e') in 0.0004592 seconds
Number of updated asset objects reloaded before import = 0Number of asset objects unloaded after import = 0

========================================================================
Received Import Request.
  Time since last request: 0.746592 seconds.
  path: Assets/Props/stylized-wood-spike/source/model.fbx
  artifactKey: Guid(f4d60b2b176c6fd4db1f5902e71fc32e) Importer(815301076,1909f56bfc062723c751e8b465ee728b)
Start importing Assets/Props/stylized-wood-spike/source/model.fbx using Guid(f4d60b2b176c6fd4db1f5902e71fc32e) Importer(815301076,1909f56bfc062723c751e8b465ee728b) (PreviewImporter) -> (artifact id: '0b4e5e145e2aa275ccff0b1ecd4ed6fb') in 0.3413887 seconds
Number of updated asset objects reloaded before import = 0Number of asset objects unloaded after import = 8

========================================================================
Received Import Request.
  Time since last request: 1.767706 seconds.
  path: Assets/Props/stylized-wood-spike/textures
  artifactKey: Guid(2ef56deeabac48c41ab79a290db9de80) Importer(815301076,1909f56bfc062723c751e8b465ee728b)
Start importing Assets/Props/stylized-wood-spike/textures using Guid(2ef56deeabac48c41ab79a290db9de80) Importer(815301076,1909f56bfc062723c751e8b465ee728b) (PreviewImporter) -> (artifact id: 'c282737e476f0f2baa9e3232a0b745e1') in 0.000556 seconds
Number of updated asset objects reloaded before import = 0Number of asset objects unloaded after import = 0

========================================================================
Received Import Request.
  Time since last request: 0.064785 seconds.
  path: Assets/Props/stylized-wood-spike/textures/lambert1_001_albedo.jpeg
  artifactKey: Guid(5dd5849bdceb65f4f9bcb6daa4e7ccc7) Importer(815301076,1909f56bfc062723c751e8b465ee728b)
Start importing Assets/Props/stylized-wood-spike/textures/lambert1_001_albedo.jpeg using Guid(5dd5849bdceb65f4f9bcb6daa4e7ccc7) Importer(815301076,1909f56bfc062723c751e8b465ee728b) (PreviewImporter) -> (artifact id: '8100b8ae6264a9c6e4454ea4dd76e45e') in 0.0283742 seconds
Number of updated asset objects reloaded before import = 0Number of asset objects unloaded after import = 2

========================================================================
Received Import Request.
  Time since last request: 0.000020 seconds.
  path: Assets/Props/stylized-wood-spike/textures/lambert1_001_normal.png
  artifactKey: Guid(4b30aa68e805b2c4db3d653f5a7113bf) Importer(815301076,1909f56bfc062723c751e8b465ee728b)
Start importing Assets/Props/stylized-wood-spike/textures/lambert1_001_normal.png using Guid(4b30aa68e805b2c4db3d653f5a7113bf) Importer(815301076,1909f56bfc062723c751e8b465ee728b) (PreviewImporter) -> (artifact id: '013850c91ebb8de6879950ed83093037') in 0.0250662 seconds
Number of updated asset objects reloaded before import = 0Number of asset objects unloaded after import = 2

========================================================================
Received Import Request.
  Time since last request: 0.000021 seconds.
  path: Assets/Props/stylized-wood-spike/textures/lambert1_001_roughness.jpeg
  artifactKey: Guid(2c7024ac0e73726408d6ac1586b3c550) Importer(815301076,1909f56bfc062723c751e8b465ee728b)
Start importing Assets/Props/stylized-wood-spike/textures/lambert1_001_roughness.jpeg using Guid(2c7024ac0e73726408d6ac1586b3c550) Importer(815301076,1909f56bfc062723c751e8b465ee728b) (PreviewImporter) -> (artifact id: '2c667307f8c99288b62a67ab911d2311') in 0.0157222 seconds
Number of updated asset objects reloaded before import = 0Number of asset objects unloaded after import = 2

========================================================================
Received Import Request.
  Time since last request: 7.416665 seconds.
  path: Assets/Props/stylized-wood-spike/textures/Spike_mat.mat
  artifactKey: Guid(52f742061fae6fc44b029ed2a609bee8) Importer(815301076,1909f56bfc062723c751e8b465ee728b)
Start importing Assets/Props/stylized-wood-spike/textures/Spike_mat.mat using Guid(52f742061fae6fc44b029ed2a609bee8) Importer(815301076,1909f56bfc062723c751e8b465ee728b) (PreviewImporter) -> (artifact id: '9c81cfdb064f5edf4a8d1e1037b6b04a') in 0.016465 seconds
Number of updated asset objects reloaded before import = 0Number of asset objects unloaded after import = 1

========================================================================
Received Import Request.
  Time since last request: 40.697303 seconds.
  path: Assets/Props/stylized-wood-spike/textures/Spike_mat.mat
  artifactKey: Guid(52f742061fae6fc44b029ed2a609bee8) Importer(815301076,1909f56bfc062723c751e8b465ee728b)
Start importing Assets/Props/stylized-wood-spike/textures/Spike_mat.mat using Guid(52f742061fae6fc44b029ed2a609bee8) Importer(815301076,1909f56bfc062723c751e8b465ee728b) (PreviewImporter) -> (artifact id: '2e8369b0adf2f06cb0dcbd3d8fd0a289') in 0.0259263 seconds
Number of updated asset objects reloaded before import = 0Number of asset objects unloaded after import = 4

========================================================================
Received Import Request.
  Time since last request: 2.046899 seconds.
  path: Assets/Props/stylized-wood-spike/textures/lambert1_001_normal.png
  artifactKey: Guid(4b30aa68e805b2c4db3d653f5a7113bf) Importer(815301076,1909f56bfc062723c751e8b465ee728b)
Start importing Assets/Props/stylized-wood-spike/textures/lambert1_001_normal.png using Guid(4b30aa68e805b2c4db3d653f5a7113bf) Importer(815301076,1909f56bfc062723c751e8b465ee728b) (PreviewImporter) -> (artifact id: '177f3387ce45f8a4402a609f80c4b019') in 0.0351831 seconds
Number of updated asset objects reloaded before import = 0Number of asset objects unloaded after import = 2

========================================================================
Received Import Request.
  Time since last request: 10.882532 seconds.
  path: Assets/Props/wooden-spike-trap/source/SpikeTrap_LP_Upload.fbx
  artifactKey: Guid(12407f7a078650f4dbc0e516f225d537) Importer(815301076,1909f56bfc062723c751e8b465ee728b)
Start importing Assets/Props/wooden-spike-trap/source/SpikeTrap_LP_Upload.fbx using Guid(12407f7a078650f4dbc0e516f225d537) Importer(815301076,1909f56bfc062723c751e8b465ee728b) (PreviewImporter) -> (artifact id: 'bd6d2a1fad8aee085441e65165f68492') in 0.0809058 seconds
Number of updated asset objects reloaded before import = 0Number of asset objects unloaded after import = 31

========================================================================
Received Import Request.
  Time since last request: 4.984008 seconds.
  path: Assets/Props/stylized-wood-spike/source/model.fbx
  artifactKey: Guid(f4d60b2b176c6fd4db1f5902e71fc32e) Importer(815301076,1909f56bfc062723c751e8b465ee728b)
Start importing Assets/Props/stylized-wood-spike/source/model.fbx using Guid(f4d60b2b176c6fd4db1f5902e71fc32e) Importer(815301076,1909f56bfc062723c751e8b465ee728b) (PreviewImporter) -> (artifact id: '8005173acc0b1242eeddd00f159bcfd4') in 0.0443191 seconds
Number of updated asset objects reloaded before import = 0Number of asset objects unloaded after import = 11

========================================================================
Received Import Request.
  Time since last request: 11.880363 seconds.
  path: Assets/Props/wooden-spike-trap/source
  artifactKey: Guid(563a6b93314052440a6028701d4f7298) Importer(815301076,1909f56bfc062723c751e8b465ee728b)
Start importing Assets/Props/wooden-spike-trap/source using Guid(563a6b93314052440a6028701d4f7298) Importer(815301076,1909f56bfc062723c751e8b465ee728b) (PreviewImporter) -> (artifact id: '24d2266585b7c23c837093d66a1954ed') in 0.0007128 seconds
Number of updated asset objects reloaded before import = 0Number of asset objects unloaded after import = 0

========================================================================
Received Import Request.
  Time since last request: 0.508519 seconds.
  path: Assets/Props/wooden-spike-trap/textures
  artifactKey: Guid(7e124e32e3410934a92366ce07b99659) Importer(815301076,1909f56bfc062723c751e8b465ee728b)
Start importing Assets/Props/wooden-spike-trap/textures using Guid(7e124e32e3410934a92366ce07b99659) Importer(815301076,1909f56bfc062723c751e8b465ee728b) (PreviewImporter) -> (artifact id: 'e9f6c08e5b33d142180b84d317916a4d') in 0.0004499 seconds
Number of updated asset objects reloaded before import = 0Number of asset objects unloaded after import = 0

========================================================================
Received Import Request.
  Time since last request: 0.059558 seconds.
  path: Assets/Props/wooden-spike-trap/textures/internal_ground_ao_texture.jpeg
  artifactKey: Guid(3b44a5ffc3883f245bb4395c09c659c5) Importer(815301076,1909f56bfc062723c751e8b465ee728b)
Start importing Assets/Props/wooden-spike-trap/textures/internal_ground_ao_texture.jpeg using Guid(3b44a5ffc3883f245bb4395c09c659c5) Importer(815301076,1909f56bfc062723c751e8b465ee728b) (PreviewImporter) -> (artifact id: '3b81a417be6135bc629a9043f06339de') in 0.0151217 seconds
Number of updated asset objects reloaded before import = 0Number of asset objects unloaded after import = 2

========================================================================
Received Import Request.
  Time since last request: 0.000030 seconds.
  path: Assets/Props/wooden-spike-trap/textures/SpikeTrap_LP_ST_Spike_Roughness.png
  artifactKey: Guid(67b438c7254bd4c4298ae2760be4aa4d) Importer(815301076,1909f56bfc062723c751e8b465ee728b)
Start importing Assets/Props/wooden-spike-trap/textures/SpikeTrap_LP_ST_Spike_Roughness.png using Guid(67b438c7254bd4c4298ae2760be4aa4d) Importer(815301076,1909f56bfc062723c751e8b465ee728b) (PreviewImporter) -> (artifact id: 'ca451bce180a8bc4c0da29c60ec80b1a') in 0.0208373 seconds
Number of updated asset objects reloaded before import = 0Number of asset objects unloaded after import = 2

========================================================================
Received Import Request.
  Time since last request: 0.000019 seconds.
  path: Assets/Props/wooden-spike-trap/textures/ST_Base_ST_Base_BaseColor.png
  artifactKey: Guid(ac9c16220fca7b049b62895c98ea9995) Importer(815301076,1909f56bfc062723c751e8b465ee728b)
Start importing Assets/Props/wooden-spike-trap/textures/ST_Base_ST_Base_BaseColor.png using Guid(ac9c16220fca7b049b62895c98ea9995) Importer(815301076,1909f56bfc062723c751e8b465ee728b) (PreviewImporter) -> (artifact id: '3ffd916ecd4918676352db2217d2ceb2') in 0.0163286 seconds
Number of updated asset objects reloaded before import = 0Number of asset objects unloaded after import = 2

========================================================================
Received Import Request.
  Time since last request: 0.000018 seconds.
  path: Assets/Props/wooden-spike-trap/textures/SpikeTrap_LP_ST_Spike_Metallic.png
  artifactKey: Guid(489682b7ebdbee44280fa22c1c7d75e1) Importer(815301076,1909f56bfc062723c751e8b465ee728b)
Start importing Assets/Props/wooden-spike-trap/textures/SpikeTrap_LP_ST_Spike_Metallic.png using Guid(489682b7ebdbee44280fa22c1c7d75e1) Importer(815301076,1909f56bfc062723c751e8b465ee728b) (PreviewImporter) -> (artifact id: '19ec93a1e76eb2753f2f3cb0f9b706d7') in 0.0212622 seconds
Number of updated asset objects reloaded before import = 0Number of asset objects unloaded after import = 2

========================================================================
Received Import Request.
  Time since last request: 0.000023 seconds.
  path: Assets/Props/wooden-spike-trap/textures/ST_Base_ST_Base_Roughness.png
  artifactKey: Guid(48c4f1669ed7dc9459000ad3dec299f5) Importer(815301076,1909f56bfc062723c751e8b465ee728b)
Start importing Assets/Props/wooden-spike-trap/textures/ST_Base_ST_Base_Roughness.png using Guid(48c4f1669ed7dc9459000ad3dec299f5) Importer(815301076,1909f56bfc062723c751e8b465ee728b) (PreviewImporter) -> (artifact id: 'c6b6080abb63d4536da665a000420be7') in 0.0196855 seconds
Number of updated asset objects reloaded before import = 0Number of asset objects unloaded after import = 2

========================================================================
Received Import Request.
  Time since last request: 0.000028 seconds.
  path: Assets/Props/wooden-spike-trap/textures/SpikeTrap_LP_ST_Spike_Normal.png
  artifactKey: Guid(7a0484d5c00c8dd41b12f80eef902ad6) Importer(815301076,1909f56bfc062723c751e8b465ee728b)
Start importing Assets/Props/wooden-spike-trap/textures/SpikeTrap_LP_ST_Spike_Normal.png using Guid(7a0484d5c00c8dd41b12f80eef902ad6) Importer(815301076,1909f56bfc062723c751e8b465ee728b) (PreviewImporter) -> (artifact id: '5c80040eacff2e9a74f10faec7cd9004') in 0.0204865 seconds
Number of updated asset objects reloaded before import = 0Number of asset objects unloaded after import = 2

========================================================================
Received Import Request.
  Time since last request: 14.649336 seconds.
  path: Assets/Props/wooden-spike-trap/textures/SpikeTrap_mat.mat
  artifactKey: Guid(8083434566ea8a54dbd9f2db749a30b0) Importer(815301076,1909f56bfc062723c751e8b465ee728b)
Start importing Assets/Props/wooden-spike-trap/textures/SpikeTrap_mat.mat using Guid(8083434566ea8a54dbd9f2db749a30b0) Importer(815301076,1909f56bfc062723c751e8b465ee728b) (PreviewImporter) -> (artifact id: '107dbe588a1f48756d134c071cfb5e73') in 0.0175621 seconds
Number of updated asset objects reloaded before import = 0Number of asset objects unloaded after import = 1

========================================================================
Received Import Request.
  Time since last request: 35.280120 seconds.
  path: Assets/Props/wooden-spike-trap/textures/SpikeBase_mat.mat
  artifactKey: Guid(a7b10a660e5a44d43b170f2543ffaff0) Importer(815301076,1909f56bfc062723c751e8b465ee728b)
Start importing Assets/Props/wooden-spike-trap/textures/SpikeBase_mat.mat using Guid(a7b10a660e5a44d43b170f2543ffaff0) Importer(815301076,1909f56bfc062723c751e8b465ee728b) (PreviewImporter) -> (artifact id: 'df6d1387f4229209e56c3862332652dc') in 0.0222913 seconds
Number of updated asset objects reloaded before import = 0Number of asset objects unloaded after import = 1

========================================================================
Received Import Request.
  Time since last request: 30.482561 seconds.
  path: Assets/Props/wooden-spike-trap/textures/SpikeBase_mat.mat
  artifactKey: Guid(a7b10a660e5a44d43b170f2543ffaff0) Importer(815301076,1909f56bfc062723c751e8b465ee728b)
Start importing Assets/Props/wooden-spike-trap/textures/SpikeBase_mat.mat using Guid(a7b10a660e5a44d43b170f2543ffaff0) Importer(815301076,1909f56bfc062723c751e8b465ee728b) (PreviewImporter) -> (artifact id: 'a9ddac30edf0dc48378b8a5637b9887e') in 0.0351939 seconds
Number of updated asset objects reloaded before import = 0Number of asset objects unloaded after import = 4

========================================================================
Received Import Request.
  Time since last request: 17.231348 seconds.
  path: Assets/Props/wooden-spike-trap/source/SpikeTrap_LP_Upload.fbx
  artifactKey: Guid(12407f7a078650f4dbc0e516f225d537) Importer(815301076,1909f56bfc062723c751e8b465ee728b)
Start importing Assets/Props/wooden-spike-trap/source/SpikeTrap_LP_Upload.fbx using Guid(12407f7a078650f4dbc0e516f225d537) Importer(815301076,1909f56bfc062723c751e8b465ee728b) (PreviewImporter) -> (artifact id: '337dd73d23b8e5c40b404e11f7a88567') in 0.1024141 seconds
Number of updated asset objects reloaded before import = 0Number of asset objects unloaded after import = 32

========================================================================
Received Import Request.
  Time since last request: 25.981298 seconds.
  path: Assets/Props/wooden-spike-trap/source/SpikeTrap_LP_Upload.fbx
  artifactKey: Guid(12407f7a078650f4dbc0e516f225d537) Importer(815301076,1909f56bfc062723c751e8b465ee728b)
Start importing Assets/Props/wooden-spike-trap/source/SpikeTrap_LP_Upload.fbx using Guid(12407f7a078650f4dbc0e516f225d537) Importer(815301076,1909f56bfc062723c751e8b465ee728b) (PreviewImporter) -> (artifact id: 'acb1fc0bd4f457f521445b9bbb2a73c1') in 0.0728507 seconds
Number of updated asset objects reloaded before import = 0Number of asset objects unloaded after import = 32

