Using pre-set license
Built from '6000.0/staging' branch; Version is '6000.0.27f1 (27c554a2199c) revision 2606420'; Using compiler version '193933523'; Build Type 'Release'
OS: 'Windows 11  (10.0.26100) 64bit Core' Language: 'en' Physical Memory: 32496 MB
BatchMode: 1, IsHumanControllingUs: 0, StartBugReporterOnCrash: 0, Is64bit: 1, IsPro: 1

COMMAND LINE ARGUMENTS:
C:\Program Files\Unity\Hub\Editor\6000.0.27f1\Editor\Unity.exe
-adb2
-batchMode
-noUpm
-name
AssetImportWorker6
-projectPath
C:/Users/kprof/ReverseRolesGame
-logFile
Logs/AssetImportWorker6.log
-srvPort
51243
-job-worker-count
15
-background-job-worker-count
8
-asset-garbage-collectors
1
Successfully changed project path to: C:/Users/kprof/ReverseRolesGame
C:/Users/kprof/ReverseRolesGame
[UnityMemory] Configuration Parameters - Can be set up in boot.config
    "memorysetup-bucket-allocator-granularity=16"
    "memorysetup-bucket-allocator-bucket-count=8"
    "memorysetup-bucket-allocator-block-size=33554432"
    "memorysetup-bucket-allocator-block-count=8"
    "memorysetup-main-allocator-block-size=16777216"
    "memorysetup-thread-allocator-block-size=16777216"
    "memorysetup-gfx-main-allocator-block-size=16777216"
    "memorysetup-gfx-thread-allocator-block-size=16777216"
    "memorysetup-cache-allocator-block-size=4194304"
    "memorysetup-typetree-allocator-block-size=2097152"
    "memorysetup-profiler-bucket-allocator-granularity=16"
    "memorysetup-profiler-bucket-allocator-bucket-count=8"
    "memorysetup-profiler-bucket-allocator-block-size=33554432"
    "memorysetup-profiler-bucket-allocator-block-count=8"
    "memorysetup-profiler-allocator-block-size=16777216"
    "memorysetup-profiler-editor-allocator-block-size=1048576"
    "memorysetup-temp-allocator-size-main=16777216"
    "memorysetup-job-temp-allocator-block-size=2097152"
    "memorysetup-job-temp-allocator-block-size-background=1048576"
    "memorysetup-job-temp-allocator-reduction-small-platforms=262144"
    "memorysetup-allocator-temp-initial-block-size-main=262144"
    "memorysetup-allocator-temp-initial-block-size-worker=262144"
    "memorysetup-temp-allocator-size-background-worker=32768"
    "memorysetup-temp-allocator-size-job-worker=262144"
    "memorysetup-temp-allocator-size-preload-manager=33554432"
    "memorysetup-temp-allocator-size-nav-mesh-worker=65536"
    "memorysetup-temp-allocator-size-audio-worker=65536"
    "memorysetup-temp-allocator-size-cloud-worker=32768"
    "memorysetup-temp-allocator-size-gi-baking-worker=262144"
    "memorysetup-temp-allocator-size-gi-baking-worker=262144"
    "memorysetup-temp-allocator-size-gi-baking-worker=262144"
    "memorysetup-temp-allocator-size-gi-baking-worker=262144"
    "memorysetup-temp-allocator-size-gi-baking-worker=262144"
    "memorysetup-temp-allocator-size-gfx=262144"
Player connection [21660]  Target information:

Player connection [21660]  * "[IP] 10.250.52.94 [Port] 0 [Flags] 2 [Guid] 1244506714 [EditorId] 1244506714 [Version] 1048832 [Id] WindowsEditor(7,WIN-K2P1ST5H3LU) [Debug] 1 [PackageName] WindowsEditor [ProjectName] Editor" 

Player connection [21660] Host joined multi-casting on [225.0.0.222:54997]...
Player connection [21660] Host joined alternative multi-casting on [225.0.0.222:34997]...
JobSystem: Creating JobQueue using job-worker-count value 15
[Physics::Module] Initialized fallback backend.
[Physics::Module] Id: 0xdecafbad
Library Redirect Path: Library/
[Physics::Module] Selected backend.
[Physics::Module] Name: PhysX
[Physics::Module] Id: 0xf2b8ea05
[Physics::Module] SDK Version: 4.1.2
[Physics::Module] Integration Version: 1.0.0
[Physics::Module] Threading Mode: Multi-Threaded
Refreshing native plugins compatible for Editor in 1.76 ms, found 3 plugins.
Preloading 0 native plugins for Editor in 0.00 ms.
Initialize engine version: 6000.0.27f1 (27c554a2199c)
[Subsystems] Discovering subsystems at path C:/Program Files/Unity/Hub/Editor/6000.0.27f1/Editor/Data/Resources/UnitySubsystems
[Subsystems] Discovering subsystems at path C:/Users/kprof/ReverseRolesGame/Assets
GfxDevice: creating device client; kGfxThreadingModeNonThreaded
Direct3D:
    Version:  Direct3D 11.0 [level 11.1]
    Renderer: NVIDIA GeForce RTX 4070 Laptop GPU (ID=0x2820)
    Vendor:   NVIDIA
    VRAM:     7948 MB
    Driver:   32.0.15.6614
Initialize mono
Mono path[0] = 'C:/Program Files/Unity/Hub/Editor/6000.0.27f1/Editor/Data/Managed'
Mono path[1] = 'C:/Program Files/Unity/Hub/Editor/6000.0.27f1/Editor/Data/MonoBleedingEdge/lib/mono/unityjit-win32'
Mono config path = 'C:/Program Files/Unity/Hub/Editor/6000.0.27f1/Editor/Data/MonoBleedingEdge/etc'
Using monoOptions --debugger-agent=transport=dt_socket,embedding=1,server=y,suspend=n,address=127.0.0.1:56172
Begin MonoManager ReloadAssembly
Registering precompiled unity dll's ...
Register platform support module: C:/Program Files/Unity/Hub/Editor/6000.0.27f1/Editor/Data/PlaybackEngines/WebGLSupport/UnityEditor.WebGL.Extensions.dll
Register platform support module: C:/Program Files/Unity/Hub/Editor/6000.0.27f1/Editor/Data/PlaybackEngines/WindowsStandaloneSupport/UnityEditor.WindowsStandalone.Extensions.dll
Registered in 0.005086 seconds.
- Loaded All Assemblies, in  0.498 seconds
Native extension for WindowsStandalone target not found
Native extension for WebGL target not found
Mono: successfully reloaded assembly
- Finished resetting the current domain, in  0.368 seconds
Domain Reload Profiling: 864ms
	BeginReloadAssembly (188ms)
		ExecutionOrderSort (0ms)
		DisableScriptedObjects (0ms)
		BackupInstance (0ms)
		ReleaseScriptingObjects (0ms)
		CreateAndSetChildDomain (1ms)
	RebuildCommonClasses (54ms)
	RebuildNativeTypeToScriptingClass (19ms)
	initialDomainReloadingComplete (80ms)
	LoadAllAssembliesAndSetupDomain (155ms)
		LoadAssemblies (185ms)
		RebuildTransferFunctionScriptingTraits (0ms)
		AnalyzeDomain (151ms)
			TypeCache.Refresh (150ms)
				TypeCache.ScanAssembly (138ms)
			BuildScriptInfoCaches (0ms)
			ResolveRequiredComponents (1ms)
	FinalizeReload (368ms)
		ReleaseScriptCaches (0ms)
		RebuildScriptCaches (0ms)
		SetupLoadedEditorAssemblies (325ms)
			LogAssemblyErrors (0ms)
			InitializePlatformSupportModulesInManaged (24ms)
			SetLoadedEditorAssemblies (6ms)
			BeforeProcessingInitializeOnLoad (7ms)
			ProcessInitializeOnLoadAttributes (222ms)
			ProcessInitializeOnLoadMethodAttributes (62ms)
			AfterProcessingInitializeOnLoad (4ms)
			EditorAssembliesLoaded (0ms)
		ExecutionOrderSort2 (0ms)
		AwakeInstancesAfterBackupRestoration (0ms)
========================================================================
Worker process is ready to serve import requests
Import Worker Mode flag is 0x00
Begin MonoManager ReloadAssembly
- Loaded All Assemblies, in  1.139 seconds
Refreshing native plugins compatible for Editor in 0.83 ms, found 3 plugins.
Native extension for WindowsStandalone target not found
Native extension for WebGL target not found
Mono: successfully reloaded assembly
- Finished resetting the current domain, in  1.091 seconds
Domain Reload Profiling: 2227ms
	BeginReloadAssembly (442ms)
		ExecutionOrderSort (0ms)
		DisableScriptedObjects (6ms)
		BackupInstance (0ms)
		ReleaseScriptingObjects (0ms)
		CreateAndSetChildDomain (29ms)
	RebuildCommonClasses (33ms)
	RebuildNativeTypeToScriptingClass (10ms)
	initialDomainReloadingComplete (39ms)
	LoadAllAssembliesAndSetupDomain (611ms)
		LoadAssemblies (399ms)
		RebuildTransferFunctionScriptingTraits (0ms)
		AnalyzeDomain (312ms)
			TypeCache.Refresh (182ms)
				TypeCache.ScanAssembly (165ms)
			BuildScriptInfoCaches (103ms)
			ResolveRequiredComponents (20ms)
	FinalizeReload (1091ms)
		ReleaseScriptCaches (0ms)
		RebuildScriptCaches (0ms)
		SetupLoadedEditorAssemblies (778ms)
			LogAssemblyErrors (0ms)
			InitializePlatformSupportModulesInManaged (3ms)
			SetLoadedEditorAssemblies (4ms)
			BeforeProcessingInitializeOnLoad (68ms)
			ProcessInitializeOnLoadAttributes (600ms)
			ProcessInitializeOnLoadMethodAttributes (94ms)
			AfterProcessingInitializeOnLoad (9ms)
			EditorAssembliesLoaded (0ms)
		ExecutionOrderSort2 (0ms)
		AwakeInstancesAfterBackupRestoration (9ms)
Launched and connected shader compiler UnityShaderCompiler.exe after 0.02 seconds
Refreshing native plugins compatible for Editor in 1.27 ms, found 3 plugins.
Preloading 0 native plugins for Editor in 0.00 ms.
Unloading 200 Unused Serialized files (Serialized files now loaded: 0)
Unloading 5917 unused Assets / (4.3 MB). Loaded Objects now: 6686.
Memory consumption went from 191.3 MB to 187.0 MB.
Total: 11.497100 ms (FindLiveObjects: 0.714100 ms CreateObjectMapping: 0.316700 ms MarkObjects: 7.453500 ms  DeleteObjects: 3.008900 ms)

========================================================================
Received Import Request.
  Time since last request: 1437.639979 seconds.
  path: Assets/Daniel Mistage/Stylized Fantasy Armory/Materials/PLANE MATERIAL.mat
  artifactKey: Guid(d3878f220d800344497382609e25c5ca) Importer(815301076,1909f56bfc062723c751e8b465ee728b)
Start importing Assets/Daniel Mistage/Stylized Fantasy Armory/Materials/PLANE MATERIAL.mat using Guid(d3878f220d800344497382609e25c5ca) Importer(815301076,1909f56bfc062723c751e8b465ee728b) (PreviewImporter) -> (artifact id: 'fbbdd335720f65cbf90b9ebff8c4401c') in 1.0724302 seconds
Number of updated asset objects reloaded before import = 0Number of asset objects unloaded after import = 1

========================================================================
Received Import Request.
  Time since last request: 0.000061 seconds.
  path: Assets/Daniel Mistage/Stylized Fantasy Armory/Materials/PLANTS MATERIAL.mat
  artifactKey: Guid(9254088aeea503c4a899388dc5733a9c) Importer(815301076,1909f56bfc062723c751e8b465ee728b)
Start importing Assets/Daniel Mistage/Stylized Fantasy Armory/Materials/PLANTS MATERIAL.mat using Guid(9254088aeea503c4a899388dc5733a9c) Importer(815301076,1909f56bfc062723c751e8b465ee728b) (PreviewImporter) -> (artifact id: 'a14cf4935ca89aaeef32b31f4ce6043c') in 4.5003728 seconds
Number of updated asset objects reloaded before import = 0Number of asset objects unloaded after import = 1

========================================================================
Received Import Request.
  Time since last request: 77.805968 seconds.
  path: Assets/Daniel Mistage/Stylized Fantasy Armory/Prefabs/Combinations/Shelve.002.prefab
  artifactKey: Guid(ce1ad86b55ac4904eafa920aa852347f) Importer(815301076,1909f56bfc062723c751e8b465ee728b)
Start importing Assets/Daniel Mistage/Stylized Fantasy Armory/Prefabs/Combinations/Shelve.002.prefab using Guid(ce1ad86b55ac4904eafa920aa852347f) Importer(815301076,1909f56bfc062723c751e8b465ee728b) (PreviewImporter) -> (artifact id: '8572b274591de99fdee50811927af420') in 0.4633391 seconds
Number of updated asset objects reloaded before import = 0Number of asset objects unloaded after import = 148

========================================================================
Received Import Request.
  Time since last request: 0.000056 seconds.
  path: Assets/Daniel Mistage/Stylized Fantasy Armory/Prefabs/Combinations/Shelve.003.prefab
  artifactKey: Guid(331dee88ce8760c43885b09619494d38) Importer(815301076,1909f56bfc062723c751e8b465ee728b)
Start importing Assets/Daniel Mistage/Stylized Fantasy Armory/Prefabs/Combinations/Shelve.003.prefab using Guid(331dee88ce8760c43885b09619494d38) Importer(815301076,1909f56bfc062723c751e8b465ee728b) (PreviewImporter) -> (artifact id: '32b3b403d64225409d90e6d2ace294fb') in 0.0975663 seconds
Number of updated asset objects reloaded before import = 0Number of asset objects unloaded after import = 212

========================================================================
Received Import Request.
  Time since last request: 0.000067 seconds.
  path: Assets/Daniel Mistage/Stylized Fantasy Armory/Prefabs/Combinations/WeaponRack.001 1.prefab
  artifactKey: Guid(634f36a4d478a1a49b872c76d6737c0d) Importer(815301076,1909f56bfc062723c751e8b465ee728b)
Start importing Assets/Daniel Mistage/Stylized Fantasy Armory/Prefabs/Combinations/WeaponRack.001 1.prefab using Guid(634f36a4d478a1a49b872c76d6737c0d) Importer(815301076,1909f56bfc062723c751e8b465ee728b) (PreviewImporter) -> (artifact id: 'cedca6b155455b416b9628390e69c5a3') in 0.179844 seconds
Number of updated asset objects reloaded before import = 0Number of asset objects unloaded after import = 35

========================================================================
Received Import Request.
  Time since last request: 0.000045 seconds.
  path: Assets/Daniel Mistage/Stylized Fantasy Armory/Prefabs/Combinations/Table 1.prefab
  artifactKey: Guid(0e960e29558cafc46a13f888ad211f3f) Importer(815301076,1909f56bfc062723c751e8b465ee728b)
Start importing Assets/Daniel Mistage/Stylized Fantasy Armory/Prefabs/Combinations/Table 1.prefab using Guid(0e960e29558cafc46a13f888ad211f3f) Importer(815301076,1909f56bfc062723c751e8b465ee728b) (PreviewImporter) -> (artifact id: 'b94764a7f4746e5bbda976ccb5622f98') in 4.6823981 seconds
Number of updated asset objects reloaded before import = 0Number of asset objects unloaded after import = 597

========================================================================
Received Import Request.
  Time since last request: 5.132472 seconds.
  path: Assets/Forest Pack/Prefabs/Mountain.prefab
  artifactKey: Guid(65c272e42f8922745bf0126830c28c33) Importer(815301076,1909f56bfc062723c751e8b465ee728b)
Start importing Assets/Forest Pack/Prefabs/Mountain.prefab using Guid(65c272e42f8922745bf0126830c28c33) Importer(815301076,1909f56bfc062723c751e8b465ee728b) (PreviewImporter) -> (artifact id: '3fac2902f5391119a94cbad666b78254') in 0.0703065 seconds
Number of updated asset objects reloaded before import = 0Number of asset objects unloaded after import = 14

========================================================================
Received Import Request.
  Time since last request: 0.000037 seconds.
  path: Assets/Forest Pack/Prefabs/Plant008.prefab
  artifactKey: Guid(2e2cc06df5439104f8fab42dd66e8e91) Importer(815301076,1909f56bfc062723c751e8b465ee728b)
Start importing Assets/Forest Pack/Prefabs/Plant008.prefab using Guid(2e2cc06df5439104f8fab42dd66e8e91) Importer(815301076,1909f56bfc062723c751e8b465ee728b) (PreviewImporter) -> (artifact id: '95fd3c11cea339fb1883ad42c6fbd22d') in 0.1229618 seconds
Number of updated asset objects reloaded before import = 0Number of asset objects unloaded after import = 16

========================================================================
Received Import Request.
  Time since last request: 0.000571 seconds.
  path: Assets/Forest Pack/Prefabs/Plant007.prefab
  artifactKey: Guid(c61e6b3a280a5fd4faf8d40a5a1b77c1) Importer(815301076,1909f56bfc062723c751e8b465ee728b)
Start importing Assets/Forest Pack/Prefabs/Plant007.prefab using Guid(c61e6b3a280a5fd4faf8d40a5a1b77c1) Importer(815301076,1909f56bfc062723c751e8b465ee728b) (PreviewImporter) -> (artifact id: '9b7a50386aaccf1ee4f32dee629d0848') in 0.0467539 seconds
Number of updated asset objects reloaded before import = 0Number of asset objects unloaded after import = 17

========================================================================
Received Import Request.
  Time since last request: 0.000048 seconds.
  path: Assets/Forest Pack/Prefabs/Tree004_V4.prefab
  artifactKey: Guid(9820ba24afad44c4e9adc3b8036b734c) Importer(815301076,1909f56bfc062723c751e8b465ee728b)
Start importing Assets/Forest Pack/Prefabs/Tree004_V4.prefab using Guid(9820ba24afad44c4e9adc3b8036b734c) Importer(815301076,1909f56bfc062723c751e8b465ee728b) (PreviewImporter) -> (artifact id: '7448d9bc693ad8bfe25f391023e482a2') in 0.0381935 seconds
Number of updated asset objects reloaded before import = 0Number of asset objects unloaded after import = 14

========================================================================
Received Import Request.
  Time since last request: 0.000111 seconds.
  path: Assets/Forest Pack/Prefabs/Tree003_V2.prefab
  artifactKey: Guid(a5122f3de71a7fa43ab99d68c09a9b50) Importer(815301076,1909f56bfc062723c751e8b465ee728b)
Start importing Assets/Forest Pack/Prefabs/Tree003_V2.prefab using Guid(a5122f3de71a7fa43ab99d68c09a9b50) Importer(815301076,1909f56bfc062723c751e8b465ee728b) (PreviewImporter) -> (artifact id: 'fcd6753d6d9079e5dae99d56e38f32dc') in 0.0357944 seconds
Number of updated asset objects reloaded before import = 0Number of asset objects unloaded after import = 16

========================================================================
Received Import Request.
  Time since last request: 0.000083 seconds.
  path: Assets/Forest Pack/Prefabs/Tree004_V3.prefab
  artifactKey: Guid(1b3b8b2304daa854d873f5dbdcd08c43) Importer(815301076,1909f56bfc062723c751e8b465ee728b)
Start importing Assets/Forest Pack/Prefabs/Tree004_V3.prefab using Guid(1b3b8b2304daa854d873f5dbdcd08c43) Importer(815301076,1909f56bfc062723c751e8b465ee728b) (PreviewImporter) -> (artifact id: '1d453a6af02f5b04a0ff7b215b3e3e13') in 0.0386422 seconds
Number of updated asset objects reloaded before import = 0Number of asset objects unloaded after import = 15

========================================================================
Received Import Request.
  Time since last request: 0.000042 seconds.
  path: Assets/Forest Pack/Prefabs/Tree001_V1.prefab
  artifactKey: Guid(896bf10857fcd964ea12e4ba4ebca91c) Importer(815301076,1909f56bfc062723c751e8b465ee728b)
Start importing Assets/Forest Pack/Prefabs/Tree001_V1.prefab using Guid(896bf10857fcd964ea12e4ba4ebca91c) Importer(815301076,1909f56bfc062723c751e8b465ee728b) (PreviewImporter) -> (artifact id: 'a15a5b18fec08d445ba103a9be27cf7d') in 0.0443709 seconds
Number of updated asset objects reloaded before import = 0Number of asset objects unloaded after import = 15

========================================================================
Received Import Request.
  Time since last request: 0.000047 seconds.
  path: Assets/Forest Pack/Prefabs/Tree004_V1.prefab
  artifactKey: Guid(0f7d185dda1db97408d14da9c1208120) Importer(815301076,1909f56bfc062723c751e8b465ee728b)
Start importing Assets/Forest Pack/Prefabs/Tree004_V1.prefab using Guid(0f7d185dda1db97408d14da9c1208120) Importer(815301076,1909f56bfc062723c751e8b465ee728b) (PreviewImporter) -> (artifact id: '57f9a7f7660d8330323d5969cbea945f') in 0.0388861 seconds
Number of updated asset objects reloaded before import = 0Number of asset objects unloaded after import = 15

========================================================================
Received Import Request.
  Time since last request: 0.000075 seconds.
  path: Assets/Forest Pack/Prefabs/Stone006.prefab
  artifactKey: Guid(5ab2bda7491ed63419442879e55ca4bd) Importer(815301076,1909f56bfc062723c751e8b465ee728b)
Start importing Assets/Forest Pack/Prefabs/Stone006.prefab using Guid(5ab2bda7491ed63419442879e55ca4bd) Importer(815301076,1909f56bfc062723c751e8b465ee728b) (PreviewImporter) -> (artifact id: 'a0083211cf958934c8644acb78fac9b6') in 0.0437879 seconds
Number of updated asset objects reloaded before import = 0Number of asset objects unloaded after import = 14

========================================================================
Received Import Request.
  Time since last request: 0.000045 seconds.
  path: Assets/Forest Pack/Prefabs/Plant002_V2.prefab
  artifactKey: Guid(305273e6ac60fc6449e0cfbde9d7c9d2) Importer(815301076,1909f56bfc062723c751e8b465ee728b)
Start importing Assets/Forest Pack/Prefabs/Plant002_V2.prefab using Guid(305273e6ac60fc6449e0cfbde9d7c9d2) Importer(815301076,1909f56bfc062723c751e8b465ee728b) (PreviewImporter) -> (artifact id: '83be1b6bb29cfbb0b71dc3fbc1a675da') in 0.0378428 seconds
Number of updated asset objects reloaded before import = 0Number of asset objects unloaded after import = 13

========================================================================
Received Import Request.
  Time since last request: 0.000073 seconds.
  path: Assets/Forest Pack/Prefabs/Plant003_V1.prefab
  artifactKey: Guid(2e4d7ef2743a629458f9b1db8484861c) Importer(815301076,1909f56bfc062723c751e8b465ee728b)
Start importing Assets/Forest Pack/Prefabs/Plant003_V1.prefab using Guid(2e4d7ef2743a629458f9b1db8484861c) Importer(815301076,1909f56bfc062723c751e8b465ee728b) (PreviewImporter) -> (artifact id: 'fff8bcf43c01f869fa28abc6242c5032') in 0.0389994 seconds
Number of updated asset objects reloaded before import = 0Number of asset objects unloaded after import = 15

========================================================================
Received Import Request.
  Time since last request: 0.000325 seconds.
  path: Assets/Forest Pack/Prefabs/Mushroom005.prefab
  artifactKey: Guid(65ad1839d9469cc449dccd2b0c7162e4) Importer(815301076,1909f56bfc062723c751e8b465ee728b)
Start importing Assets/Forest Pack/Prefabs/Mushroom005.prefab using Guid(65ad1839d9469cc449dccd2b0c7162e4) Importer(815301076,1909f56bfc062723c751e8b465ee728b) (PreviewImporter) -> (artifact id: '829931bc8587b867042197c3f70595c4') in 0.0654193 seconds
Number of updated asset objects reloaded before import = 0Number of asset objects unloaded after import = 16

========================================================================
Received Import Request.
  Time since last request: 0.000069 seconds.
  path: Assets/Forest Pack/Prefabs/Stone007.prefab
  artifactKey: Guid(d7eb169a23bfa844e92fee514a2bf334) Importer(815301076,1909f56bfc062723c751e8b465ee728b)
Start importing Assets/Forest Pack/Prefabs/Stone007.prefab using Guid(d7eb169a23bfa844e92fee514a2bf334) Importer(815301076,1909f56bfc062723c751e8b465ee728b) (PreviewImporter) -> (artifact id: '1b6379eaf6cf52a21b6fcf88bc901945') in 0.0442546 seconds
Number of updated asset objects reloaded before import = 0Number of asset objects unloaded after import = 14

========================================================================
Received Import Request.
  Time since last request: 0.000053 seconds.
  path: Assets/Forest Pack/Prefabs/Stone010.prefab
  artifactKey: Guid(da804d1c04f475243b05c0b677314e40) Importer(815301076,1909f56bfc062723c751e8b465ee728b)
Start importing Assets/Forest Pack/Prefabs/Stone010.prefab using Guid(da804d1c04f475243b05c0b677314e40) Importer(815301076,1909f56bfc062723c751e8b465ee728b) (PreviewImporter) -> (artifact id: '136da48a48105e5933016a52e7a1f80a') in 0.0420116 seconds
Number of updated asset objects reloaded before import = 0Number of asset objects unloaded after import = 49

========================================================================
Received Import Request.
  Time since last request: 0.000070 seconds.
  path: Assets/Forest Pack/Prefabs/Mushroom007.prefab
  artifactKey: Guid(b36f71dcd9de8d541962bef14846c95e) Importer(815301076,1909f56bfc062723c751e8b465ee728b)
Start importing Assets/Forest Pack/Prefabs/Mushroom007.prefab using Guid(b36f71dcd9de8d541962bef14846c95e) Importer(815301076,1909f56bfc062723c751e8b465ee728b) (PreviewImporter) -> (artifact id: '51c98847d88c000bfe41bd2a73782779') in 0.0461551 seconds
Number of updated asset objects reloaded before import = 0Number of asset objects unloaded after import = 17

========================================================================
Received Import Request.
  Time since last request: 0.000051 seconds.
  path: Assets/Forest Pack/Prefabs/Tree002_V2.prefab
  artifactKey: Guid(0c103014a8429384f821878fe411538a) Importer(815301076,1909f56bfc062723c751e8b465ee728b)
Start importing Assets/Forest Pack/Prefabs/Tree002_V2.prefab using Guid(0c103014a8429384f821878fe411538a) Importer(815301076,1909f56bfc062723c751e8b465ee728b) (PreviewImporter) -> (artifact id: 'ac21c9459817ecd2814f065e1b450983') in 0.0389128 seconds
Number of updated asset objects reloaded before import = 0Number of asset objects unloaded after import = 15

========================================================================
Received Import Request.
  Time since last request: 0.000132 seconds.
  path: Assets/Forest Pack/Prefabs/Tree005_V1.prefab
  artifactKey: Guid(9bd7e60f16c0c9b4fa05f049e3cd8f1d) Importer(815301076,1909f56bfc062723c751e8b465ee728b)
Start importing Assets/Forest Pack/Prefabs/Tree005_V1.prefab using Guid(9bd7e60f16c0c9b4fa05f049e3cd8f1d) Importer(815301076,1909f56bfc062723c751e8b465ee728b) (PreviewImporter) -> (artifact id: '06e1617cd3d0cfcd6be6ba805a2ba458') in 0.0664016 seconds
Number of updated asset objects reloaded before import = 0Number of asset objects unloaded after import = 15

========================================================================
Received Import Request.
  Time since last request: 6.546581 seconds.
  path: Assets/JC_StylizedNature_Lite/Prefabs/SM_Rock_01.prefab
  artifactKey: Guid(02323f354a4cb6343a4c4466e3cabdcb) Importer(815301076,1909f56bfc062723c751e8b465ee728b)
Start importing Assets/JC_StylizedNature_Lite/Prefabs/SM_Rock_01.prefab using Guid(02323f354a4cb6343a4c4466e3cabdcb) Importer(815301076,1909f56bfc062723c751e8b465ee728b) (PreviewImporter) -> (artifact id: 'acf5d415560a9fd83b2c1776bae512fb') in 0.1351666 seconds
Number of updated asset objects reloaded before import = 0Number of asset objects unloaded after import = 21

========================================================================
Received Import Request.
  Time since last request: 25.651154 seconds.
  path: Assets/JC_StylizedNature_Lite/Prefabs/SM_Rock_01.prefab
  artifactKey: Guid(02323f354a4cb6343a4c4466e3cabdcb) Importer(815301076,1909f56bfc062723c751e8b465ee728b)
Start importing Assets/JC_StylizedNature_Lite/Prefabs/SM_Rock_01.prefab using Guid(02323f354a4cb6343a4c4466e3cabdcb) Importer(815301076,1909f56bfc062723c751e8b465ee728b) (PreviewImporter) -> (artifact id: '7dd701a49ddb4df38131ba8bba3796ef') in 4.752454 seconds
Number of updated asset objects reloaded before import = 0Number of asset objects unloaded after import = 21

========================================================================
Received Import Request.
  Time since last request: 5.801723 seconds.
  path: Assets/StylizedHandPaintedDungeon(Free)/Prefabs/Pillar.prefab
  artifactKey: Guid(7c7baabdbc078cb4098d5880fc72c0f3) Importer(815301076,1909f56bfc062723c751e8b465ee728b)
Start importing Assets/StylizedHandPaintedDungeon(Free)/Prefabs/Pillar.prefab using Guid(7c7baabdbc078cb4098d5880fc72c0f3) Importer(815301076,1909f56bfc062723c751e8b465ee728b) (PreviewImporter) -> (artifact id: 'cefec996860f0ae3dc5e31a783e78362') in 0.0686259 seconds
Number of updated asset objects reloaded before import = 0Number of asset objects unloaded after import = 9

========================================================================
Received Import Request.
  Time since last request: 15.364278 seconds.
  path: Assets/StylizedHandPaintedDungeon(Free)/Prefabs/Pillar.prefab
  artifactKey: Guid(7c7baabdbc078cb4098d5880fc72c0f3) Importer(815301076,1909f56bfc062723c751e8b465ee728b)
Start importing Assets/StylizedHandPaintedDungeon(Free)/Prefabs/Pillar.prefab using Guid(7c7baabdbc078cb4098d5880fc72c0f3) Importer(815301076,1909f56bfc062723c751e8b465ee728b) (PreviewImporter) -> (artifact id: 'ef3995c94fb1b0b86104cdac505045ea') in 0.0393763 seconds
Number of updated asset objects reloaded before import = 0Number of asset objects unloaded after import = 9

Editor requested this worker to shutdown with reason: Scaling down because of idle timeout
AssetImportWorker is now disconnected from the server
Process exiting
Exiting without the bug reporter. Application will terminate with return code 0