Using pre-set license
Built from '6000.0/staging' branch; Version is '6000.0.27f1 (27c554a2199c) revision 2606420'; Using compiler version '193933523'; Build Type 'Release'
OS: 'Windows 11  (10.0.26100) 64bit Core' Language: 'en' Physical Memory: 32496 MB
BatchMode: 1, IsHumanControllingUs: 0, StartBugReporterOnCrash: 0, Is64bit: 1, IsPro: 1

COMMAND LINE ARGUMENTS:
C:\Program Files\Unity\Hub\Editor\6000.0.27f1\Editor\Unity.exe
-adb2
-batchMode
-noUpm
-name
AssetImportWorker47
-projectPath
C:/Users/kprof/ReverseRolesGame
-logFile
Logs/AssetImportWorker47.log
-srvPort
63521
-job-worker-count
15
-background-job-worker-count
8
-asset-garbage-collectors
1
Successfully changed project path to: C:/Users/kprof/ReverseRolesGame
C:/Users/kprof/ReverseRolesGame
[UnityMemory] Configuration Parameters - Can be set up in boot.config
    "memorysetup-bucket-allocator-granularity=16"
    "memorysetup-bucket-allocator-bucket-count=8"
    "memorysetup-bucket-allocator-block-size=33554432"
    "memorysetup-bucket-allocator-block-count=8"
    "memorysetup-main-allocator-block-size=16777216"
    "memorysetup-thread-allocator-block-size=16777216"
    "memorysetup-gfx-main-allocator-block-size=16777216"
    "memorysetup-gfx-thread-allocator-block-size=16777216"
    "memorysetup-cache-allocator-block-size=4194304"
    "memorysetup-typetree-allocator-block-size=2097152"
    "memorysetup-profiler-bucket-allocator-granularity=16"
    "memorysetup-profiler-bucket-allocator-bucket-count=8"
    "memorysetup-profiler-bucket-allocator-block-size=33554432"
    "memorysetup-profiler-bucket-allocator-block-count=8"
    "memorysetup-profiler-allocator-block-size=16777216"
    "memorysetup-profiler-editor-allocator-block-size=1048576"
    "memorysetup-temp-allocator-size-main=16777216"
    "memorysetup-job-temp-allocator-block-size=2097152"
    "memorysetup-job-temp-allocator-block-size-background=1048576"
    "memorysetup-job-temp-allocator-reduction-small-platforms=262144"
    "memorysetup-allocator-temp-initial-block-size-main=262144"
    "memorysetup-allocator-temp-initial-block-size-worker=262144"
    "memorysetup-temp-allocator-size-background-worker=32768"
    "memorysetup-temp-allocator-size-job-worker=262144"
    "memorysetup-temp-allocator-size-preload-manager=33554432"
    "memorysetup-temp-allocator-size-nav-mesh-worker=65536"
    "memorysetup-temp-allocator-size-audio-worker=65536"
    "memorysetup-temp-allocator-size-cloud-worker=32768"
    "memorysetup-temp-allocator-size-gi-baking-worker=262144"
    "memorysetup-temp-allocator-size-gi-baking-worker=262144"
    "memorysetup-temp-allocator-size-gi-baking-worker=262144"
    "memorysetup-temp-allocator-size-gi-baking-worker=262144"
    "memorysetup-temp-allocator-size-gi-baking-worker=262144"
    "memorysetup-temp-allocator-size-gfx=262144"
Player connection [18052]  Target information:

Player connection [18052]  * "[IP] 10.250.46.81 [Port] 0 [Flags] 2 [Guid] 1188556874 [EditorId] 1188556874 [Version] 1048832 [Id] WindowsEditor(7,WIN-K2P1ST5H3LU) [Debug] 1 [PackageName] WindowsEditor [ProjectName] Editor" 

Player connection [18052] Host joined multi-casting on [225.0.0.222:54997]...
Player connection [18052] Host joined alternative multi-casting on [225.0.0.222:34997]...
JobSystem: Creating JobQueue using job-worker-count value 15
[Physics::Module] Initialized fallback backend.
[Physics::Module] Id: 0xdecafbad
Library Redirect Path: Library/
[Physics::Module] Selected backend.
[Physics::Module] Name: PhysX
[Physics::Module] Id: 0xf2b8ea05
[Physics::Module] SDK Version: 4.1.2
[Physics::Module] Integration Version: 1.0.0
[Physics::Module] Threading Mode: Multi-Threaded
Refreshing native plugins compatible for Editor in 0.92 ms, found 3 plugins.
Preloading 0 native plugins for Editor in 0.00 ms.
Initialize engine version: 6000.0.27f1 (27c554a2199c)
[Subsystems] Discovering subsystems at path C:/Program Files/Unity/Hub/Editor/6000.0.27f1/Editor/Data/Resources/UnitySubsystems
[Subsystems] Discovering subsystems at path C:/Users/kprof/ReverseRolesGame/Assets
GfxDevice: creating device client; kGfxThreadingModeNonThreaded
Direct3D:
    Version:  Direct3D 11.0 [level 11.1]
    Renderer: NVIDIA GeForce RTX 4070 Laptop GPU (ID=0x2820)
    Vendor:   NVIDIA
    VRAM:     7948 MB
    Driver:   32.0.15.6614
Initialize mono
Mono path[0] = 'C:/Program Files/Unity/Hub/Editor/6000.0.27f1/Editor/Data/Managed'
Mono path[1] = 'C:/Program Files/Unity/Hub/Editor/6000.0.27f1/Editor/Data/MonoBleedingEdge/lib/mono/unityjit-win32'
Mono config path = 'C:/Program Files/Unity/Hub/Editor/6000.0.27f1/Editor/Data/MonoBleedingEdge/etc'
Using monoOptions --debugger-agent=transport=dt_socket,embedding=1,server=y,suspend=n,address=127.0.0.1:56564
Begin MonoManager ReloadAssembly
Registering precompiled unity dll's ...
Register platform support module: C:/Program Files/Unity/Hub/Editor/6000.0.27f1/Editor/Data/PlaybackEngines/WebGLSupport/UnityEditor.WebGL.Extensions.dll
Register platform support module: C:/Program Files/Unity/Hub/Editor/6000.0.27f1/Editor/Data/PlaybackEngines/WindowsStandaloneSupport/UnityEditor.WindowsStandalone.Extensions.dll
Registered in 0.002177 seconds.
- Loaded All Assemblies, in  0.290 seconds
Native extension for WindowsStandalone target not found
Native extension for WebGL target not found
Mono: successfully reloaded assembly
- Finished resetting the current domain, in  0.353 seconds
Domain Reload Profiling: 642ms
	BeginReloadAssembly (96ms)
		ExecutionOrderSort (0ms)
		DisableScriptedObjects (0ms)
		BackupInstance (0ms)
		ReleaseScriptingObjects (0ms)
		CreateAndSetChildDomain (1ms)
	RebuildCommonClasses (28ms)
	RebuildNativeTypeToScriptingClass (9ms)
	initialDomainReloadingComplete (36ms)
	LoadAllAssembliesAndSetupDomain (119ms)
		LoadAssemblies (95ms)
		RebuildTransferFunctionScriptingTraits (0ms)
		AnalyzeDomain (117ms)
			TypeCache.Refresh (115ms)
				TypeCache.ScanAssembly (105ms)
			BuildScriptInfoCaches (0ms)
			ResolveRequiredComponents (0ms)
	FinalizeReload (354ms)
		ReleaseScriptCaches (0ms)
		RebuildScriptCaches (0ms)
		SetupLoadedEditorAssemblies (317ms)
			LogAssemblyErrors (0ms)
			InitializePlatformSupportModulesInManaged (20ms)
			SetLoadedEditorAssemblies (4ms)
			BeforeProcessingInitializeOnLoad (5ms)
			ProcessInitializeOnLoadAttributes (207ms)
			ProcessInitializeOnLoadMethodAttributes (77ms)
			AfterProcessingInitializeOnLoad (2ms)
			EditorAssembliesLoaded (0ms)
		ExecutionOrderSort2 (0ms)
		AwakeInstancesAfterBackupRestoration (0ms)
========================================================================
Worker process is ready to serve import requests
Import Worker Mode flag is 0x00
Begin MonoManager ReloadAssembly
- Loaded All Assemblies, in  0.748 seconds
Refreshing native plugins compatible for Editor in 0.56 ms, found 3 plugins.
Native extension for WindowsStandalone target not found
Native extension for WebGL target not found
Mono: successfully reloaded assembly
- Finished resetting the current domain, in  0.753 seconds
Domain Reload Profiling: 1499ms
	BeginReloadAssembly (299ms)
		ExecutionOrderSort (0ms)
		DisableScriptedObjects (4ms)
		BackupInstance (0ms)
		ReleaseScriptingObjects (0ms)
		CreateAndSetChildDomain (23ms)
	RebuildCommonClasses (28ms)
	RebuildNativeTypeToScriptingClass (9ms)
	initialDomainReloadingComplete (28ms)
	LoadAllAssembliesAndSetupDomain (382ms)
		LoadAssemblies (268ms)
		RebuildTransferFunctionScriptingTraits (0ms)
		AnalyzeDomain (191ms)
			TypeCache.Refresh (131ms)
				TypeCache.ScanAssembly (119ms)
			BuildScriptInfoCaches (47ms)
			ResolveRequiredComponents (8ms)
	FinalizeReload (753ms)
		ReleaseScriptCaches (0ms)
		RebuildScriptCaches (0ms)
		SetupLoadedEditorAssemblies (546ms)
			LogAssemblyErrors (0ms)
			InitializePlatformSupportModulesInManaged (3ms)
			SetLoadedEditorAssemblies (4ms)
			BeforeProcessingInitializeOnLoad (52ms)
			ProcessInitializeOnLoadAttributes (423ms)
			ProcessInitializeOnLoadMethodAttributes (58ms)
			AfterProcessingInitializeOnLoad (5ms)
			EditorAssembliesLoaded (0ms)
		ExecutionOrderSort2 (0ms)
		AwakeInstancesAfterBackupRestoration (5ms)
Launched and connected shader compiler UnityShaderCompiler.exe after 0.01 seconds
Refreshing native plugins compatible for Editor in 1.29 ms, found 3 plugins.
Preloading 0 native plugins for Editor in 0.00 ms.
Unloading 200 Unused Serialized files (Serialized files now loaded: 0)
Unloading 5917 unused Assets / (4.1 MB). Loaded Objects now: 6689.
Memory consumption went from 200.3 MB to 196.2 MB.
Total: 11.777200 ms (FindLiveObjects: 0.754300 ms CreateObjectMapping: 0.645500 ms MarkObjects: 7.583000 ms  DeleteObjects: 2.790200 ms)

========================================================================
Received Import Request.
  Time since last request: 236453.447943 seconds.
  path: Assets/Props/chandelier/source/model/model/textures/lambert2SG_AO.jpg
  artifactKey: Guid(78b521c7fcbe01f4389b3ae13010ac9c) Importer(815301076,1909f56bfc062723c751e8b465ee728b)
Start importing Assets/Props/chandelier/source/model/model/textures/lambert2SG_AO.jpg using Guid(78b521c7fcbe01f4389b3ae13010ac9c) Importer(815301076,1909f56bfc062723c751e8b465ee728b) (PreviewImporter) -> (artifact id: '85a33a91e8f2a6901218891dc28c5ab0') in 0.060717 seconds
Number of updated asset objects reloaded before import = 0Number of asset objects unloaded after import = 2

========================================================================
Received Import Request.
  Time since last request: 0.000027 seconds.
  path: Assets/Props/chandelier/source/model/model/textures/lambert6SG_roughness.jpg
  artifactKey: Guid(511b3e2b2900fc14e8dde29f3e7366bb) Importer(815301076,1909f56bfc062723c751e8b465ee728b)
Start importing Assets/Props/chandelier/source/model/model/textures/lambert6SG_roughness.jpg using Guid(511b3e2b2900fc14e8dde29f3e7366bb) Importer(815301076,1909f56bfc062723c751e8b465ee728b) (PreviewImporter) -> (artifact id: 'a8e05ca1a3690472c7e460dc15eec9a2') in 0.0368371 seconds
Number of updated asset objects reloaded before import = 0Number of asset objects unloaded after import = 2

========================================================================
Received Import Request.
  Time since last request: 0.000021 seconds.
  path: Assets/Props/chandelier/source/model/model/textures/lambert4SG_metallic.jpg
  artifactKey: Guid(1bb2616cad72e65429575bfde6bc0c97) Importer(815301076,1909f56bfc062723c751e8b465ee728b)
Start importing Assets/Props/chandelier/source/model/model/textures/lambert4SG_metallic.jpg using Guid(1bb2616cad72e65429575bfde6bc0c97) Importer(815301076,1909f56bfc062723c751e8b465ee728b) (PreviewImporter) -> (artifact id: 'c8f8502f253a43610ea59469469383af') in 0.0107696 seconds
Number of updated asset objects reloaded before import = 0Number of asset objects unloaded after import = 2

========================================================================
Received Import Request.
  Time since last request: 0.000013 seconds.
  path: Assets/Props/chandelier/source/model/model/textures/lambert4SG_AO.jpg
  artifactKey: Guid(fcd54a7297199c5488543511e0e8a91a) Importer(815301076,1909f56bfc062723c751e8b465ee728b)
Start importing Assets/Props/chandelier/source/model/model/textures/lambert4SG_AO.jpg using Guid(fcd54a7297199c5488543511e0e8a91a) Importer(815301076,1909f56bfc062723c751e8b465ee728b) (PreviewImporter) -> (artifact id: '101eb9a1b367f55bebe28a199840af14') in 0.0209034 seconds
Number of updated asset objects reloaded before import = 0Number of asset objects unloaded after import = 2

========================================================================
Received Import Request.
  Time since last request: 58.165228 seconds.
  path: Assets/Props/chandelier/source/model/model/textures/lambert3SG_mat.mat
  artifactKey: Guid(ca833dc8443dcc84bba9cbfad33565ec) Importer(815301076,1909f56bfc062723c751e8b465ee728b)
Start importing Assets/Props/chandelier/source/model/model/textures/lambert3SG_mat.mat using Guid(ca833dc8443dcc84bba9cbfad33565ec) Importer(815301076,1909f56bfc062723c751e8b465ee728b) (PreviewImporter) -> (artifact id: '5214460478812b62b4130a52dad1e892') in 0.3039746 seconds
Number of updated asset objects reloaded before import = 0Number of asset objects unloaded after import = 1

========================================================================
Received Import Request.
  Time since last request: 28.885351 seconds.
  path: Assets/Props/chandelier/source/model/model/textures/lambert4SG_mat.mat
  artifactKey: Guid(a6c2acbaacd4a1747bdcc598d3114bbd) Importer(815301076,1909f56bfc062723c751e8b465ee728b)
Start importing Assets/Props/chandelier/source/model/model/textures/lambert4SG_mat.mat using Guid(a6c2acbaacd4a1747bdcc598d3114bbd) Importer(815301076,1909f56bfc062723c751e8b465ee728b) (PreviewImporter) -> (artifact id: 'e35d15f24bcfcfa79407dd12e5ed0f3f') in 0.0207281 seconds
Number of updated asset objects reloaded before import = 0Number of asset objects unloaded after import = 1

========================================================================
Received Import Request.
  Time since last request: 30.790184 seconds.
  path: Assets/Props/chandelier/source/model/model/textures/lambert5SG_mat.mat
  artifactKey: Guid(ef794f2a324a2164fbbe73508b5913b9) Importer(815301076,1909f56bfc062723c751e8b465ee728b)
Start importing Assets/Props/chandelier/source/model/model/textures/lambert5SG_mat.mat using Guid(ef794f2a324a2164fbbe73508b5913b9) Importer(815301076,1909f56bfc062723c751e8b465ee728b) (PreviewImporter) -> (artifact id: 'e4d711fe3c54b871d104566fc8a2a084') in 0.0222027 seconds
Number of updated asset objects reloaded before import = 0Number of asset objects unloaded after import = 1

========================================================================
Received Import Request.
  Time since last request: 23.094937 seconds.
  path: Assets/Props/chandelier/source/model/model/textures/lambert6SG_mat.mat
  artifactKey: Guid(fbf0bf9aa88ed8844aa20ec599a3fd69) Importer(815301076,1909f56bfc062723c751e8b465ee728b)
Start importing Assets/Props/chandelier/source/model/model/textures/lambert6SG_mat.mat using Guid(fbf0bf9aa88ed8844aa20ec599a3fd69) Importer(815301076,1909f56bfc062723c751e8b465ee728b) (PreviewImporter) -> (artifact id: 'f26d99ddf43776a3d24f9e3e2a57a3b3') in 0.0282358 seconds
Number of updated asset objects reloaded before import = 0Number of asset objects unloaded after import = 1

========================================================================
Received Import Request.
  Time since last request: 635.108629 seconds.
  path: Assets/Props/stylized-wood-pbr-material/source/StylizedWood/StylizedWood1_Albedo.png
  artifactKey: Guid(071999cdc0379684d85206077cc5cdff) Importer(815301076,1909f56bfc062723c751e8b465ee728b)
Start importing Assets/Props/stylized-wood-pbr-material/source/StylizedWood/StylizedWood1_Albedo.png using Guid(071999cdc0379684d85206077cc5cdff) Importer(815301076,1909f56bfc062723c751e8b465ee728b) (PreviewImporter) -> (artifact id: '4361bbe013318465cf719b5d3408340e') in 0.0317012 seconds
Number of updated asset objects reloaded before import = 0Number of asset objects unloaded after import = 2

========================================================================
Received Import Request.
  Time since last request: 0.000050 seconds.
  path: Assets/Props/stylized-wood-pbr-material/source/StylizedWood/StylizedWood1_Normal.png
  artifactKey: Guid(1f2bbe11727a45246a15985dec796075) Importer(815301076,1909f56bfc062723c751e8b465ee728b)
Start importing Assets/Props/stylized-wood-pbr-material/source/StylizedWood/StylizedWood1_Normal.png using Guid(1f2bbe11727a45246a15985dec796075) Importer(815301076,1909f56bfc062723c751e8b465ee728b) (PreviewImporter) -> (artifact id: '8f69fa3b339347408657700f6099f4c1') in 0.0321614 seconds
Number of updated asset objects reloaded before import = 0Number of asset objects unloaded after import = 2

========================================================================
Received Import Request.
  Time since last request: 0.000023 seconds.
  path: Assets/Props/stylized-wood-pbr-material/source/StylizedWood/StylizedWood1_AO.png
  artifactKey: Guid(263b004f1f4bdd442b2fda3a32eea22a) Importer(815301076,1909f56bfc062723c751e8b465ee728b)
Start importing Assets/Props/stylized-wood-pbr-material/source/StylizedWood/StylizedWood1_AO.png using Guid(263b004f1f4bdd442b2fda3a32eea22a) Importer(815301076,1909f56bfc062723c751e8b465ee728b) (PreviewImporter) -> (artifact id: '23869f338d02c65c0dbd1484aa48c020') in 0.0190888 seconds
Number of updated asset objects reloaded before import = 0Number of asset objects unloaded after import = 2

========================================================================
Received Import Request.
  Time since last request: 0.000022 seconds.
  path: Assets/Props/stylized-wood-pbr-material/source/StylizedWood/StylizedWood1_Specular.png
  artifactKey: Guid(cc4bfbdf319021247bb37858ae0574dc) Importer(815301076,1909f56bfc062723c751e8b465ee728b)
Start importing Assets/Props/stylized-wood-pbr-material/source/StylizedWood/StylizedWood1_Specular.png using Guid(cc4bfbdf319021247bb37858ae0574dc) Importer(815301076,1909f56bfc062723c751e8b465ee728b) (PreviewImporter) -> (artifact id: 'e57ea94cd52af766dfcfd44cd6fd25c0') in 0.0211073 seconds
Number of updated asset objects reloaded before import = 0Number of asset objects unloaded after import = 2

========================================================================
Received Import Request.
  Time since last request: 9.033841 seconds.
  path: Assets/Props/stylized-wood-pbr-material/textures/StylizedWood1_Normal.png
  artifactKey: Guid(92679091b5db3d240a2442475d214c7d) Importer(815301076,1909f56bfc062723c751e8b465ee728b)
Start importing Assets/Props/stylized-wood-pbr-material/textures/StylizedWood1_Normal.png using Guid(92679091b5db3d240a2442475d214c7d) Importer(815301076,1909f56bfc062723c751e8b465ee728b) (PreviewImporter) -> (artifact id: 'c0bedafa6ac1f5320fb869b05fd26f0d') in 0.0367315 seconds
Number of updated asset objects reloaded before import = 0Number of asset objects unloaded after import = 2

Editor requested this worker to shutdown with reason: Scaling down because of idle timeout
AssetImportWorker is now disconnected from the server
Process exiting
Exiting without the bug reporter. Application will terminate with return code 0