Using pre-set license
Built from '6000.0/staging' branch; Version is '6000.0.27f1 (27c554a2199c) revision 2606420'; Using compiler version '193933523'; Build Type 'Release'
OS: 'Windows 11  (10.0.26100) 64bit Core' Language: 'en' Physical Memory: 32496 MB
BatchMode: 1, IsHumanControllingUs: 0, StartBugReporterOnCrash: 0, Is64bit: 1, IsPro: 1

COMMAND LINE ARGUMENTS:
C:\Program Files\Unity\Hub\Editor\6000.0.27f1\Editor\Unity.exe
-adb2
-batchMode
-noUpm
-name
AssetImportWorker45
-projectPath
C:/Users/kprof/ReverseRolesGame
-logFile
Logs/AssetImportWorker45.log
-srvPort
63521
-job-worker-count
15
-background-job-worker-count
8
-asset-garbage-collectors
1
Successfully changed project path to: C:/Users/kprof/ReverseRolesGame
C:/Users/kprof/ReverseRolesGame
[UnityMemory] Configuration Parameters - Can be set up in boot.config
    "memorysetup-bucket-allocator-granularity=16"
    "memorysetup-bucket-allocator-bucket-count=8"
    "memorysetup-bucket-allocator-block-size=33554432"
    "memorysetup-bucket-allocator-block-count=8"
    "memorysetup-main-allocator-block-size=16777216"
    "memorysetup-thread-allocator-block-size=16777216"
    "memorysetup-gfx-main-allocator-block-size=16777216"
    "memorysetup-gfx-thread-allocator-block-size=16777216"
    "memorysetup-cache-allocator-block-size=4194304"
    "memorysetup-typetree-allocator-block-size=2097152"
    "memorysetup-profiler-bucket-allocator-granularity=16"
    "memorysetup-profiler-bucket-allocator-bucket-count=8"
    "memorysetup-profiler-bucket-allocator-block-size=33554432"
    "memorysetup-profiler-bucket-allocator-block-count=8"
    "memorysetup-profiler-allocator-block-size=16777216"
    "memorysetup-profiler-editor-allocator-block-size=1048576"
    "memorysetup-temp-allocator-size-main=16777216"
    "memorysetup-job-temp-allocator-block-size=2097152"
    "memorysetup-job-temp-allocator-block-size-background=1048576"
    "memorysetup-job-temp-allocator-reduction-small-platforms=262144"
    "memorysetup-allocator-temp-initial-block-size-main=262144"
    "memorysetup-allocator-temp-initial-block-size-worker=262144"
    "memorysetup-temp-allocator-size-background-worker=32768"
    "memorysetup-temp-allocator-size-job-worker=262144"
    "memorysetup-temp-allocator-size-preload-manager=33554432"
    "memorysetup-temp-allocator-size-nav-mesh-worker=65536"
    "memorysetup-temp-allocator-size-audio-worker=65536"
    "memorysetup-temp-allocator-size-cloud-worker=32768"
    "memorysetup-temp-allocator-size-gi-baking-worker=262144"
    "memorysetup-temp-allocator-size-gi-baking-worker=262144"
    "memorysetup-temp-allocator-size-gi-baking-worker=262144"
    "memorysetup-temp-allocator-size-gi-baking-worker=262144"
    "memorysetup-temp-allocator-size-gi-baking-worker=262144"
    "memorysetup-temp-allocator-size-gfx=262144"
Player connection [30548]  Target information:

Player connection [30548]  * "[IP] 10.250.46.81 [Port] 0 [Flags] 2 [Guid] 438899348 [EditorId] 438899348 [Version] 1048832 [Id] WindowsEditor(7,WIN-K2P1ST5H3LU) [Debug] 1 [PackageName] WindowsEditor [ProjectName] Editor" 

Player connection [30548] Host joined multi-casting on [225.0.0.222:54997]...
Player connection [30548] Host joined alternative multi-casting on [225.0.0.222:34997]...
JobSystem: Creating JobQueue using job-worker-count value 15
[Physics::Module] Initialized fallback backend.
[Physics::Module] Id: 0xdecafbad
Library Redirect Path: Library/
[Physics::Module] Selected backend.
[Physics::Module] Name: PhysX
[Physics::Module] Id: 0xf2b8ea05
[Physics::Module] SDK Version: 4.1.2
[Physics::Module] Integration Version: 1.0.0
[Physics::Module] Threading Mode: Multi-Threaded
Refreshing native plugins compatible for Editor in 0.96 ms, found 3 plugins.
Preloading 0 native plugins for Editor in 0.00 ms.
Initialize engine version: 6000.0.27f1 (27c554a2199c)
[Subsystems] Discovering subsystems at path C:/Program Files/Unity/Hub/Editor/6000.0.27f1/Editor/Data/Resources/UnitySubsystems
[Subsystems] Discovering subsystems at path C:/Users/kprof/ReverseRolesGame/Assets
GfxDevice: creating device client; kGfxThreadingModeNonThreaded
Direct3D:
    Version:  Direct3D 11.0 [level 11.1]
    Renderer: NVIDIA GeForce RTX 4070 Laptop GPU (ID=0x2820)
    Vendor:   NVIDIA
    VRAM:     7948 MB
    Driver:   32.0.15.6614
Initialize mono
Mono path[0] = 'C:/Program Files/Unity/Hub/Editor/6000.0.27f1/Editor/Data/Managed'
Mono path[1] = 'C:/Program Files/Unity/Hub/Editor/6000.0.27f1/Editor/Data/MonoBleedingEdge/lib/mono/unityjit-win32'
Mono config path = 'C:/Program Files/Unity/Hub/Editor/6000.0.27f1/Editor/Data/MonoBleedingEdge/etc'
Using monoOptions --debugger-agent=transport=dt_socket,embedding=1,server=y,suspend=n,address=127.0.0.1:56872
Begin MonoManager ReloadAssembly
Registering precompiled unity dll's ...
Register platform support module: C:/Program Files/Unity/Hub/Editor/6000.0.27f1/Editor/Data/PlaybackEngines/WebGLSupport/UnityEditor.WebGL.Extensions.dll
Register platform support module: C:/Program Files/Unity/Hub/Editor/6000.0.27f1/Editor/Data/PlaybackEngines/WindowsStandaloneSupport/UnityEditor.WindowsStandalone.Extensions.dll
Registered in 0.003068 seconds.
- Loaded All Assemblies, in  0.295 seconds
Native extension for WindowsStandalone target not found
Native extension for WebGL target not found
Mono: successfully reloaded assembly
- Finished resetting the current domain, in  0.358 seconds
Domain Reload Profiling: 652ms
	BeginReloadAssembly (102ms)
		ExecutionOrderSort (0ms)
		DisableScriptedObjects (0ms)
		BackupInstance (0ms)
		ReleaseScriptingObjects (0ms)
		CreateAndSetChildDomain (1ms)
	RebuildCommonClasses (28ms)
	RebuildNativeTypeToScriptingClass (9ms)
	initialDomainReloadingComplete (37ms)
	LoadAllAssembliesAndSetupDomain (118ms)
		LoadAssemblies (101ms)
		RebuildTransferFunctionScriptingTraits (0ms)
		AnalyzeDomain (116ms)
			TypeCache.Refresh (114ms)
				TypeCache.ScanAssembly (104ms)
			BuildScriptInfoCaches (0ms)
			ResolveRequiredComponents (0ms)
	FinalizeReload (358ms)
		ReleaseScriptCaches (0ms)
		RebuildScriptCaches (0ms)
		SetupLoadedEditorAssemblies (321ms)
			LogAssemblyErrors (0ms)
			InitializePlatformSupportModulesInManaged (19ms)
			SetLoadedEditorAssemblies (4ms)
			BeforeProcessingInitializeOnLoad (4ms)
			ProcessInitializeOnLoadAttributes (208ms)
			ProcessInitializeOnLoadMethodAttributes (83ms)
			AfterProcessingInitializeOnLoad (3ms)
			EditorAssembliesLoaded (0ms)
		ExecutionOrderSort2 (0ms)
		AwakeInstancesAfterBackupRestoration (0ms)
========================================================================
Worker process is ready to serve import requests
Import Worker Mode flag is 0x00
Begin MonoManager ReloadAssembly
- Loaded All Assemblies, in  0.749 seconds
Refreshing native plugins compatible for Editor in 0.56 ms, found 3 plugins.
Native extension for WindowsStandalone target not found
Native extension for WebGL target not found
Mono: successfully reloaded assembly
- Finished resetting the current domain, in  0.770 seconds
Domain Reload Profiling: 1516ms
	BeginReloadAssembly (295ms)
		ExecutionOrderSort (0ms)
		DisableScriptedObjects (4ms)
		BackupInstance (0ms)
		ReleaseScriptingObjects (0ms)
		CreateAndSetChildDomain (22ms)
	RebuildCommonClasses (28ms)
	RebuildNativeTypeToScriptingClass (9ms)
	initialDomainReloadingComplete (29ms)
	LoadAllAssembliesAndSetupDomain (385ms)
		LoadAssemblies (268ms)
		RebuildTransferFunctionScriptingTraits (0ms)
		AnalyzeDomain (191ms)
			TypeCache.Refresh (132ms)
				TypeCache.ScanAssembly (120ms)
			BuildScriptInfoCaches (48ms)
			ResolveRequiredComponents (8ms)
	FinalizeReload (770ms)
		ReleaseScriptCaches (0ms)
		RebuildScriptCaches (0ms)
		SetupLoadedEditorAssemblies (574ms)
			LogAssemblyErrors (0ms)
			InitializePlatformSupportModulesInManaged (2ms)
			SetLoadedEditorAssemblies (4ms)
			BeforeProcessingInitializeOnLoad (47ms)
			ProcessInitializeOnLoadAttributes (453ms)
			ProcessInitializeOnLoadMethodAttributes (61ms)
			AfterProcessingInitializeOnLoad (6ms)
			EditorAssembliesLoaded (0ms)
		ExecutionOrderSort2 (0ms)
		AwakeInstancesAfterBackupRestoration (5ms)
Launched and connected shader compiler UnityShaderCompiler.exe after 0.01 seconds
Refreshing native plugins compatible for Editor in 1.39 ms, found 3 plugins.
Preloading 0 native plugins for Editor in 0.00 ms.
Unloading 200 Unused Serialized files (Serialized files now loaded: 0)
Unloading 5917 unused Assets / (4.2 MB). Loaded Objects now: 6689.
Memory consumption went from 196.6 MB to 192.4 MB.
Total: 11.595900 ms (FindLiveObjects: 0.683900 ms CreateObjectMapping: 0.553100 ms MarkObjects: 7.614400 ms  DeleteObjects: 2.740000 ms)

========================================================================
Received Import Request.
  Time since last request: 236445.263901 seconds.
  path: Assets/Props/chandelier/source/model
  artifactKey: Guid(a77d07771f1f57a449027ec7c5f598db) Importer(815301076,1909f56bfc062723c751e8b465ee728b)
Start importing Assets/Props/chandelier/source/model using Guid(a77d07771f1f57a449027ec7c5f598db) Importer(815301076,1909f56bfc062723c751e8b465ee728b) (PreviewImporter) -> (artifact id: 'd78c31a8dae9acd3b1c33e7b0c1c5761') in 0.0075979 seconds
Number of updated asset objects reloaded before import = 0Number of asset objects unloaded after import = 0

========================================================================
Received Import Request.
  Time since last request: 0.930662 seconds.
  path: Assets/Props/chandelier/source/model/model
  artifactKey: Guid(1039ef68f0e15414db29532f1c70c701) Importer(815301076,1909f56bfc062723c751e8b465ee728b)
Start importing Assets/Props/chandelier/source/model/model using Guid(1039ef68f0e15414db29532f1c70c701) Importer(815301076,1909f56bfc062723c751e8b465ee728b) (PreviewImporter) -> (artifact id: 'd5d9cdb0fe31dc525a9cdfaf5efbebf1') in 0.0003876 seconds
Number of updated asset objects reloaded before import = 0Number of asset objects unloaded after import = 0

========================================================================
Received Import Request.
  Time since last request: 0.045575 seconds.
  path: Assets/Props/chandelier/source/model/model/model.dae
  artifactKey: Guid(d57da59f6ddf0eb49b1f3213d2b8fce2) Importer(815301076,1909f56bfc062723c751e8b465ee728b)
Start importing Assets/Props/chandelier/source/model/model/model.dae using Guid(d57da59f6ddf0eb49b1f3213d2b8fce2) Importer(815301076,1909f56bfc062723c751e8b465ee728b) (PreviewImporter) -> (artifact id: 'a44473b63406460b5e65e4ed49e8a426') in 0.4031085 seconds
Number of updated asset objects reloaded before import = 0Number of asset objects unloaded after import = 42

========================================================================
Received Import Request.
  Time since last request: 6.656882 seconds.
  path: Assets/Props/chandelier/source/model/model/textures
  artifactKey: Guid(33b54ea78e4ae6f4bac619970d35cba4) Importer(815301076,1909f56bfc062723c751e8b465ee728b)
Start importing Assets/Props/chandelier/source/model/model/textures using Guid(33b54ea78e4ae6f4bac619970d35cba4) Importer(815301076,1909f56bfc062723c751e8b465ee728b) (PreviewImporter) -> (artifact id: 'cbc67b5b437ca7912954d03d1d1ef8a5') in 0.0004915 seconds
Number of updated asset objects reloaded before import = 0Number of asset objects unloaded after import = 0

========================================================================
Received Import Request.
  Time since last request: 0.045973 seconds.
  path: Assets/Props/chandelier/source/model/model/textures/lambert2SG_albedo.jpg
  artifactKey: Guid(372009d22203cc24c81c1ea676ca5a18) Importer(815301076,1909f56bfc062723c751e8b465ee728b)
Start importing Assets/Props/chandelier/source/model/model/textures/lambert2SG_albedo.jpg using Guid(372009d22203cc24c81c1ea676ca5a18) Importer(815301076,1909f56bfc062723c751e8b465ee728b) (PreviewImporter) -> (artifact id: 'dbe99ba005c03479900043ed0def72a7') in 0.0441864 seconds
Number of updated asset objects reloaded before import = 0Number of asset objects unloaded after import = 2

========================================================================
Received Import Request.
  Time since last request: 0.000020 seconds.
  path: Assets/Props/chandelier/source/model/model/textures/lambert6SG_metallic.jpg
  artifactKey: Guid(81199a47e6fd5c44c93c3a0c5dd8d8b5) Importer(815301076,1909f56bfc062723c751e8b465ee728b)
Start importing Assets/Props/chandelier/source/model/model/textures/lambert6SG_metallic.jpg using Guid(81199a47e6fd5c44c93c3a0c5dd8d8b5) Importer(815301076,1909f56bfc062723c751e8b465ee728b) (PreviewImporter) -> (artifact id: '322b8a3e7666e32c92a7a2c5d3359490') in 0.0225472 seconds
Number of updated asset objects reloaded before import = 0Number of asset objects unloaded after import = 2

========================================================================
Received Import Request.
  Time since last request: 0.000019 seconds.
  path: Assets/Props/chandelier/source/model/model/textures/lambert5SG_normal.png
  artifactKey: Guid(65c904a00f771154bb03152f566921ef) Importer(815301076,1909f56bfc062723c751e8b465ee728b)
Start importing Assets/Props/chandelier/source/model/model/textures/lambert5SG_normal.png using Guid(65c904a00f771154bb03152f566921ef) Importer(815301076,1909f56bfc062723c751e8b465ee728b) (PreviewImporter) -> (artifact id: 'cdff961e4488760d7e66bfe4abd1f928') in 0.024123 seconds
Number of updated asset objects reloaded before import = 0Number of asset objects unloaded after import = 2

========================================================================
Received Import Request.
  Time since last request: 0.000022 seconds.
  path: Assets/Props/chandelier/source/model/model/textures/lambert4SG_roughness.jpg
  artifactKey: Guid(bbcdb6292a36e19438e617cdc4a8c4e5) Importer(815301076,1909f56bfc062723c751e8b465ee728b)
Start importing Assets/Props/chandelier/source/model/model/textures/lambert4SG_roughness.jpg using Guid(bbcdb6292a36e19438e617cdc4a8c4e5) Importer(815301076,1909f56bfc062723c751e8b465ee728b) (PreviewImporter) -> (artifact id: 'a86acb1e1936b8f93cfb8585cc456765') in 0.0199221 seconds
Number of updated asset objects reloaded before import = 0Number of asset objects unloaded after import = 2

========================================================================
Received Import Request.
  Time since last request: 13.291298 seconds.
  path: Assets/Props/chandelier/source/model/model/textures/lambert2SG_mat.mat
  artifactKey: Guid(911ce17b9d80d43448f3f019e0fe7c98) Importer(815301076,1909f56bfc062723c751e8b465ee728b)
Start importing Assets/Props/chandelier/source/model/model/textures/lambert2SG_mat.mat using Guid(911ce17b9d80d43448f3f019e0fe7c98) Importer(815301076,1909f56bfc062723c751e8b465ee728b) (PreviewImporter) -> (artifact id: '6f597c6a87002bce9255762c24fddf08') in 0.0297906 seconds
Number of updated asset objects reloaded before import = 0Number of asset objects unloaded after import = 1

========================================================================
Received Import Request.
  Time since last request: 16.362847 seconds.
  path: Assets/Props/chandelier/source/model/model/textures/lambert2SG_normal.png
  artifactKey: Guid(0577cb114d7b81d41b09205406ac4d25) Importer(815301076,1909f56bfc062723c751e8b465ee728b)
Start importing Assets/Props/chandelier/source/model/model/textures/lambert2SG_normal.png using Guid(0577cb114d7b81d41b09205406ac4d25) Importer(815301076,1909f56bfc062723c751e8b465ee728b) (PreviewImporter) -> (artifact id: 'f50478eac35ba70b1fc64f6164d25f59') in 0.0207683 seconds
Number of updated asset objects reloaded before import = 0Number of asset objects unloaded after import = 2

========================================================================
Received Import Request.
  Time since last request: 11.277382 seconds.
  path: Assets/Props/chandelier/source/model/model/textures/Textures
  artifactKey: Guid(cc6240978cf301e4ebc67503377abc62) Importer(815301076,1909f56bfc062723c751e8b465ee728b)
Start importing Assets/Props/chandelier/source/model/model/textures/Textures using Guid(cc6240978cf301e4ebc67503377abc62) Importer(815301076,1909f56bfc062723c751e8b465ee728b) (PreviewImporter) -> (artifact id: '2b53417f0d432facb1ba8fb182da2db2') in 0.0007801 seconds
Number of updated asset objects reloaded before import = 0Number of asset objects unloaded after import = 0

========================================================================
Received Import Request.
  Time since last request: 17.144862 seconds.
  path: Assets/Props/chandelier/source/model/model/textures/lambert2SG_mat.mat
  artifactKey: Guid(911ce17b9d80d43448f3f019e0fe7c98) Importer(815301076,1909f56bfc062723c751e8b465ee728b)
Start importing Assets/Props/chandelier/source/model/model/textures/lambert2SG_mat.mat using Guid(911ce17b9d80d43448f3f019e0fe7c98) Importer(815301076,1909f56bfc062723c751e8b465ee728b) (PreviewImporter) -> (artifact id: '831f75d63bfe095e805930ecd568b433') in 0.0477836 seconds
Number of updated asset objects reloaded before import = 0Number of asset objects unloaded after import = 5

========================================================================
Received Import Request.
  Time since last request: 10.394060 seconds.
  path: Assets/Props/chandelier/source/model/model/textures/lambert3SG_normal.png
  artifactKey: Guid(167934fb8ffb32c4398a34aa307009d9) Importer(815301076,1909f56bfc062723c751e8b465ee728b)
Start importing Assets/Props/chandelier/source/model/model/textures/lambert3SG_normal.png using Guid(167934fb8ffb32c4398a34aa307009d9) Importer(815301076,1909f56bfc062723c751e8b465ee728b) (PreviewImporter) -> (artifact id: '1b36db6f270ee60a1dfd1c869e2c5286') in 0.0175516 seconds
Number of updated asset objects reloaded before import = 0Number of asset objects unloaded after import = 2

========================================================================
Received Import Request.
  Time since last request: 18.714946 seconds.
  path: Assets/Props/chandelier/source/model/model/textures/lambert3SG_mat.mat
  artifactKey: Guid(ca833dc8443dcc84bba9cbfad33565ec) Importer(815301076,1909f56bfc062723c751e8b465ee728b)
Start importing Assets/Props/chandelier/source/model/model/textures/lambert3SG_mat.mat using Guid(ca833dc8443dcc84bba9cbfad33565ec) Importer(815301076,1909f56bfc062723c751e8b465ee728b) (PreviewImporter) -> (artifact id: 'bd4b7f81344e907750663416f4e55038') in 0.03642 seconds
Number of updated asset objects reloaded before import = 0Number of asset objects unloaded after import = 5

========================================================================
Received Import Request.
  Time since last request: 13.631924 seconds.
  path: Assets/Props/chandelier/source/model/model/textures/lambert4SG_normal.png
  artifactKey: Guid(a857256280caaee44beeed7fcc07c7f3) Importer(815301076,1909f56bfc062723c751e8b465ee728b)
Start importing Assets/Props/chandelier/source/model/model/textures/lambert4SG_normal.png using Guid(a857256280caaee44beeed7fcc07c7f3) Importer(815301076,1909f56bfc062723c751e8b465ee728b) (PreviewImporter) -> (artifact id: '6766de99b05911b42527ef55b00a50a4') in 0.0172547 seconds
Number of updated asset objects reloaded before import = 0Number of asset objects unloaded after import = 2

========================================================================
Received Import Request.
  Time since last request: 17.110778 seconds.
  path: Assets/Props/chandelier/source/model/model/textures/lambert4SG_mat.mat
  artifactKey: Guid(a6c2acbaacd4a1747bdcc598d3114bbd) Importer(815301076,1909f56bfc062723c751e8b465ee728b)
Start importing Assets/Props/chandelier/source/model/model/textures/lambert4SG_mat.mat using Guid(a6c2acbaacd4a1747bdcc598d3114bbd) Importer(815301076,1909f56bfc062723c751e8b465ee728b) (PreviewImporter) -> (artifact id: '671d611e96beb54a62c7b9e812af0634') in 0.0400315 seconds
Number of updated asset objects reloaded before import = 0Number of asset objects unloaded after import = 5

========================================================================
Received Import Request.
  Time since last request: 9.486961 seconds.
  path: Assets/Props/chandelier/source/model/model/textures/lambert5SG_normal.png
  artifactKey: Guid(65c904a00f771154bb03152f566921ef) Importer(815301076,1909f56bfc062723c751e8b465ee728b)
Start importing Assets/Props/chandelier/source/model/model/textures/lambert5SG_normal.png using Guid(65c904a00f771154bb03152f566921ef) Importer(815301076,1909f56bfc062723c751e8b465ee728b) (PreviewImporter) -> (artifact id: 'dbe029caeeacf78de52849048f317c8d') in 0.0226598 seconds
Number of updated asset objects reloaded before import = 0Number of asset objects unloaded after import = 2

========================================================================
Received Import Request.
  Time since last request: 13.553879 seconds.
  path: Assets/Props/chandelier/source/model/model/textures/lambert5SG_mat.mat
  artifactKey: Guid(ef794f2a324a2164fbbe73508b5913b9) Importer(815301076,1909f56bfc062723c751e8b465ee728b)
Start importing Assets/Props/chandelier/source/model/model/textures/lambert5SG_mat.mat using Guid(ef794f2a324a2164fbbe73508b5913b9) Importer(815301076,1909f56bfc062723c751e8b465ee728b) (PreviewImporter) -> (artifact id: '9878bef8f95b6f45ae73364bfff9499f') in 0.0338162 seconds
Number of updated asset objects reloaded before import = 0Number of asset objects unloaded after import = 5

========================================================================
Received Import Request.
  Time since last request: 10.081385 seconds.
  path: Assets/Props/chandelier/source/model/model/textures/lambert6SG_normal.png
  artifactKey: Guid(e1bee259270636447ba3098fe1f9f0c1) Importer(815301076,1909f56bfc062723c751e8b465ee728b)
Start importing Assets/Props/chandelier/source/model/model/textures/lambert6SG_normal.png using Guid(e1bee259270636447ba3098fe1f9f0c1) Importer(815301076,1909f56bfc062723c751e8b465ee728b) (PreviewImporter) -> (artifact id: '61a4b15c2e21c3fa3c0c6bcc52e427e7') in 0.0246029 seconds
Number of updated asset objects reloaded before import = 0Number of asset objects unloaded after import = 2

========================================================================
Received Import Request.
  Time since last request: 49.098369 seconds.
  path: Assets/Props/chandelier/source/model/model/model.dae
  artifactKey: Guid(d57da59f6ddf0eb49b1f3213d2b8fce2) Importer(815301076,1909f56bfc062723c751e8b465ee728b)
Start importing Assets/Props/chandelier/source/model/model/model.dae using Guid(d57da59f6ddf0eb49b1f3213d2b8fce2) Importer(815301076,1909f56bfc062723c751e8b465ee728b) (PreviewImporter) -> (artifact id: '1ff4da2710cb085c4b914a912c3daa66') in 0.136334 seconds
Number of updated asset objects reloaded before import = 0Number of asset objects unloaded after import = 58

========================================================================
Received Import Request.
  Time since last request: 1.930795 seconds.
  path: Assets/Props/chandelier/source/model/model/model.dae
  artifactKey: Guid(d57da59f6ddf0eb49b1f3213d2b8fce2) Importer(815301076,1909f56bfc062723c751e8b465ee728b)
Start importing Assets/Props/chandelier/source/model/model/model.dae using Guid(d57da59f6ddf0eb49b1f3213d2b8fce2) Importer(815301076,1909f56bfc062723c751e8b465ee728b) (PreviewImporter) -> (artifact id: '10d5246fea71091b7f99fee6faceb1ed') in 0.0950266 seconds
Number of updated asset objects reloaded before import = 0Number of asset objects unloaded after import = 62

========================================================================
Received Import Request.
  Time since last request: 571.770630 seconds.
  path: Assets/Props/stylized-wood-pbr-material
  artifactKey: Guid(3a3a35af87611134a9c88329b1d8ccf1) Importer(815301076,1909f56bfc062723c751e8b465ee728b)
Start importing Assets/Props/stylized-wood-pbr-material using Guid(3a3a35af87611134a9c88329b1d8ccf1) Importer(815301076,1909f56bfc062723c751e8b465ee728b) (PreviewImporter) -> (artifact id: 'be9816916b0f5ccc8ff4e9a07cbd731a') in 0.0010609 seconds
Number of updated asset objects reloaded before import = 0Number of asset objects unloaded after import = 0

========================================================================
Received Import Request.
  Time since last request: 1.092219 seconds.
  path: Assets/Props/stylized-wood-pbr-material/source
  artifactKey: Guid(4d19ea5e7c3847e449419f7105f3e405) Importer(815301076,1909f56bfc062723c751e8b465ee728b)
Start importing Assets/Props/stylized-wood-pbr-material/source using Guid(4d19ea5e7c3847e449419f7105f3e405) Importer(815301076,1909f56bfc062723c751e8b465ee728b) (PreviewImporter) -> (artifact id: 'f96836dc224ac224817e5af41186d7ff') in 0.0005086 seconds
Number of updated asset objects reloaded before import = 0Number of asset objects unloaded after import = 0

========================================================================
Received Import Request.
  Time since last request: 0.717605 seconds.
  path: Assets/Props/stylized-wood-pbr-material/source/StylizedWood
  artifactKey: Guid(7021afd2450121d4c8bdb35d9170302b) Importer(815301076,1909f56bfc062723c751e8b465ee728b)
Start importing Assets/Props/stylized-wood-pbr-material/source/StylizedWood using Guid(7021afd2450121d4c8bdb35d9170302b) Importer(815301076,1909f56bfc062723c751e8b465ee728b) (PreviewImporter) -> (artifact id: '0a03b8a3403beb6bb61f45be6083edfa') in 0.0003854 seconds
Number of updated asset objects reloaded before import = 0Number of asset objects unloaded after import = 0

========================================================================
Received Import Request.
  Time since last request: 0.046193 seconds.
  path: Assets/Props/stylized-wood-pbr-material/source/StylizedWood/StylizedWood1.fbx
  artifactKey: Guid(5f9b59db0463ea240b1009e1a51b7c49) Importer(815301076,1909f56bfc062723c751e8b465ee728b)
Start importing Assets/Props/stylized-wood-pbr-material/source/StylizedWood/StylizedWood1.fbx using Guid(5f9b59db0463ea240b1009e1a51b7c49) Importer(815301076,1909f56bfc062723c751e8b465ee728b) (PreviewImporter) -> (artifact id: '95f3926dfa601243f17581cff7e51045') in 0.0533241 seconds
Number of updated asset objects reloaded before import = 0Number of asset objects unloaded after import = 10

========================================================================
Received Import Request.
  Time since last request: 0.000023 seconds.
  path: Assets/Props/stylized-wood-pbr-material/source/StylizedWood/StylizedWood1_Roughness.png
  artifactKey: Guid(49f0e467a94de754e89a534258941d82) Importer(815301076,1909f56bfc062723c751e8b465ee728b)
Start importing Assets/Props/stylized-wood-pbr-material/source/StylizedWood/StylizedWood1_Roughness.png using Guid(49f0e467a94de754e89a534258941d82) Importer(815301076,1909f56bfc062723c751e8b465ee728b) (PreviewImporter) -> (artifact id: '60b2587989668ee7a0bb2a599c1ea5b8') in 0.0244238 seconds
Number of updated asset objects reloaded before import = 0Number of asset objects unloaded after import = 2

========================================================================
Received Import Request.
  Time since last request: 0.000025 seconds.
  path: Assets/Props/stylized-wood-pbr-material/source/StylizedWood/StylizedWood1_Diffuse.png
  artifactKey: Guid(70b36c33db79b8243b57f19a64a37608) Importer(815301076,1909f56bfc062723c751e8b465ee728b)
Start importing Assets/Props/stylized-wood-pbr-material/source/StylizedWood/StylizedWood1_Diffuse.png using Guid(70b36c33db79b8243b57f19a64a37608) Importer(815301076,1909f56bfc062723c751e8b465ee728b) (PreviewImporter) -> (artifact id: 'c22810736c7244e8c43743b995323c7d') in 0.0187547 seconds
Number of updated asset objects reloaded before import = 0Number of asset objects unloaded after import = 2

========================================================================
Received Import Request.
  Time since last request: 0.000017 seconds.
  path: Assets/Props/stylized-wood-pbr-material/source/StylizedWood/StylizedWood1_Displacement.exr
  artifactKey: Guid(b2af553f04845b84da4f21e24027bf14) Importer(815301076,1909f56bfc062723c751e8b465ee728b)
Start importing Assets/Props/stylized-wood-pbr-material/source/StylizedWood/StylizedWood1_Displacement.exr using Guid(b2af553f04845b84da4f21e24027bf14) Importer(815301076,1909f56bfc062723c751e8b465ee728b) (PreviewImporter) -> (artifact id: 'e251762d4ce11d87e441c5f086d6a02d') in 0.0168091 seconds
Number of updated asset objects reloaded before import = 0Number of asset objects unloaded after import = 2

========================================================================
Received Import Request.
  Time since last request: 8.965697 seconds.
  path: Assets/Props/stylized-wood-pbr-material/textures
  artifactKey: Guid(54a2d1918fc002141a5309fa53378d91) Importer(815301076,1909f56bfc062723c751e8b465ee728b)
Start importing Assets/Props/stylized-wood-pbr-material/textures using Guid(54a2d1918fc002141a5309fa53378d91) Importer(815301076,1909f56bfc062723c751e8b465ee728b) (PreviewImporter) -> (artifact id: 'c0b85b13d18cd78c163f2abeb8ba6413') in 0.000555 seconds
Number of updated asset objects reloaded before import = 0Number of asset objects unloaded after import = 0

========================================================================
Received Import Request.
  Time since last request: 0.046593 seconds.
  path: Assets/Props/stylized-wood-pbr-material/textures/StylizedWood1_Albedo.png
  artifactKey: Guid(4c4d4db9f6b5a6f458aac65931269c78) Importer(815301076,1909f56bfc062723c751e8b465ee728b)
Start importing Assets/Props/stylized-wood-pbr-material/textures/StylizedWood1_Albedo.png using Guid(4c4d4db9f6b5a6f458aac65931269c78) Importer(815301076,1909f56bfc062723c751e8b465ee728b) (PreviewImporter) -> (artifact id: '530baf2d748cc809fec7ddb414666de5') in 0.0371764 seconds
Number of updated asset objects reloaded before import = 0Number of asset objects unloaded after import = 2

========================================================================
Received Import Request.
  Time since last request: 10.005115 seconds.
  path: Assets/Props/stylized-wood-pbr-material/textures/StylizedWood_mat.mat
  artifactKey: Guid(c3e3b3e41d70290499171312fa92b336) Importer(815301076,1909f56bfc062723c751e8b465ee728b)
Start importing Assets/Props/stylized-wood-pbr-material/textures/StylizedWood_mat.mat using Guid(c3e3b3e41d70290499171312fa92b336) Importer(815301076,1909f56bfc062723c751e8b465ee728b) (PreviewImporter) -> (artifact id: 'cc0afcb573efeffb7ed62e80550a8455') in 0.0227494 seconds
Number of updated asset objects reloaded before import = 0Number of asset objects unloaded after import = 1

========================================================================
Received Import Request.
  Time since last request: 5.934509 seconds.
  path: Assets/Props/stylized-wood-pbr-material/textures/StylizedWood1_Normal.png
  artifactKey: Guid(92679091b5db3d240a2442475d214c7d) Importer(815301076,1909f56bfc062723c751e8b465ee728b)
Start importing Assets/Props/stylized-wood-pbr-material/textures/StylizedWood1_Normal.png using Guid(92679091b5db3d240a2442475d214c7d) Importer(815301076,1909f56bfc062723c751e8b465ee728b) (PreviewImporter) -> (artifact id: 'fc96680ea208ba575f149e6916fcbbcd') in 0.0191981 seconds
Number of updated asset objects reloaded before import = 0Number of asset objects unloaded after import = 2

========================================================================
Received Import Request.
  Time since last request: 34.752814 seconds.
  path: Assets/Props/stylized-wood-pbr-material/source/StylizedWood/StylizedWood1.fbx
  artifactKey: Guid(5f9b59db0463ea240b1009e1a51b7c49) Importer(815301076,1909f56bfc062723c751e8b465ee728b)
Start importing Assets/Props/stylized-wood-pbr-material/source/StylizedWood/StylizedWood1.fbx using Guid(5f9b59db0463ea240b1009e1a51b7c49) Importer(815301076,1909f56bfc062723c751e8b465ee728b) (PreviewImporter) -> (artifact id: '1089ef16245be3d373d5966148b23493') in 0.0258032 seconds
Number of updated asset objects reloaded before import = 0Number of asset objects unloaded after import = 8

========================================================================
Received Import Request.
  Time since last request: 124.084271 seconds.
  path: Assets/Props/stylized-wood-pbr-material/textures/StylizedWood_mat.mat
  artifactKey: Guid(c3e3b3e41d70290499171312fa92b336) Importer(815301076,1909f56bfc062723c751e8b465ee728b)
Start importing Assets/Props/stylized-wood-pbr-material/textures/StylizedWood_mat.mat using Guid(c3e3b3e41d70290499171312fa92b336) Importer(815301076,1909f56bfc062723c751e8b465ee728b) (PreviewImporter) -> (artifact id: 'e51e10ad7dd62a18af62585b74dfcb08') in 0.0348242 seconds
Number of updated asset objects reloaded before import = 0Number of asset objects unloaded after import = 4

