Using pre-set license
Built from '6000.0/staging' branch; Version is '6000.0.27f1 (27c554a2199c) revision 2606420'; Using compiler version '193933523'; Build Type 'Release'
OS: 'Windows 11  (10.0.26100) 64bit Core' Language: 'en' Physical Memory: 32496 MB
BatchMode: 1, IsHumanControllingUs: 0, StartBugReporterOnCrash: 0, Is64bit: 1, IsPro: 1

COMMAND LINE ARGUMENTS:
C:\Program Files\Unity\Hub\Editor\6000.0.27f1\Editor\Unity.exe
-adb2
-batchMode
-noUpm
-name
AssetImportWorker3
-projectPath
C:/Users/kprof/ReverseRolesGame
-logFile
Logs/AssetImportWorker3.log
-srvPort
63521
-job-worker-count
15
-background-job-worker-count
8
-asset-garbage-collectors
1
Successfully changed project path to: C:/Users/kprof/ReverseRolesGame
C:/Users/kprof/ReverseRolesGame
[UnityMemory] Configuration Parameters - Can be set up in boot.config
    "memorysetup-bucket-allocator-granularity=16"
    "memorysetup-bucket-allocator-bucket-count=8"
    "memorysetup-bucket-allocator-block-size=33554432"
    "memorysetup-bucket-allocator-block-count=8"
    "memorysetup-main-allocator-block-size=16777216"
    "memorysetup-thread-allocator-block-size=16777216"
    "memorysetup-gfx-main-allocator-block-size=16777216"
    "memorysetup-gfx-thread-allocator-block-size=16777216"
    "memorysetup-cache-allocator-block-size=4194304"
    "memorysetup-typetree-allocator-block-size=2097152"
    "memorysetup-profiler-bucket-allocator-granularity=16"
    "memorysetup-profiler-bucket-allocator-bucket-count=8"
    "memorysetup-profiler-bucket-allocator-block-size=33554432"
    "memorysetup-profiler-bucket-allocator-block-count=8"
    "memorysetup-profiler-allocator-block-size=16777216"
    "memorysetup-profiler-editor-allocator-block-size=1048576"
    "memorysetup-temp-allocator-size-main=16777216"
    "memorysetup-job-temp-allocator-block-size=2097152"
    "memorysetup-job-temp-allocator-block-size-background=1048576"
    "memorysetup-job-temp-allocator-reduction-small-platforms=262144"
    "memorysetup-allocator-temp-initial-block-size-main=262144"
    "memorysetup-allocator-temp-initial-block-size-worker=262144"
    "memorysetup-temp-allocator-size-background-worker=32768"
    "memorysetup-temp-allocator-size-job-worker=262144"
    "memorysetup-temp-allocator-size-preload-manager=33554432"
    "memorysetup-temp-allocator-size-nav-mesh-worker=65536"
    "memorysetup-temp-allocator-size-audio-worker=65536"
    "memorysetup-temp-allocator-size-cloud-worker=32768"
    "memorysetup-temp-allocator-size-gi-baking-worker=262144"
    "memorysetup-temp-allocator-size-gi-baking-worker=262144"
    "memorysetup-temp-allocator-size-gi-baking-worker=262144"
    "memorysetup-temp-allocator-size-gi-baking-worker=262144"
    "memorysetup-temp-allocator-size-gi-baking-worker=262144"
    "memorysetup-temp-allocator-size-gfx=262144"
Player connection [19808]  Target information:

Player connection [19808]  * "[IP] 10.250.46.81 [Port] 0 [Flags] 2 [Guid] 3491334464 [EditorId] 3491334464 [Version] 1048832 [Id] WindowsEditor(7,WIN-K2P1ST5H3LU) [Debug] 1 [PackageName] WindowsEditor [ProjectName] Editor" 

Player connection [19808] Host joined multi-casting on [225.0.0.222:54997]...
Player connection [19808] Host joined alternative multi-casting on [225.0.0.222:34997]...
JobSystem: Creating JobQueue using job-worker-count value 15
[Physics::Module] Initialized fallback backend.
[Physics::Module] Id: 0xdecafbad
Library Redirect Path: Library/
[Physics::Module] Selected backend.
[Physics::Module] Name: PhysX
[Physics::Module] Id: 0xf2b8ea05
[Physics::Module] SDK Version: 4.1.2
[Physics::Module] Integration Version: 1.0.0
[Physics::Module] Threading Mode: Multi-Threaded
Refreshing native plugins compatible for Editor in 0.97 ms, found 3 plugins.
Preloading 0 native plugins for Editor in 0.00 ms.
Initialize engine version: 6000.0.27f1 (27c554a2199c)
[Subsystems] Discovering subsystems at path C:/Program Files/Unity/Hub/Editor/6000.0.27f1/Editor/Data/Resources/UnitySubsystems
[Subsystems] Discovering subsystems at path C:/Users/kprof/ReverseRolesGame/Assets
GfxDevice: creating device client; kGfxThreadingModeNonThreaded
Direct3D:
    Version:  Direct3D 11.0 [level 11.1]
    Renderer: NVIDIA GeForce RTX 4070 Laptop GPU (ID=0x2820)
    Vendor:   NVIDIA
    VRAM:     7948 MB
    Driver:   32.0.15.6614
Initialize mono
Mono path[0] = 'C:/Program Files/Unity/Hub/Editor/6000.0.27f1/Editor/Data/Managed'
Mono path[1] = 'C:/Program Files/Unity/Hub/Editor/6000.0.27f1/Editor/Data/MonoBleedingEdge/lib/mono/unityjit-win32'
Mono config path = 'C:/Program Files/Unity/Hub/Editor/6000.0.27f1/Editor/Data/MonoBleedingEdge/etc'
Using monoOptions --debugger-agent=transport=dt_socket,embedding=1,server=y,suspend=n,address=127.0.0.1:56880
Begin MonoManager ReloadAssembly
Registering precompiled unity dll's ...
Register platform support module: C:/Program Files/Unity/Hub/Editor/6000.0.27f1/Editor/Data/PlaybackEngines/WebGLSupport/UnityEditor.WebGL.Extensions.dll
Register platform support module: C:/Program Files/Unity/Hub/Editor/6000.0.27f1/Editor/Data/PlaybackEngines/WindowsStandaloneSupport/UnityEditor.WindowsStandalone.Extensions.dll
Registered in 0.001760 seconds.
- Loaded All Assemblies, in  0.251 seconds
Native extension for WindowsStandalone target not found
Native extension for WebGL target not found
Mono: successfully reloaded assembly
- Finished resetting the current domain, in  0.303 seconds
Domain Reload Profiling: 553ms
	BeginReloadAssembly (84ms)
		ExecutionOrderSort (0ms)
		DisableScriptedObjects (0ms)
		BackupInstance (0ms)
		ReleaseScriptingObjects (0ms)
		CreateAndSetChildDomain (1ms)
	RebuildCommonClasses (24ms)
	RebuildNativeTypeToScriptingClass (8ms)
	initialDomainReloadingComplete (32ms)
	LoadAllAssembliesAndSetupDomain (101ms)
		LoadAssemblies (82ms)
		RebuildTransferFunctionScriptingTraits (0ms)
		AnalyzeDomain (100ms)
			TypeCache.Refresh (98ms)
				TypeCache.ScanAssembly (89ms)
			BuildScriptInfoCaches (0ms)
			ResolveRequiredComponents (0ms)
	FinalizeReload (303ms)
		ReleaseScriptCaches (0ms)
		RebuildScriptCaches (0ms)
		SetupLoadedEditorAssemblies (271ms)
			LogAssemblyErrors (0ms)
			InitializePlatformSupportModulesInManaged (18ms)
			SetLoadedEditorAssemblies (3ms)
			BeforeProcessingInitializeOnLoad (4ms)
			ProcessInitializeOnLoadAttributes (184ms)
			ProcessInitializeOnLoadMethodAttributes (60ms)
			AfterProcessingInitializeOnLoad (2ms)
			EditorAssembliesLoaded (0ms)
		ExecutionOrderSort2 (0ms)
		AwakeInstancesAfterBackupRestoration (0ms)
========================================================================
Worker process is ready to serve import requests
Import Worker Mode flag is 0x00
Begin MonoManager ReloadAssembly
- Loaded All Assemblies, in  0.666 seconds
Refreshing native plugins compatible for Editor in 0.51 ms, found 3 plugins.
Native extension for WindowsStandalone target not found
Native extension for WebGL target not found
Mono: successfully reloaded assembly
- Finished resetting the current domain, in  0.651 seconds
Domain Reload Profiling: 1315ms
	BeginReloadAssembly (267ms)
		ExecutionOrderSort (0ms)
		DisableScriptedObjects (4ms)
		BackupInstance (0ms)
		ReleaseScriptingObjects (0ms)
		CreateAndSetChildDomain (22ms)
	RebuildCommonClasses (25ms)
	RebuildNativeTypeToScriptingClass (8ms)
	initialDomainReloadingComplete (26ms)
	LoadAllAssembliesAndSetupDomain (339ms)
		LoadAssemblies (233ms)
		RebuildTransferFunctionScriptingTraits (0ms)
		AnalyzeDomain (172ms)
			TypeCache.Refresh (120ms)
				TypeCache.ScanAssembly (108ms)
			BuildScriptInfoCaches (42ms)
			ResolveRequiredComponents (7ms)
	FinalizeReload (651ms)
		ReleaseScriptCaches (0ms)
		RebuildScriptCaches (0ms)
		SetupLoadedEditorAssemblies (475ms)
			LogAssemblyErrors (0ms)
			InitializePlatformSupportModulesInManaged (2ms)
			SetLoadedEditorAssemblies (3ms)
			BeforeProcessingInitializeOnLoad (47ms)
			ProcessInitializeOnLoadAttributes (360ms)
			ProcessInitializeOnLoadMethodAttributes (56ms)
			AfterProcessingInitializeOnLoad (6ms)
			EditorAssembliesLoaded (0ms)
		ExecutionOrderSort2 (0ms)
		AwakeInstancesAfterBackupRestoration (4ms)
Launched and connected shader compiler UnityShaderCompiler.exe after 0.01 seconds
Refreshing native plugins compatible for Editor in 1.36 ms, found 3 plugins.
Preloading 0 native plugins for Editor in 0.00 ms.
Unloading 200 Unused Serialized files (Serialized files now loaded: 0)
Unloading 5917 unused Assets / (4.3 MB). Loaded Objects now: 6689.
Memory consumption went from 206.1 MB to 201.8 MB.
Total: 12.125200 ms (FindLiveObjects: 0.642700 ms CreateObjectMapping: 0.454700 ms MarkObjects: 8.160100 ms  DeleteObjects: 2.864100 ms)

========================================================================
Received Import Request.
  Time since last request: 226254.869490 seconds.
  path: Assets/StylizedHandPaintedDungeon(Free)/Prefabs/Pillar.prefab
  artifactKey: Guid(7c7baabdbc078cb4098d5880fc72c0f3) Importer(815301076,1909f56bfc062723c751e8b465ee728b)
Start importing Assets/StylizedHandPaintedDungeon(Free)/Prefabs/Pillar.prefab using Guid(7c7baabdbc078cb4098d5880fc72c0f3) Importer(815301076,1909f56bfc062723c751e8b465ee728b) (PreviewImporter) -> (artifact id: '0e2032374fdf80a5672b25ab56a6899f') in 0.3631012 seconds
Number of updated asset objects reloaded before import = 0Number of asset objects unloaded after import = 9

========================================================================
Received Import Request.
  Time since last request: 1225.568713 seconds.
  path: Assets/Props
  artifactKey: Guid(e347ce21780562b43a28d92ce4f5880d) Importer(815301076,1909f56bfc062723c751e8b465ee728b)
Start importing Assets/Props using Guid(e347ce21780562b43a28d92ce4f5880d) Importer(815301076,1909f56bfc062723c751e8b465ee728b) (PreviewImporter) -> (artifact id: 'fad4adb5ac36d934007280d978716f7f') in 0.0007656 seconds
Number of updated asset objects reloaded before import = 0Number of asset objects unloaded after import = 0

========================================================================
Received Import Request.
  Time since last request: 91.717024 seconds.
  path: Assets/Props/set-of-stylized-beds
  artifactKey: Guid(0287ef13a1a763e48b31ff015493ebf4) Importer(815301076,1909f56bfc062723c751e8b465ee728b)
Start importing Assets/Props/set-of-stylized-beds using Guid(0287ef13a1a763e48b31ff015493ebf4) Importer(815301076,1909f56bfc062723c751e8b465ee728b) (PreviewImporter) -> (artifact id: '25d5f6b54649acddba15062428046971') in 0.0006417 seconds
Number of updated asset objects reloaded before import = 0Number of asset objects unloaded after import = 0

========================================================================
Received Import Request.
  Time since last request: 0.650217 seconds.
  path: Assets/Props/set-of-stylized-beds/textures
  artifactKey: Guid(82e3c78a457d83246a92ae080f5ab65d) Importer(815301076,1909f56bfc062723c751e8b465ee728b)
Start importing Assets/Props/set-of-stylized-beds/textures using Guid(82e3c78a457d83246a92ae080f5ab65d) Importer(815301076,1909f56bfc062723c751e8b465ee728b) (PreviewImporter) -> (artifact id: '8f23fe6a85ebd9a36cf89682748a8486') in 0.0006225 seconds
Number of updated asset objects reloaded before import = 0Number of asset objects unloaded after import = 0

========================================================================
Received Import Request.
  Time since last request: 0.411484 seconds.
  path: Assets/Props/set-of-stylized-beds/source
  artifactKey: Guid(1fb9fb0855af31942816743836efcfff) Importer(815301076,1909f56bfc062723c751e8b465ee728b)
Start importing Assets/Props/set-of-stylized-beds/source using Guid(1fb9fb0855af31942816743836efcfff) Importer(815301076,1909f56bfc062723c751e8b465ee728b) (PreviewImporter) -> (artifact id: 'ede39a1d7170f68fddc0b456fe6a200a') in 0.0004119 seconds
Number of updated asset objects reloaded before import = 0Number of asset objects unloaded after import = 0

========================================================================
Received Import Request.
  Time since last request: 0.581706 seconds.
  path: Assets/Props/set-of-stylized-beds/source/Beds
  artifactKey: Guid(f7ffabfb1e01c7e4abc26ca2567aa21a) Importer(815301076,1909f56bfc062723c751e8b465ee728b)
Start importing Assets/Props/set-of-stylized-beds/source/Beds using Guid(f7ffabfb1e01c7e4abc26ca2567aa21a) Importer(815301076,1909f56bfc062723c751e8b465ee728b) (PreviewImporter) -> (artifact id: '4d85c9614700a3ea6c7cb6ae6dd00404') in 0.0003994 seconds
Number of updated asset objects reloaded before import = 0Number of asset objects unloaded after import = 0

========================================================================
Received Import Request.
  Time since last request: 0.549273 seconds.
  path: Assets/Props/set-of-stylized-beds/source/Beds/model
  artifactKey: Guid(b2b95cb262155c64888e0a7b4514864d) Importer(815301076,1909f56bfc062723c751e8b465ee728b)
Start importing Assets/Props/set-of-stylized-beds/source/Beds/model using Guid(b2b95cb262155c64888e0a7b4514864d) Importer(815301076,1909f56bfc062723c751e8b465ee728b) (PreviewImporter) -> (artifact id: 'f8890f7c99a9bd38142049bc7f33265e') in 0.0004107 seconds
Number of updated asset objects reloaded before import = 0Number of asset objects unloaded after import = 0

========================================================================
Received Import Request.
  Time since last request: 0.079102 seconds.
  path: Assets/Props/set-of-stylized-beds/source/Beds/model/model.dae
  artifactKey: Guid(8d61a64a3b81800409460084e6def8f7) Importer(815301076,1909f56bfc062723c751e8b465ee728b)
Start importing Assets/Props/set-of-stylized-beds/source/Beds/model/model.dae using Guid(8d61a64a3b81800409460084e6def8f7) Importer(815301076,1909f56bfc062723c751e8b465ee728b) (PreviewImporter) -> (artifact id: '62fd67629aa47f3bc2abf3ddef35860a') in 0.1904135 seconds
Number of updated asset objects reloaded before import = 0Number of asset objects unloaded after import = 44

========================================================================
Received Import Request.
  Time since last request: 2.585897 seconds.
  path: Assets/Props/set-of-stylized-beds/source/Beds/model/textures
  artifactKey: Guid(a0515be181d710a4387c34d5852ebd32) Importer(815301076,1909f56bfc062723c751e8b465ee728b)
Start importing Assets/Props/set-of-stylized-beds/source/Beds/model/textures using Guid(a0515be181d710a4387c34d5852ebd32) Importer(815301076,1909f56bfc062723c751e8b465ee728b) (PreviewImporter) -> (artifact id: '59c8b4c644c829e6682602bf9535b845') in 0.000512 seconds
Number of updated asset objects reloaded before import = 0Number of asset objects unloaded after import = 0

========================================================================
Received Import Request.
  Time since last request: 0.081478 seconds.
  path: Assets/Props/set-of-stylized-beds/source/Beds/model/textures/Material.00.00_bed05.dds_albedo.jpg
  artifactKey: Guid(15aa43c2f2f8750458dfa4ccd52cdce8) Importer(815301076,1909f56bfc062723c751e8b465ee728b)
Start importing Assets/Props/set-of-stylized-beds/source/Beds/model/textures/Material.00.00_bed05.dds_albedo.jpg using Guid(15aa43c2f2f8750458dfa4ccd52cdce8) Importer(815301076,1909f56bfc062723c751e8b465ee728b) (PreviewImporter) -> (artifact id: 'b9f9365d2bae1292841d212c3d2feb2b') in 0.0259118 seconds
Number of updated asset objects reloaded before import = 0Number of asset objects unloaded after import = 2

========================================================================
Received Import Request.
  Time since last request: 0.000017 seconds.
  path: Assets/Props/set-of-stylized-beds/source/Beds/model/textures/Material.00.00_bed05.dds_roughness.jpg
  artifactKey: Guid(4a6c9c7d3479d204fbd38c5e12bde471) Importer(815301076,1909f56bfc062723c751e8b465ee728b)
Start importing Assets/Props/set-of-stylized-beds/source/Beds/model/textures/Material.00.00_bed05.dds_roughness.jpg using Guid(4a6c9c7d3479d204fbd38c5e12bde471) Importer(815301076,1909f56bfc062723c751e8b465ee728b) (PreviewImporter) -> (artifact id: 'b16a32f87dc7de3ced3567e557c14519') in 0.0299188 seconds
Number of updated asset objects reloaded before import = 0Number of asset objects unloaded after import = 2

========================================================================
Received Import Request.
  Time since last request: 0.000022 seconds.
  path: Assets/Props/set-of-stylized-beds/source/Beds/model/textures/Material__3.02_chest02.dds_metallic.jpg
  artifactKey: Guid(3f9b897be03d5fc43aa1598420ff866e) Importer(815301076,1909f56bfc062723c751e8b465ee728b)
Start importing Assets/Props/set-of-stylized-beds/source/Beds/model/textures/Material__3.02_chest02.dds_metallic.jpg using Guid(3f9b897be03d5fc43aa1598420ff866e) Importer(815301076,1909f56bfc062723c751e8b465ee728b) (PreviewImporter) -> (artifact id: '3b70ca87e23a891512a4b6c3a915e97b') in 0.0207962 seconds
Number of updated asset objects reloaded before import = 0Number of asset objects unloaded after import = 2

========================================================================
Received Import Request.
  Time since last request: 0.000024 seconds.
  path: Assets/Props/set-of-stylized-beds/source/Beds/model/textures/Material__3.01_chest01.dds_albedo.jpg
  artifactKey: Guid(4013aa15af2f40c4590ab013fb2600e9) Importer(815301076,1909f56bfc062723c751e8b465ee728b)
Start importing Assets/Props/set-of-stylized-beds/source/Beds/model/textures/Material__3.01_chest01.dds_albedo.jpg using Guid(4013aa15af2f40c4590ab013fb2600e9) Importer(815301076,1909f56bfc062723c751e8b465ee728b) (PreviewImporter) -> (artifact id: 'ee4738ef61bab984a15ad2da566ef638') in 0.0245175 seconds
Number of updated asset objects reloaded before import = 0Number of asset objects unloaded after import = 2

========================================================================
Received Import Request.
  Time since last request: 0.000025 seconds.
  path: Assets/Props/set-of-stylized-beds/source/Beds/model/textures/Material__3_Bed04.dds_roughness.jpg
  artifactKey: Guid(9870f576c0f032b4ca5a22328383b630) Importer(815301076,1909f56bfc062723c751e8b465ee728b)
Start importing Assets/Props/set-of-stylized-beds/source/Beds/model/textures/Material__3_Bed04.dds_roughness.jpg using Guid(9870f576c0f032b4ca5a22328383b630) Importer(815301076,1909f56bfc062723c751e8b465ee728b) (PreviewImporter) -> (artifact id: '626489fe410eb36a0a5d092a7df6b4bb') in 0.0200922 seconds
Number of updated asset objects reloaded before import = 0Number of asset objects unloaded after import = 2

========================================================================
Received Import Request.
  Time since last request: 0.000018 seconds.
  path: Assets/Props/set-of-stylized-beds/source/Beds/model/textures/Material.00.00_bed05.dds_normal.png
  artifactKey: Guid(7a7700fe60affa54385a365d2d9aff62) Importer(815301076,1909f56bfc062723c751e8b465ee728b)
Start importing Assets/Props/set-of-stylized-beds/source/Beds/model/textures/Material.00.00_bed05.dds_normal.png using Guid(7a7700fe60affa54385a365d2d9aff62) Importer(815301076,1909f56bfc062723c751e8b465ee728b) (PreviewImporter) -> (artifact id: '8cf2b17a071c97086d177fc9ec96c011') in 0.0197832 seconds
Number of updated asset objects reloaded before import = 0Number of asset objects unloaded after import = 2

========================================================================
Received Import Request.
  Time since last request: 0.000019 seconds.
  path: Assets/Props/set-of-stylized-beds/source/Beds/model/textures/Material__3.00_Bed03.dds_normal.png
  artifactKey: Guid(b52b826b11b7b484498e60f6e8d77afd) Importer(815301076,1909f56bfc062723c751e8b465ee728b)
Start importing Assets/Props/set-of-stylized-beds/source/Beds/model/textures/Material__3.00_Bed03.dds_normal.png using Guid(b52b826b11b7b484498e60f6e8d77afd) Importer(815301076,1909f56bfc062723c751e8b465ee728b) (PreviewImporter) -> (artifact id: '793a8157a969106b7c627953a4f528b3') in 0.0237687 seconds
Number of updated asset objects reloaded before import = 0Number of asset objects unloaded after import = 2

========================================================================
Received Import Request.
  Time since last request: 0.000021 seconds.
  path: Assets/Props/set-of-stylized-beds/source/Beds/model/textures/Material__3_Bed04.dds_metallic.jpg
  artifactKey: Guid(1790de066ebd0034d9dddebea92caffa) Importer(815301076,1909f56bfc062723c751e8b465ee728b)
Start importing Assets/Props/set-of-stylized-beds/source/Beds/model/textures/Material__3_Bed04.dds_metallic.jpg using Guid(1790de066ebd0034d9dddebea92caffa) Importer(815301076,1909f56bfc062723c751e8b465ee728b) (PreviewImporter) -> (artifact id: 'fe44f0c4d1b5767b727e97991fad96c3') in 0.0097747 seconds
Number of updated asset objects reloaded before import = 0Number of asset objects unloaded after import = 2

========================================================================
Received Import Request.
  Time since last request: 0.000020 seconds.
  path: Assets/Props/set-of-stylized-beds/source/Beds/model/textures/Material.00_Bed01.dds_AO.jpg
  artifactKey: Guid(7bd1f834f77b64449a45e3089f2836e5) Importer(815301076,1909f56bfc062723c751e8b465ee728b)
Start importing Assets/Props/set-of-stylized-beds/source/Beds/model/textures/Material.00_Bed01.dds_AO.jpg using Guid(7bd1f834f77b64449a45e3089f2836e5) Importer(815301076,1909f56bfc062723c751e8b465ee728b) (PreviewImporter) -> (artifact id: '32ba1a17645f64eea600f7d47ed9122c') in 0.0174678 seconds
Number of updated asset objects reloaded before import = 0Number of asset objects unloaded after import = 2

========================================================================
Received Import Request.
  Time since last request: 0.000020 seconds.
  path: Assets/Props/set-of-stylized-beds/source/Beds/model/textures/Material.00_Bed01.dds_roughness.jpg
  artifactKey: Guid(22426577802cd5249a1ab324d2743328) Importer(815301076,1909f56bfc062723c751e8b465ee728b)
Start importing Assets/Props/set-of-stylized-beds/source/Beds/model/textures/Material.00_Bed01.dds_roughness.jpg using Guid(22426577802cd5249a1ab324d2743328) Importer(815301076,1909f56bfc062723c751e8b465ee728b) (PreviewImporter) -> (artifact id: '348de0be7846cbddbf6cd3d9fb141293') in 0.0197958 seconds
Number of updated asset objects reloaded before import = 0Number of asset objects unloaded after import = 2

========================================================================
Received Import Request.
  Time since last request: 0.000023 seconds.
  path: Assets/Props/set-of-stylized-beds/source/Beds/model/textures/Material.00_Bed01.dds_albedo.jpg
  artifactKey: Guid(6d771b3d256fb284ebab66541b498531) Importer(815301076,1909f56bfc062723c751e8b465ee728b)
Start importing Assets/Props/set-of-stylized-beds/source/Beds/model/textures/Material.00_Bed01.dds_albedo.jpg using Guid(6d771b3d256fb284ebab66541b498531) Importer(815301076,1909f56bfc062723c751e8b465ee728b) (PreviewImporter) -> (artifact id: 'dd652379a51f4cfcbe2b219640bd479c') in 0.0163592 seconds
Number of updated asset objects reloaded before import = 0Number of asset objects unloaded after import = 2

========================================================================
Received Import Request.
  Time since last request: 0.000039 seconds.
  path: Assets/Props/set-of-stylized-beds/source/Beds/model/textures/Material__3.02_chest02.dds_normal.png
  artifactKey: Guid(1265dc264ded29c47b920f1606681528) Importer(815301076,1909f56bfc062723c751e8b465ee728b)
Start importing Assets/Props/set-of-stylized-beds/source/Beds/model/textures/Material__3.02_chest02.dds_normal.png using Guid(1265dc264ded29c47b920f1606681528) Importer(815301076,1909f56bfc062723c751e8b465ee728b) (PreviewImporter) -> (artifact id: '8221998faa521d8dd04a2591a82ce888') in 0.0189836 seconds
Number of updated asset objects reloaded before import = 0Number of asset objects unloaded after import = 2

========================================================================
Received Import Request.
  Time since last request: 0.000026 seconds.
  path: Assets/Props/set-of-stylized-beds/source/Beds/model/textures/Material.00_Bed01.dds_normal.png
  artifactKey: Guid(c8e985f5f94c59f42981b53d9d7ab8ca) Importer(815301076,1909f56bfc062723c751e8b465ee728b)
Start importing Assets/Props/set-of-stylized-beds/source/Beds/model/textures/Material.00_Bed01.dds_normal.png using Guid(c8e985f5f94c59f42981b53d9d7ab8ca) Importer(815301076,1909f56bfc062723c751e8b465ee728b) (PreviewImporter) -> (artifact id: 'b7fd125325f65f8287c521fba0b4c2f2') in 0.0195615 seconds
Number of updated asset objects reloaded before import = 0Number of asset objects unloaded after import = 2

========================================================================
Received Import Request.
  Time since last request: 0.000029 seconds.
  path: Assets/Props/set-of-stylized-beds/source/Beds/model/textures/Material_Bed02.dds_metallic.jpg
  artifactKey: Guid(229910c02bd543d4c9b041f7b4dfa5fd) Importer(815301076,1909f56bfc062723c751e8b465ee728b)
Start importing Assets/Props/set-of-stylized-beds/source/Beds/model/textures/Material_Bed02.dds_metallic.jpg using Guid(229910c02bd543d4c9b041f7b4dfa5fd) Importer(815301076,1909f56bfc062723c751e8b465ee728b) (PreviewImporter) -> (artifact id: '1d398290acac87261e181a765ecdcec7') in 0.0073542 seconds
Number of updated asset objects reloaded before import = 0Number of asset objects unloaded after import = 2

========================================================================
Received Import Request.
  Time since last request: 0.000027 seconds.
  path: Assets/Props/set-of-stylized-beds/source/Beds/model/textures/Material__3.02_chest02.dds_AO.jpg
  artifactKey: Guid(9718a558fb307084393243effc37a690) Importer(815301076,1909f56bfc062723c751e8b465ee728b)
Start importing Assets/Props/set-of-stylized-beds/source/Beds/model/textures/Material__3.02_chest02.dds_AO.jpg using Guid(9718a558fb307084393243effc37a690) Importer(815301076,1909f56bfc062723c751e8b465ee728b) (PreviewImporter) -> (artifact id: '703c9b446cebac02e6ee261a9213f536') in 0.016128 seconds
Number of updated asset objects reloaded before import = 0Number of asset objects unloaded after import = 2

========================================================================
Received Import Request.
  Time since last request: 0.000033 seconds.
  path: Assets/Props/set-of-stylized-beds/source/Beds/model/textures/Material_Bed02.dds_normal.png
  artifactKey: Guid(6036b198a745acf45a8f6328f75cd254) Importer(815301076,1909f56bfc062723c751e8b465ee728b)
Start importing Assets/Props/set-of-stylized-beds/source/Beds/model/textures/Material_Bed02.dds_normal.png using Guid(6036b198a745acf45a8f6328f75cd254) Importer(815301076,1909f56bfc062723c751e8b465ee728b) (PreviewImporter) -> (artifact id: '25faf42552d3691bdc3f069e489ef87e') in 0.0198221 seconds
Number of updated asset objects reloaded before import = 0Number of asset objects unloaded after import = 2

========================================================================
Received Import Request.
  Time since last request: 0.000020 seconds.
  path: Assets/Props/set-of-stylized-beds/source/Beds/model/textures/Material__3.02_chest02.dds_albedo.jpg
  artifactKey: Guid(97d92c9654f21e04bbc5539faaf1ee59) Importer(815301076,1909f56bfc062723c751e8b465ee728b)
Start importing Assets/Props/set-of-stylized-beds/source/Beds/model/textures/Material__3.02_chest02.dds_albedo.jpg using Guid(97d92c9654f21e04bbc5539faaf1ee59) Importer(815301076,1909f56bfc062723c751e8b465ee728b) (PreviewImporter) -> (artifact id: 'de72a918f52adc46689b248743140b9f') in 0.0184351 seconds
Number of updated asset objects reloaded before import = 0Number of asset objects unloaded after import = 2

========================================================================
Received Import Request.
  Time since last request: 6.303888 seconds.
  path: Assets/Props/set-of-stylized-beds/textures/Material.00.00_bed05.dds_roughness.jpeg
  artifactKey: Guid(ba3b727a066f2f847b096313598d6b50) Importer(815301076,1909f56bfc062723c751e8b465ee728b)
Start importing Assets/Props/set-of-stylized-beds/textures/Material.00.00_bed05.dds_roughness.jpeg using Guid(ba3b727a066f2f847b096313598d6b50) Importer(815301076,1909f56bfc062723c751e8b465ee728b) (PreviewImporter) -> (artifact id: 'ee340f0143aedff5e14618caf585d4a6') in 0.0184179 seconds
Number of updated asset objects reloaded before import = 0Number of asset objects unloaded after import = 2

========================================================================
Received Import Request.
  Time since last request: 0.000030 seconds.
  path: Assets/Props/set-of-stylized-beds/textures/Material__3.02_chest02.dds_normal.png
  artifactKey: Guid(dfc9cfd01faf0d9439e4325b31ddfcb9) Importer(815301076,1909f56bfc062723c751e8b465ee728b)
Start importing Assets/Props/set-of-stylized-beds/textures/Material__3.02_chest02.dds_normal.png using Guid(dfc9cfd01faf0d9439e4325b31ddfcb9) Importer(815301076,1909f56bfc062723c751e8b465ee728b) (PreviewImporter) -> (artifact id: '211a7b02bf21174dfe28cfd672ea7223') in 0.0215858 seconds
Number of updated asset objects reloaded before import = 0Number of asset objects unloaded after import = 2

========================================================================
Received Import Request.
  Time since last request: 0.000020 seconds.
  path: Assets/Props/set-of-stylized-beds/textures/Material__3.00_Bed03.dds_normal.png
  artifactKey: Guid(3df756c0f17da1b4abb1c58bd1b7e9fc) Importer(815301076,1909f56bfc062723c751e8b465ee728b)
Start importing Assets/Props/set-of-stylized-beds/textures/Material__3.00_Bed03.dds_normal.png using Guid(3df756c0f17da1b4abb1c58bd1b7e9fc) Importer(815301076,1909f56bfc062723c751e8b465ee728b) (PreviewImporter) -> (artifact id: 'e29173b4d4141a6793e53971ff0d7c3d') in 0.0241436 seconds
Number of updated asset objects reloaded before import = 0Number of asset objects unloaded after import = 2

========================================================================
Received Import Request.
  Time since last request: 0.000018 seconds.
  path: Assets/Props/set-of-stylized-beds/textures/Material.00_Bed01.dds_roughness.jpeg
  artifactKey: Guid(042988ce37e6f4f44b7b47d11bead927) Importer(815301076,1909f56bfc062723c751e8b465ee728b)
Start importing Assets/Props/set-of-stylized-beds/textures/Material.00_Bed01.dds_roughness.jpeg using Guid(042988ce37e6f4f44b7b47d11bead927) Importer(815301076,1909f56bfc062723c751e8b465ee728b) (PreviewImporter) -> (artifact id: '9613c1e0ac442eedc2490e406dda1b62') in 0.0214748 seconds
Number of updated asset objects reloaded before import = 0Number of asset objects unloaded after import = 2

========================================================================
Received Import Request.
  Time since last request: 0.000029 seconds.
  path: Assets/Props/set-of-stylized-beds/textures/Material_Bed02.dds_metallic.jpeg
  artifactKey: Guid(14f706627316a2c42820608a566ece00) Importer(815301076,1909f56bfc062723c751e8b465ee728b)
Start importing Assets/Props/set-of-stylized-beds/textures/Material_Bed02.dds_metallic.jpeg using Guid(14f706627316a2c42820608a566ece00) Importer(815301076,1909f56bfc062723c751e8b465ee728b) (PreviewImporter) -> (artifact id: '247a3b04271adccd595b404c521221d1') in 0.0144608 seconds
Number of updated asset objects reloaded before import = 0Number of asset objects unloaded after import = 2

========================================================================
Received Import Request.
  Time since last request: 0.000019 seconds.
  path: Assets/Props/set-of-stylized-beds/textures/Material_Bed02.dds_normal.png
  artifactKey: Guid(d6ec5155ec27c09428dd9a912c42901b) Importer(815301076,1909f56bfc062723c751e8b465ee728b)
Start importing Assets/Props/set-of-stylized-beds/textures/Material_Bed02.dds_normal.png using Guid(d6ec5155ec27c09428dd9a912c42901b) Importer(815301076,1909f56bfc062723c751e8b465ee728b) (PreviewImporter) -> (artifact id: 'baa834d886d3dbba2457c91f55c1be9d') in 0.0317415 seconds
Number of updated asset objects reloaded before import = 0Number of asset objects unloaded after import = 2

Editor requested this worker to shutdown with reason: Scaling down because of idle timeout
AssetImportWorkerClient::OnTransportError - code=2 error=End of file
AssetImportWorker is now disconnected from the server
Process exiting
Exiting without the bug reporter. Application will terminate with return code 0