Using pre-set license
Built from '6000.0/staging' branch; Version is '6000.0.27f1 (27c554a2199c) revision 2606420'; Using compiler version '193933523'; Build Type 'Release'
OS: 'Windows 11  (10.0.26100) 64bit Core' Language: 'en' Physical Memory: 32496 MB
BatchMode: 1, IsHumanControllingUs: 0, StartBugReporterOnCrash: 0, Is64bit: 1, IsPro: 1

COMMAND LINE ARGUMENTS:
C:\Program Files\Unity\Hub\Editor\6000.0.27f1\Editor\Unity.exe
-adb2
-batchMode
-noUpm
-name
AssetImportWorker4
-projectPath
C:/Users/kprof/OneDrive/Desktop/NewMediaProject/ReverseRolesGame
-logFile
Logs/AssetImportWorker4.log
-srvPort
57261
-job-worker-count
15
-background-job-worker-count
8
-asset-garbage-collectors
1
Successfully changed project path to: C:/Users/kprof/OneDrive/Desktop/NewMediaProject/ReverseRolesGame
C:/Users/kprof/OneDrive/Desktop/NewMediaProject/ReverseRolesGame
[UnityMemory] Configuration Parameters - Can be set up in boot.config
    "memorysetup-bucket-allocator-granularity=16"
    "memorysetup-bucket-allocator-bucket-count=8"
    "memorysetup-bucket-allocator-block-size=33554432"
    "memorysetup-bucket-allocator-block-count=8"
    "memorysetup-main-allocator-block-size=16777216"
    "memorysetup-thread-allocator-block-size=16777216"
    "memorysetup-gfx-main-allocator-block-size=16777216"
    "memorysetup-gfx-thread-allocator-block-size=16777216"
    "memorysetup-cache-allocator-block-size=4194304"
    "memorysetup-typetree-allocator-block-size=2097152"
    "memorysetup-profiler-bucket-allocator-granularity=16"
    "memorysetup-profiler-bucket-allocator-bucket-count=8"
    "memorysetup-profiler-bucket-allocator-block-size=33554432"
    "memorysetup-profiler-bucket-allocator-block-count=8"
    "memorysetup-profiler-allocator-block-size=16777216"
    "memorysetup-profiler-editor-allocator-block-size=1048576"
    "memorysetup-temp-allocator-size-main=16777216"
    "memorysetup-job-temp-allocator-block-size=2097152"
    "memorysetup-job-temp-allocator-block-size-background=1048576"
    "memorysetup-job-temp-allocator-reduction-small-platforms=262144"
    "memorysetup-allocator-temp-initial-block-size-main=262144"
    "memorysetup-allocator-temp-initial-block-size-worker=262144"
    "memorysetup-temp-allocator-size-background-worker=32768"
    "memorysetup-temp-allocator-size-job-worker=262144"
    "memorysetup-temp-allocator-size-preload-manager=33554432"
    "memorysetup-temp-allocator-size-nav-mesh-worker=65536"
    "memorysetup-temp-allocator-size-audio-worker=65536"
    "memorysetup-temp-allocator-size-cloud-worker=32768"
    "memorysetup-temp-allocator-size-gi-baking-worker=262144"
    "memorysetup-temp-allocator-size-gi-baking-worker=262144"
    "memorysetup-temp-allocator-size-gi-baking-worker=262144"
    "memorysetup-temp-allocator-size-gi-baking-worker=262144"
    "memorysetup-temp-allocator-size-gi-baking-worker=262144"
    "memorysetup-temp-allocator-size-gfx=262144"
Player connection [16496]  Target information:

Player connection [16496]  * "[IP] 10.250.32.72 [Port] 0 [Flags] 2 [Guid] 325894389 [EditorId] 325894389 [Version] 1048832 [Id] WindowsEditor(7,WIN-K2P1ST5H3LU) [Debug] 1 [PackageName] WindowsEditor [ProjectName] Editor" 

Player connection [16496] Host joined multi-casting on [225.0.0.222:54997]...
Player connection [16496] Host joined alternative multi-casting on [225.0.0.222:34997]...
JobSystem: Creating JobQueue using job-worker-count value 15
[Physics::Module] Initialized fallback backend.
[Physics::Module] Id: 0xdecafbad
Library Redirect Path: Library/
[Physics::Module] Selected backend.
[Physics::Module] Name: PhysX
[Physics::Module] Id: 0xf2b8ea05
[Physics::Module] SDK Version: 4.1.2
[Physics::Module] Integration Version: 1.0.0
[Physics::Module] Threading Mode: Multi-Threaded
Refreshing native plugins compatible for Editor in 241.94 ms, found 3 plugins.
Preloading 0 native plugins for Editor in 0.00 ms.
Initialize engine version: 6000.0.27f1 (27c554a2199c)
[Subsystems] Discovering subsystems at path C:/Program Files/Unity/Hub/Editor/6000.0.27f1/Editor/Data/Resources/UnitySubsystems
[Subsystems] Discovering subsystems at path C:/Users/kprof/OneDrive/Desktop/NewMediaProject/ReverseRolesGame/Assets
GfxDevice: creating device client; kGfxThreadingModeNonThreaded
Direct3D:
    Version:  Direct3D 11.0 [level 11.1]
    Renderer: NVIDIA GeForce RTX 4070 Laptop GPU (ID=0x2820)
    Vendor:   NVIDIA
    VRAM:     7948 MB
    Driver:   32.0.15.6614
Initialize mono
Mono path[0] = 'C:/Program Files/Unity/Hub/Editor/6000.0.27f1/Editor/Data/Managed'
Mono path[1] = 'C:/Program Files/Unity/Hub/Editor/6000.0.27f1/Editor/Data/MonoBleedingEdge/lib/mono/unityjit-win32'
Mono config path = 'C:/Program Files/Unity/Hub/Editor/6000.0.27f1/Editor/Data/MonoBleedingEdge/etc'
Using monoOptions --debugger-agent=transport=dt_socket,embedding=1,server=y,suspend=n,address=127.0.0.1:56724
Begin MonoManager ReloadAssembly
Registering precompiled unity dll's ...
Register platform support module: C:/Program Files/Unity/Hub/Editor/6000.0.27f1/Editor/Data/PlaybackEngines/WebGLSupport/UnityEditor.WebGL.Extensions.dll
Register platform support module: C:/Program Files/Unity/Hub/Editor/6000.0.27f1/Editor/Data/PlaybackEngines/WindowsStandaloneSupport/UnityEditor.WindowsStandalone.Extensions.dll
Registered in 0.004497 seconds.
- Loaded All Assemblies, in  2.482 seconds
Native extension for WindowsStandalone target not found
Native extension for WebGL target not found
Mono: successfully reloaded assembly
- Finished resetting the current domain, in  0.246 seconds
Domain Reload Profiling: 2726ms
	BeginReloadAssembly (102ms)
		ExecutionOrderSort (0ms)
		DisableScriptedObjects (0ms)
		BackupInstance (0ms)
		ReleaseScriptingObjects (0ms)
		CreateAndSetChildDomain (1ms)
	RebuildCommonClasses (419ms)
	RebuildNativeTypeToScriptingClass (7ms)
	initialDomainReloadingComplete (37ms)
	LoadAllAssembliesAndSetupDomain (1916ms)
		LoadAssemblies (100ms)
		RebuildTransferFunctionScriptingTraits (0ms)
		AnalyzeDomain (1914ms)
			TypeCache.Refresh (1913ms)
				TypeCache.ScanAssembly (1903ms)
			BuildScriptInfoCaches (0ms)
			ResolveRequiredComponents (0ms)
	FinalizeReload (246ms)
		ReleaseScriptCaches (0ms)
		RebuildScriptCaches (0ms)
		SetupLoadedEditorAssemblies (218ms)
			LogAssemblyErrors (0ms)
			InitializePlatformSupportModulesInManaged (19ms)
			SetLoadedEditorAssemblies (3ms)
			BeforeProcessingInitializeOnLoad (5ms)
			ProcessInitializeOnLoadAttributes (149ms)
			ProcessInitializeOnLoadMethodAttributes (40ms)
			AfterProcessingInitializeOnLoad (2ms)
			EditorAssembliesLoaded (0ms)
		ExecutionOrderSort2 (0ms)
		AwakeInstancesAfterBackupRestoration (0ms)
========================================================================
Worker process is ready to serve import requests
Import Worker Mode flag is 0x00
Begin MonoManager ReloadAssembly
- Loaded All Assemblies, in  3.060 seconds
Refreshing native plugins compatible for Editor in 0.54 ms, found 3 plugins.
Native extension for WindowsStandalone target not found
Native extension for WebGL target not found
Mono: successfully reloaded assembly
- Finished resetting the current domain, in  1.000 seconds
Domain Reload Profiling: 4057ms
	BeginReloadAssembly (2478ms)
		ExecutionOrderSort (0ms)
		DisableScriptedObjects (4ms)
		BackupInstance (0ms)
		ReleaseScriptingObjects (0ms)
		CreateAndSetChildDomain (22ms)
	RebuildCommonClasses (23ms)
	RebuildNativeTypeToScriptingClass (7ms)
	initialDomainReloadingComplete (28ms)
	LoadAllAssembliesAndSetupDomain (522ms)
		LoadAssemblies (283ms)
		RebuildTransferFunctionScriptingTraits (0ms)
		AnalyzeDomain (307ms)
			TypeCache.Refresh (245ms)
				TypeCache.ScanAssembly (109ms)
			BuildScriptInfoCaches (53ms)
			ResolveRequiredComponents (7ms)
	FinalizeReload (1000ms)
		ReleaseScriptCaches (0ms)
		RebuildScriptCaches (0ms)
		SetupLoadedEditorAssemblies (464ms)
			LogAssemblyErrors (0ms)
			InitializePlatformSupportModulesInManaged (2ms)
			SetLoadedEditorAssemblies (3ms)
			BeforeProcessingInitializeOnLoad (43ms)
			ProcessInitializeOnLoadAttributes (354ms)
			ProcessInitializeOnLoadMethodAttributes (56ms)
			AfterProcessingInitializeOnLoad (5ms)
			EditorAssembliesLoaded (0ms)
		ExecutionOrderSort2 (0ms)
		AwakeInstancesAfterBackupRestoration (4ms)
Launched and connected shader compiler UnityShaderCompiler.exe after 0.01 seconds
Refreshing native plugins compatible for Editor in 2.26 ms, found 3 plugins.
Preloading 0 native plugins for Editor in 0.00 ms.
Unloading 215 Unused Serialized files (Serialized files now loaded: 0)
Unloading 5964 unused Assets / (4.1 MB). Loaded Objects now: 6764.
Memory consumption went from 201.7 MB to 197.6 MB.
Total: 12.703700 ms (FindLiveObjects: 0.845500 ms CreateObjectMapping: 0.715600 ms MarkObjects: 7.800500 ms  DeleteObjects: 3.335900 ms)

========================================================================
Received Import Request.
  Time since last request: 173486.945745 seconds.
  path: Assets/Props/Prefabs/EmaceArt/Slavic World Free/Prefabs/Fence/rockDesk
  artifactKey: Guid(509695c270f9d8e499c33676a662b9f5) Importer(815301076,1909f56bfc062723c751e8b465ee728b)
Start importing Assets/Props/Prefabs/EmaceArt/Slavic World Free/Prefabs/Fence/rockDesk using Guid(509695c270f9d8e499c33676a662b9f5) Importer(815301076,1909f56bfc062723c751e8b465ee728b) (PreviewImporter) -> (artifact id: '532f3e99ebe7ce0619b40f38333ba214') in 0.0080416 seconds
Number of updated asset objects reloaded before import = 0Number of asset objects unloaded after import = 0

========================================================================
Received Import Request.
  Time since last request: 0.051698 seconds.
  path: Assets/Props/Prefabs/EmaceArt/Slavic World Free/Prefabs/Fence/rockDesk/EA03_Fence_rockDesk_01g_PRE.prefab
  artifactKey: Guid(91cecf15f3868ee46b6dcda0eae33237) Importer(815301076,1909f56bfc062723c751e8b465ee728b)
Start importing Assets/Props/Prefabs/EmaceArt/Slavic World Free/Prefabs/Fence/rockDesk/EA03_Fence_rockDesk_01g_PRE.prefab using Guid(91cecf15f3868ee46b6dcda0eae33237) Importer(815301076,1909f56bfc062723c751e8b465ee728b) (PreviewImporter) -> (artifact id: '766e2a659c8ac227db9b033c4e132649') in 0.3375462 seconds
Number of updated asset objects reloaded before import = 0Number of asset objects unloaded after import = 23

========================================================================
Received Import Request.
  Time since last request: 2.669987 seconds.
  path: Assets/Props/Prefabs/EmaceArt/Slavic World Free/Prefabs/Fence/RockGate
  artifactKey: Guid(b149c9584acfdb0449bf93455e5145ff) Importer(815301076,1909f56bfc062723c751e8b465ee728b)
Start importing Assets/Props/Prefabs/EmaceArt/Slavic World Free/Prefabs/Fence/RockGate using Guid(b149c9584acfdb0449bf93455e5145ff) Importer(815301076,1909f56bfc062723c751e8b465ee728b) (PreviewImporter) -> (artifact id: '36cd3fb2de22c6ac76e74a1b0810d472') in 0.0005217 seconds
Number of updated asset objects reloaded before import = 0Number of asset objects unloaded after import = 0

========================================================================
Received Import Request.
  Time since last request: 0.054008 seconds.
  path: Assets/Props/Prefabs/EmaceArt/Slavic World Free/Prefabs/Fence/RockGate/EA03_Fence_RockGate_01a_PRE.prefab
  artifactKey: Guid(e784bd578603723449792fd7a2e8a9e3) Importer(815301076,1909f56bfc062723c751e8b465ee728b)
Start importing Assets/Props/Prefabs/EmaceArt/Slavic World Free/Prefabs/Fence/RockGate/EA03_Fence_RockGate_01a_PRE.prefab using Guid(e784bd578603723449792fd7a2e8a9e3) Importer(815301076,1909f56bfc062723c751e8b465ee728b) (PreviewImporter) -> (artifact id: '290f3c14b726044f2ffe118318bd6be6') in 0.036344 seconds
Number of updated asset objects reloaded before import = 0Number of asset objects unloaded after import = 24

========================================================================
Received Import Request.
  Time since last request: 1.603233 seconds.
  path: Assets/Props/Prefabs/EmaceArt/Slavic World Free/Prefabs/Fence/SolidBeam
  artifactKey: Guid(d9f1f0bd99adc264bb00d4de94c7773f) Importer(815301076,1909f56bfc062723c751e8b465ee728b)
Start importing Assets/Props/Prefabs/EmaceArt/Slavic World Free/Prefabs/Fence/SolidBeam using Guid(d9f1f0bd99adc264bb00d4de94c7773f) Importer(815301076,1909f56bfc062723c751e8b465ee728b) (PreviewImporter) -> (artifact id: '1cb15e4756fe291a28b053e6a561bae0') in 0.0007064 seconds
Number of updated asset objects reloaded before import = 0Number of asset objects unloaded after import = 0

========================================================================
Received Import Request.
  Time since last request: 0.057456 seconds.
  path: Assets/Props/Prefabs/EmaceArt/Slavic World Free/Prefabs/Fence/SolidBeam/EA03_Fence_SolidBeam_End_01a_PRE.prefab
  artifactKey: Guid(79cad5937d8edaa44ab7fd55a6d9a879) Importer(815301076,1909f56bfc062723c751e8b465ee728b)
Start importing Assets/Props/Prefabs/EmaceArt/Slavic World Free/Prefabs/Fence/SolidBeam/EA03_Fence_SolidBeam_End_01a_PRE.prefab using Guid(79cad5937d8edaa44ab7fd55a6d9a879) Importer(815301076,1909f56bfc062723c751e8b465ee728b) (PreviewImporter) -> (artifact id: '5d5db6f4d4b5a573e2ff627def10545f') in 0.0392831 seconds
Number of updated asset objects reloaded before import = 0Number of asset objects unloaded after import = 24

========================================================================
Received Import Request.
  Time since last request: 1.193744 seconds.
  path: Assets/Props/Prefabs/EmaceArt/Slavic World Free/Prefabs/Fence/VegetablePatch
  artifactKey: Guid(14f06e5a49f03f6459ff2084114b1d47) Importer(815301076,1909f56bfc062723c751e8b465ee728b)
Start importing Assets/Props/Prefabs/EmaceArt/Slavic World Free/Prefabs/Fence/VegetablePatch using Guid(14f06e5a49f03f6459ff2084114b1d47) Importer(815301076,1909f56bfc062723c751e8b465ee728b) (PreviewImporter) -> (artifact id: '170be92f5bfe38fbb6afdbd00828adcf') in 0.0005414 seconds
Number of updated asset objects reloaded before import = 0Number of asset objects unloaded after import = 0

========================================================================
Received Import Request.
  Time since last request: 0.070893 seconds.
  path: Assets/Props/Prefabs/EmaceArt/Slavic World Free/Prefabs/Fence/VegetablePatch/EA03_Fence_VegetablePatch_02a_PRE.prefab
  artifactKey: Guid(d661d441d8bd09e46829dbcd7dd65747) Importer(815301076,1909f56bfc062723c751e8b465ee728b)
Start importing Assets/Props/Prefabs/EmaceArt/Slavic World Free/Prefabs/Fence/VegetablePatch/EA03_Fence_VegetablePatch_02a_PRE.prefab using Guid(d661d441d8bd09e46829dbcd7dd65747) Importer(815301076,1909f56bfc062723c751e8b465ee728b) (PreviewImporter) -> (artifact id: '37349e431ff6bd4e58db09649fa01593') in 0.0368732 seconds
Number of updated asset objects reloaded before import = 0Number of asset objects unloaded after import = 23

========================================================================
Received Import Request.
  Time since last request: 1.641422 seconds.
  path: Assets/Props/Prefabs/EmaceArt/Slavic World Free/Prefabs/Fence/Wall
  artifactKey: Guid(a7ae286d408f3a247802c644aab17993) Importer(815301076,1909f56bfc062723c751e8b465ee728b)
Start importing Assets/Props/Prefabs/EmaceArt/Slavic World Free/Prefabs/Fence/Wall using Guid(a7ae286d408f3a247802c644aab17993) Importer(815301076,1909f56bfc062723c751e8b465ee728b) (PreviewImporter) -> (artifact id: '7331db1d63c5367e67d820d947417ea5') in 0.0046639 seconds
Number of updated asset objects reloaded before import = 0Number of asset objects unloaded after import = 0

========================================================================
Received Import Request.
  Time since last request: 0.063663 seconds.
  path: Assets/Props/Prefabs/EmaceArt/Slavic World Free/Prefabs/Fence/Wall/EA03_Fence_Wall_01b_PRE.prefab
  artifactKey: Guid(122f3eba98db0954fb782e8beba20030) Importer(815301076,1909f56bfc062723c751e8b465ee728b)
Start importing Assets/Props/Prefabs/EmaceArt/Slavic World Free/Prefabs/Fence/Wall/EA03_Fence_Wall_01b_PRE.prefab using Guid(122f3eba98db0954fb782e8beba20030) Importer(815301076,1909f56bfc062723c751e8b465ee728b) (PreviewImporter) -> (artifact id: '82ca6b5e2b5adc512d6e29b824acc3fd') in 0.0389643 seconds
Number of updated asset objects reloaded before import = 0Number of asset objects unloaded after import = 25

========================================================================
Received Import Request.
  Time since last request: 0.000021 seconds.
  path: Assets/Props/Prefabs/EmaceArt/Slavic World Free/Prefabs/Fence/Wall/EA03_Fence_WallGate_01a_PRE.prefab
  artifactKey: Guid(a6fc57c8e1ca6d644b9befadd181a591) Importer(815301076,1909f56bfc062723c751e8b465ee728b)
Start importing Assets/Props/Prefabs/EmaceArt/Slavic World Free/Prefabs/Fence/Wall/EA03_Fence_WallGate_01a_PRE.prefab using Guid(a6fc57c8e1ca6d644b9befadd181a591) Importer(815301076,1909f56bfc062723c751e8b465ee728b) (PreviewImporter) -> (artifact id: '35bd8d22741e532cac1366fc37196824') in 0.038 seconds
Number of updated asset objects reloaded before import = 0Number of asset objects unloaded after import = 30

========================================================================
Received Import Request.
  Time since last request: 121.591368 seconds.
  path: Assets/Props/Prefabs/EmaceArt/Slavic World Free/Resources/LOD3/EA03_Nature_Tree_02c.fbx
  artifactKey: Guid(7286095c26dbec849aa5a875a7972ca9) Importer(815301076,1909f56bfc062723c751e8b465ee728b)
Start importing Assets/Props/Prefabs/EmaceArt/Slavic World Free/Resources/LOD3/EA03_Nature_Tree_02c.fbx using Guid(7286095c26dbec849aa5a875a7972ca9) Importer(815301076,1909f56bfc062723c751e8b465ee728b) (PreviewImporter) -> (artifact id: '6ef0680b7c5ef7619d87e69fd7521f83') in 0.0971232 seconds
Number of updated asset objects reloaded before import = 0Number of asset objects unloaded after import = 21

========================================================================
Received Import Request.
  Time since last request: 0.000022 seconds.
  path: Assets/Props/Prefabs/EmaceArt/Slavic World Free/Resources/LOD3/EA03_Prop_Container_Crate_03a.fbx
  artifactKey: Guid(bc95e47ba4b19a24db9583856173a412) Importer(815301076,1909f56bfc062723c751e8b465ee728b)
Start importing Assets/Props/Prefabs/EmaceArt/Slavic World Free/Resources/LOD3/EA03_Prop_Container_Crate_03a.fbx using Guid(bc95e47ba4b19a24db9583856173a412) Importer(815301076,1909f56bfc062723c751e8b465ee728b) (PreviewImporter) -> (artifact id: '0453a058285bfb871fc8270a0ce90d7b') in 0.0846807 seconds
Number of updated asset objects reloaded before import = 0Number of asset objects unloaded after import = 21

========================================================================
Received Import Request.
  Time since last request: 0.000023 seconds.
  path: Assets/Props/Prefabs/EmaceArt/Slavic World Free/Resources/LOD3/EA03_Prop_House_Shelf_01a.fbx
  artifactKey: Guid(fb814a59022e8554e86bcd2ce8087540) Importer(815301076,1909f56bfc062723c751e8b465ee728b)
Start importing Assets/Props/Prefabs/EmaceArt/Slavic World Free/Resources/LOD3/EA03_Prop_House_Shelf_01a.fbx using Guid(fb814a59022e8554e86bcd2ce8087540) Importer(815301076,1909f56bfc062723c751e8b465ee728b) (PreviewImporter) -> (artifact id: '0e796333c3a0ee57aa80606d712e191c') in 0.0618779 seconds
Number of updated asset objects reloaded before import = 0Number of asset objects unloaded after import = 21

========================================================================
Received Import Request.
  Time since last request: 0.000089 seconds.
  path: Assets/Props/Prefabs/EmaceArt/Slavic World Free/Resources/LOD3/EA03_Prop_Container_Basket_03a.fbx
  artifactKey: Guid(36d03d6d713b9eb42b9dc68d1f4d1e80) Importer(815301076,1909f56bfc062723c751e8b465ee728b)
Start importing Assets/Props/Prefabs/EmaceArt/Slavic World Free/Resources/LOD3/EA03_Prop_Container_Basket_03a.fbx using Guid(36d03d6d713b9eb42b9dc68d1f4d1e80) Importer(815301076,1909f56bfc062723c751e8b465ee728b) (PreviewImporter) -> (artifact id: '693935995e19ed3b3a1f5620f4b1f468') in 0.0433839 seconds
Number of updated asset objects reloaded before import = 0Number of asset objects unloaded after import = 21

========================================================================
Received Import Request.
  Time since last request: 0.000023 seconds.
  path: Assets/Props/Prefabs/EmaceArt/Slavic World Free/Resources/LOD3/EA03_Prop_House_Door_01b.fbx
  artifactKey: Guid(b9652a66601e29a4c9a3b3195770dd85) Importer(815301076,1909f56bfc062723c751e8b465ee728b)
Start importing Assets/Props/Prefabs/EmaceArt/Slavic World Free/Resources/LOD3/EA03_Prop_House_Door_01b.fbx using Guid(b9652a66601e29a4c9a3b3195770dd85) Importer(815301076,1909f56bfc062723c751e8b465ee728b) (PreviewImporter) -> (artifact id: 'd685473aadd3636b434010fa19cfde4c') in 0.0415774 seconds
Number of updated asset objects reloaded before import = 0Number of asset objects unloaded after import = 21

========================================================================
Received Import Request.
  Time since last request: 0.000039 seconds.
  path: Assets/Props/Prefabs/EmaceArt/Slavic World Free/Resources/LOD3/EA03_Prop_House_Shelf_01c.fbx
  artifactKey: Guid(fefb188aa51cd2247ac69d79ad42b63d) Importer(815301076,1909f56bfc062723c751e8b465ee728b)
Start importing Assets/Props/Prefabs/EmaceArt/Slavic World Free/Resources/LOD3/EA03_Prop_House_Shelf_01c.fbx using Guid(fefb188aa51cd2247ac69d79ad42b63d) Importer(815301076,1909f56bfc062723c751e8b465ee728b) (PreviewImporter) -> (artifact id: 'c1a909dceae3c693fb7861535fd70520') in 0.0407478 seconds
Number of updated asset objects reloaded before import = 0Number of asset objects unloaded after import = 21

========================================================================
Received Import Request.
  Time since last request: 0.000022 seconds.
  path: Assets/Props/Prefabs/EmaceArt/Slavic World Free/Resources/LOD3/EA03_Plant_Grass_01c.fbx
  artifactKey: Guid(09fd99c250bbf3b43b2f4f2e5ab0642f) Importer(815301076,1909f56bfc062723c751e8b465ee728b)
Start importing Assets/Props/Prefabs/EmaceArt/Slavic World Free/Resources/LOD3/EA03_Plant_Grass_01c.fbx using Guid(09fd99c250bbf3b43b2f4f2e5ab0642f) Importer(815301076,1909f56bfc062723c751e8b465ee728b) (PreviewImporter) -> (artifact id: '8760bc32796c6b7deb967fe038d25f02') in 0.0374837 seconds
Number of updated asset objects reloaded before import = 0Number of asset objects unloaded after import = 21

========================================================================
Received Import Request.
  Time since last request: 0.000024 seconds.
  path: Assets/Props/Prefabs/EmaceArt/Slavic World Free/Resources/LOD3/EA03_Nature_Tree_06b.fbx
  artifactKey: Guid(2a1270078acdb914ab779a3bde9f983c) Importer(815301076,1909f56bfc062723c751e8b465ee728b)
Start importing Assets/Props/Prefabs/EmaceArt/Slavic World Free/Resources/LOD3/EA03_Nature_Tree_06b.fbx using Guid(2a1270078acdb914ab779a3bde9f983c) Importer(815301076,1909f56bfc062723c751e8b465ee728b) (PreviewImporter) -> (artifact id: 'd6844bc80b8aae9dc390407bc1581c8e') in 0.0363146 seconds
Number of updated asset objects reloaded before import = 0Number of asset objects unloaded after import = 21

========================================================================
Received Import Request.
  Time since last request: 0.000037 seconds.
  path: Assets/Props/Prefabs/EmaceArt/Slavic World Free/Resources/LOD3/EA03_Nature_TrunkPlant_01b.fbx
  artifactKey: Guid(8a575c0b25c3077419b76948ba1a2692) Importer(815301076,1909f56bfc062723c751e8b465ee728b)
Start importing Assets/Props/Prefabs/EmaceArt/Slavic World Free/Resources/LOD3/EA03_Nature_TrunkPlant_01b.fbx using Guid(8a575c0b25c3077419b76948ba1a2692) Importer(815301076,1909f56bfc062723c751e8b465ee728b) (PreviewImporter) -> (artifact id: '52b950b8edbd788e39f3a7a304157759') in 0.0489043 seconds
Number of updated asset objects reloaded before import = 0Number of asset objects unloaded after import = 21

========================================================================
Received Import Request.
  Time since last request: 0.000026 seconds.
  path: Assets/Props/Prefabs/EmaceArt/Slavic World Free/Resources/LOD3/EA03_Prop_Container_Basket_01a.fbx
  artifactKey: Guid(31705d47a8a190a42a2ebd3d27b7f5e5) Importer(815301076,1909f56bfc062723c751e8b465ee728b)
Start importing Assets/Props/Prefabs/EmaceArt/Slavic World Free/Resources/LOD3/EA03_Prop_Container_Basket_01a.fbx using Guid(31705d47a8a190a42a2ebd3d27b7f5e5) Importer(815301076,1909f56bfc062723c751e8b465ee728b) (PreviewImporter) -> (artifact id: '671988d4db5ec7e2a67d2c070e6dbedb') in 0.0501356 seconds
Number of updated asset objects reloaded before import = 0Number of asset objects unloaded after import = 21

========================================================================
Received Import Request.
  Time since last request: 0.000021 seconds.
  path: Assets/Props/Prefabs/EmaceArt/Slavic World Free/Resources/LOD3/EA03_Prop_Container_Bag_02a.fbx
  artifactKey: Guid(a018acf8aa42612409be67810b627e4c) Importer(815301076,1909f56bfc062723c751e8b465ee728b)
Start importing Assets/Props/Prefabs/EmaceArt/Slavic World Free/Resources/LOD3/EA03_Prop_Container_Bag_02a.fbx using Guid(a018acf8aa42612409be67810b627e4c) Importer(815301076,1909f56bfc062723c751e8b465ee728b) (PreviewImporter) -> (artifact id: '1271bf7d6eb3b1b9d8e9a81924eaafdd') in 0.0470401 seconds
Number of updated asset objects reloaded before import = 0Number of asset objects unloaded after import = 21

========================================================================
Received Import Request.
  Time since last request: 0.000037 seconds.
  path: Assets/Props/Prefabs/EmaceArt/Slavic World Free/Resources/LOD3/EA03_Prop_Forester_wooden_01d.fbx
  artifactKey: Guid(d9dfdee99a6a7834292c848b8682da8e) Importer(815301076,1909f56bfc062723c751e8b465ee728b)
Start importing Assets/Props/Prefabs/EmaceArt/Slavic World Free/Resources/LOD3/EA03_Prop_Forester_wooden_01d.fbx using Guid(d9dfdee99a6a7834292c848b8682da8e) Importer(815301076,1909f56bfc062723c751e8b465ee728b) (PreviewImporter) -> (artifact id: '0971573e04f17c9b2960e3bc70ee45d7') in 0.0488127 seconds
Number of updated asset objects reloaded before import = 0Number of asset objects unloaded after import = 21

========================================================================
Received Import Request.
  Time since last request: 0.000048 seconds.
  path: Assets/Props/Prefabs/EmaceArt/Slavic World Free/Resources/LOD3/EA03_Prop_Container_Barrel_01d.fbx
  artifactKey: Guid(7764483340bf24949af7c09f03fe50d0) Importer(815301076,1909f56bfc062723c751e8b465ee728b)
Start importing Assets/Props/Prefabs/EmaceArt/Slavic World Free/Resources/LOD3/EA03_Prop_Container_Barrel_01d.fbx using Guid(7764483340bf24949af7c09f03fe50d0) Importer(815301076,1909f56bfc062723c751e8b465ee728b) (PreviewImporter) -> (artifact id: '99324c30ca98a8b8f8b569e197a39063') in 0.0447749 seconds
Number of updated asset objects reloaded before import = 0Number of asset objects unloaded after import = 21

========================================================================
Received Import Request.
  Time since last request: 0.000024 seconds.
  path: Assets/Props/Prefabs/EmaceArt/Slavic World Free/Resources/LOD3/EA03_Prop_Container_Crate_02a.fbx
  artifactKey: Guid(ebce493bda9473e4e9895e76b409a2d5) Importer(815301076,1909f56bfc062723c751e8b465ee728b)
Start importing Assets/Props/Prefabs/EmaceArt/Slavic World Free/Resources/LOD3/EA03_Prop_Container_Crate_02a.fbx using Guid(ebce493bda9473e4e9895e76b409a2d5) Importer(815301076,1909f56bfc062723c751e8b465ee728b) (PreviewImporter) -> (artifact id: '6a2301c5ff0819d8f4c1f9b0851880f2') in 0.045837 seconds
Number of updated asset objects reloaded before import = 0Number of asset objects unloaded after import = 21

========================================================================
Received Import Request.
  Time since last request: 0.000021 seconds.
  path: Assets/Props/Prefabs/EmaceArt/Slavic World Free/Resources/LOD3/EA03_Prop_House_Shelf_02c.fbx
  artifactKey: Guid(d5c62c647c224aa48b7726a6d4a8afdf) Importer(815301076,1909f56bfc062723c751e8b465ee728b)
Start importing Assets/Props/Prefabs/EmaceArt/Slavic World Free/Resources/LOD3/EA03_Prop_House_Shelf_02c.fbx using Guid(d5c62c647c224aa48b7726a6d4a8afdf) Importer(815301076,1909f56bfc062723c751e8b465ee728b) (PreviewImporter) -> (artifact id: 'cc97af89452a15017706b1e6e88bb1b6') in 0.0406532 seconds
Number of updated asset objects reloaded before import = 0Number of asset objects unloaded after import = 21

========================================================================
Received Import Request.
  Time since last request: 0.000028 seconds.
  path: Assets/Props/Prefabs/EmaceArt/Slavic World Free/Resources/LOD3/EA03_Nature_Tree_05a.fbx
  artifactKey: Guid(f5f76ccdfb5475149bc5298d2b842a34) Importer(815301076,1909f56bfc062723c751e8b465ee728b)
Start importing Assets/Props/Prefabs/EmaceArt/Slavic World Free/Resources/LOD3/EA03_Nature_Tree_05a.fbx using Guid(f5f76ccdfb5475149bc5298d2b842a34) Importer(815301076,1909f56bfc062723c751e8b465ee728b) (PreviewImporter) -> (artifact id: '302be82a762627b113377a55f3190349') in 0.0623308 seconds
Number of updated asset objects reloaded before import = 0Number of asset objects unloaded after import = 21

========================================================================
Received Import Request.
  Time since last request: 0.000035 seconds.
  path: Assets/Props/Prefabs/EmaceArt/Slavic World Free/Resources/LOD3/EA03_Prop_Forester_CutOutTrees_03.fbx
  artifactKey: Guid(d6bf3b4fc8215044b9bb595589ac850c) Importer(815301076,1909f56bfc062723c751e8b465ee728b)
Start importing Assets/Props/Prefabs/EmaceArt/Slavic World Free/Resources/LOD3/EA03_Prop_Forester_CutOutTrees_03.fbx using Guid(d6bf3b4fc8215044b9bb595589ac850c) Importer(815301076,1909f56bfc062723c751e8b465ee728b) (PreviewImporter) -> (artifact id: '49ff652a1aa4163b7501c9045b44bdd5') in 0.0625184 seconds
Number of updated asset objects reloaded before import = 0Number of asset objects unloaded after import = 21

========================================================================
Received Import Request.
  Time since last request: 0.000025 seconds.
  path: Assets/Props/Prefabs/EmaceArt/Slavic World Free/Resources/LOD3/EA03_Prop_House_Shutter_01c.fbx
  artifactKey: Guid(f49e25a3b35dc5141a32b754e00fd088) Importer(815301076,1909f56bfc062723c751e8b465ee728b)
Start importing Assets/Props/Prefabs/EmaceArt/Slavic World Free/Resources/LOD3/EA03_Prop_House_Shutter_01c.fbx using Guid(f49e25a3b35dc5141a32b754e00fd088) Importer(815301076,1909f56bfc062723c751e8b465ee728b) (PreviewImporter) -> (artifact id: '636d3a9df2ed6748486c5dd19eabe9df') in 0.0569889 seconds
Number of updated asset objects reloaded before import = 0Number of asset objects unloaded after import = 21

========================================================================
Received Import Request.
  Time since last request: 0.000035 seconds.
  path: Assets/Props/Prefabs/EmaceArt/Slavic World Free/Resources/LOD3/EA03_Prop_House_Bolt_01a.fbx
  artifactKey: Guid(7f9a60a57f050714eae82709525a7f11) Importer(815301076,1909f56bfc062723c751e8b465ee728b)
Start importing Assets/Props/Prefabs/EmaceArt/Slavic World Free/Resources/LOD3/EA03_Prop_House_Bolt_01a.fbx using Guid(7f9a60a57f050714eae82709525a7f11) Importer(815301076,1909f56bfc062723c751e8b465ee728b) (PreviewImporter) -> (artifact id: '2f1a63043602d1aff5a4d501c5580737') in 0.0436227 seconds
Number of updated asset objects reloaded before import = 0Number of asset objects unloaded after import = 21

========================================================================
Received Import Request.
  Time since last request: 0.000023 seconds.
  path: Assets/Props/Prefabs/EmaceArt/Slavic World Free/Resources/LOD3/EA03_Prop_House_Stove_01b.fbx
  artifactKey: Guid(e64ea82d588c49545958c888183be02d) Importer(815301076,1909f56bfc062723c751e8b465ee728b)
Start importing Assets/Props/Prefabs/EmaceArt/Slavic World Free/Resources/LOD3/EA03_Prop_House_Stove_01b.fbx using Guid(e64ea82d588c49545958c888183be02d) Importer(815301076,1909f56bfc062723c751e8b465ee728b) (PreviewImporter) -> (artifact id: '9902db4487bd35acff2c6c81f608af9d') in 0.0432668 seconds
Number of updated asset objects reloaded before import = 0Number of asset objects unloaded after import = 21

Editor requested this worker to shutdown with reason: Scaling down because of idle timeout
AssetImportWorker is now disconnected from the server
Process exiting
Exiting without the bug reporter. Application will terminate with return code 0